User: DESKTOP-3HO80GL\user
Session ID: 1
Source Network Address: LOCAL","24","0",,"4","0","0","1152921504606846976","664","Microsoft-Windows-TerminalServices-LocalSessionManager","5d896912-022d-40aa-a3a8-4fa5515c76d7","Microsoft-Windows-TerminalServices-LocalSessionManager/Operational","1208","1584","DESKTOP-3HO80GL","S-1-5-18","7/30/2024 6:32:27 PM",,,"Microsoft-Windows-TerminalServices-LocalSessionManager/Operational","System.UInt32[]","System.Diagnostics.Eventing.Reader.EventBookmark","Information","Info",,"System.Collections.ObjectModel.ReadOnlyCollection`1[System.String]","System.Collections.Generic.List`1[System.Diagnostics.Eventing.Reader.EventProperty]"
"Session 2 has been disconnected, reason code 11","40","0",,"4","0","0","1152921504606846976","663","Microsoft-Windows-TerminalServices-LocalSessionManager","5d896912-022d-40aa-a3a8-4fa5515c76d7","Microsoft-Windows-TerminalServices-LocalSessionManager/Operational","1208","2876","DESKTOP-3HO80GL","S-1-5-18","7/30/2024 6:32:27 PM",,,"Microsoft-Windows-TerminalServices-LocalSessionManager/Operational","System.UInt32[]","System.Diagnostics.Eventing.Reader.EventBookmark","Information","Info",,"System.Collections.ObjectModel.ReadOnlyCollection`1[System.String]","System.Collections.Generic.List`1[System.Diagnostics.Eventing.Reader.EventProperty]"
"Session 1 has been disconnected, reason code 11","40","0",,"4","0","0","1152921504606846976","662","Microsoft-Windows-TerminalServices-LocalSessionManager","5d896912-022d-40aa-a3a8-4fa5515c76d7","Microsoft-Windows-TerminalServices-LocalSessionManager/Operational","1208","1584","DESKTOP-3HO80GL","S-1-5-18","7/30/2024 6:32:27 PM",,,"Microsoft-Windows-TerminalServices-LocalSessionManager/Operational","System.UInt32[]","System.Diagnostics.Eventing.Reader.EventBookmark","Information","Info",,"System.Collections.ObjectModel.ReadOnlyCollection`1[System.String]","System.Collections.Generic.List`1[System.Diagnostics.Eventing.Reader.EventProperty]"
"Session 1 has been disconnected by session 1","39","0",,"4","0","0","1152921504606846976","661","Microsoft-Windows-TerminalServices-LocalSessionManager","5d896912-022d-40aa-a3a8-4fa5515c76d7","Microsoft-Windows-TerminalServices-LocalSessionManager/Operational","1208","1584","DESKTOP-3HO80GL","S-1-5-18","7/30/2024 6:32:27 PM",,,"Microsoft-Windows-TerminalServices-LocalSessionManager/Operational","System.UInt32[]","System.Diagnostics.Eventing.Reader.EventBookmark","Information","Info",,"System.Collections.ObjectModel.ReadOnlyCollection`1[System.String]","System.Collections.Generic.List`1[System.Diagnostics.Eventing.Reader.EventProperty]"
"Remote Desktop Services: Session logoff succeeded:

User: DESKTOP-3HO80GL\user
Session ID: 1","23","0",,"4","0","0","1152921504606846976","660","Microsoft-Windows-TerminalServices-LocalSessionManager","5d896912-022d-40aa-a3a8-4fa5515c76d7","Microsoft-Windows-TerminalServices-LocalSessionManager/Operational","1208","6984","DESKTOP-3HO80GL","S-1-5-18","7/30/2024 6:32:27 PM","61a55000-55e5-1017-0000-000000000000",,"Microsoft-Windows-TerminalServices-LocalSessionManager/Operational","System.UInt32[]","System.Diagnostics.Eventing.Reader.EventBookmark","Information","Info",,"System.Collections.ObjectModel.ReadOnlyCollection`1[System.String]","System.Collections.Generic.List`1[System.Diagnostics.Eventing.Reader.EventProperty]"
"Remote Desktop Services: Shell start notification received:

User: DESKTOP-3HO80GL\user
Session ID: 1
Source Network Address: LOCAL","22","0",,"4","0","0","1152921504606846976","659","Microsoft-Windows-TerminalServices-LocalSessionManager","5d896912-022d-40aa-a3a8-4fa5515c76d7","Microsoft-Windows-TerminalServices-LocalSessionManager/Operational","1208","2876","DESKTOP-3HO80GL","S-1-5-18","7/30/2024 6:31:55 PM","61a55000-55e5-1017-0000-000000000000",,"Microsoft-Windows-TerminalServices-LocalSessionManager/Operational","System.UInt32[]","System.Diagnostics.Eventing.Reader.EventBookmark","Information","Info",,"System.Collections.ObjectModel.ReadOnlyCollection`1[System.String]","System.Collections.Generic.List`1[System.Diagnostics.Eventing.Reader.EventProperty]"
"Remote Desktop Services: Session logon succeeded:

User: DESKTOP-3HO80GL\user
Session ID: 1
Source Network Address: LOCAL","21","0",,"4","0","0","1152921504606846976","658","Microsoft-Windows-TerminalServices-LocalSessionManager","5d896912-022d-40aa-a3a8-4fa5515c76d7","Microsoft-Windows-TerminalServices-LocalSessionManager/Operational","1208","2876","DESKTOP-3HO80GL","S-1-5-18","7/30/2024 6:31:55 PM","61a55000-55e5-1017-0000-000000000000",,"Microsoft-Windows-TerminalServices-LocalSessionManager/Operational","System.UInt32[]","System.Diagnostics.Eventing.Reader.EventBookmark","Information","Info",,"System.Collections.ObjectModel.ReadOnlyCollection`1[System.String]","System.Collections.Generic.List`1[System.Diagnostics.Eventing.Reader.EventProperty]"
"End session arbitration:

User: DESKTOP-3HO80GL\user
Session ID: 1","42","0",,"4","0","0","1152921504606846976","657","Microsoft-Windows-TerminalServices-LocalSessionManager","5d896912-022d-40aa-a3a8-4fa5515c76d7","Microsoft-Windows-TerminalServices-LocalSessionManager/Operational","1208","2876","DESKTOP-3HO80GL","S-1-5-18","7/30/2024 6:31:54 PM","61a55000-55e5-1017-0000-000000000000",,"Microsoft-Windows-TerminalServices-LocalSessionManager/Operational","System.UInt32[]","System.Diagnostics.Eventing.Reader.EventBookmark","Information","Info",,"System.Collections.ObjectModel.ReadOnlyCollection`1[System.String]","System.Collections.Generic.List`1[System.Diagnostics.Eventing.Reader.EventProperty]"
"Begin session arbitration:

User: DESKTOP-3HO80GL\user
Session ID: 1","41","0",,"4","0","0","1152921504606846976","656","Microsoft-Windows-TerminalServices-LocalSessionManager","5d896912-022d-40aa-a3a8-4fa5515c76d7","Microsoft-Windows-TerminalServices-LocalSessionManager/Operational","1208","2876","DESKTOP-3HO80GL","S-1-5-18","7/30/2024 6:31:54 PM","61a55000-55e5-1017-0000-000000000000",,"Microsoft-Windows-TerminalServices-LocalSessionManager/Operational","System.UInt32[]","System.Diagnostics.Eventing.Reader.EventBookmark","Information","Info",,"System.Collections.ObjectModel.ReadOnlyCollection`1[System.String]","System.Collections.Generic.List`1[System.Diagnostics.Eventing.Reader.EventProperty]"
"Plugin RDSAppXPlugin has been successfully initialized","32","0",,"4","0","0","1152921504606846976","655","Microsoft-Windows-TerminalServices-LocalSessionManager","5d896912-022d-40aa-a3a8-4fa5515c76d7","Microsoft-Windows-TerminalServices-LocalSessionManager/Operational","1208","1224","DESKTOP-3HO80GL","S-1-5-18","7/30/2024 6:31:49 PM",,,"Microsoft-Windows-TerminalServices-LocalSessionManager/Operational","System.UInt32[]","System.Diagnostics.Eventing.Reader.EventBookmark","Information","Info",,"System.Collections.ObjectModel.ReadOnlyCollection`1[System.String]","System.Collections.Generic.List`1[System.Diagnostics.Eventing.Reader.EventProperty]"
"Remote Desktop Services: Shell start notification received:

User: DESKTOP-3HO80GL\user
Session ID: 1
Source Network Address: LOCAL","22","0",,"4","0","0","1152921504606846976","654","Microsoft-Windows-TerminalServices-LocalSessionManager","5d896912-022d-40aa-a3a8-4fa5515c76d7","Microsoft-Windows-TerminalServices-LocalSessionManager/Operational","1324","5864","DESKTOP-3HO80GL","S-1-5-18","7/29/2024 2:26:48 PM","61a55000-55e5-1017-0000-000000000000",,"Microsoft-Windows-TerminalServices-LocalSessionManager/Operational","System.UInt32[]","System.Diagnostics.Eventing.Reader.EventBookmark","Information","Info",,"System.Collections.ObjectModel.ReadOnlyCollection`1[System.String]","System.Collections.Generic.List`1[System.Diagnostics.Eventing.Reader.EventProperty]"
"Remote Desktop Services: Session logon succeeded:

User: DESKTOP-3HO80GL\user
Session ID: 1
Source Network Address: LOCAL","21","0",,"4","0","0","1152921504606846976","653","Microsoft-Windows-TerminalServices-LocalSessionManager","5d896912-022d-40aa-a3a8-4fa5515c76d7","Microsoft-Windows-TerminalServices-LocalSessionManager/Operational","1324","6440","DESKTOP-3HO80GL","S-1-5-18","7/29/2024 2:26:48 PM","61a55000-55e5-1017-0000-000000000000",,"Microsoft-Windows-TerminalServices-LocalSessionManager/Operational","System.UInt32[]","System.Diagnostics.Eventing.Reader.EventBookmark","Information","Info",,"System.Collections.ObjectModel.ReadOnlyCollection`1[System.String]","System.Collections.Generic.List`1[System.Diagnostics.Eventing.Reader.EventProperty]"
"End session arbitration:

User: DESKTOP-3HO80GL\user
Session ID: 1","42","0",,"4","0","0","1152921504606846976","652","Microsoft-Windows-TerminalServices-LocalSessionManager","5d896912-022d-40aa-a3a8-4fa5515c76d7","Microsoft-Windows-TerminalServices-LocalSessionManager/Operational","1324","6440","DESKTOP-3HO80GL","S-1-5-18","7/29/2024 2:26:48 PM","61a55000-55e5-1017-0000-000000000000",,"Microsoft-Windows-TerminalServices-LocalSessionManager/Operational","System.UInt32[]","System.Diagnostics.Eventing.Reader.EventBookmark","Information","Info",,"System.Collections.ObjectModel.ReadOnlyCollection`1[System.String]","System.Collections.Generic.List`1[System.Diagnostics.Eventing.Reader.EventProperty]"
"Begin session arbitration:

User: DESKTOP-3HO80GL\user
Session ID: 1","41","0",,"4","0","0","1152921504606846976","651","Microsoft-Windows-TerminalServices-LocalSessionManager","5d896912-022d-40aa-a3a8-4fa5515c76d7","Microsoft-Windows-TerminalServices-LocalSessionManager/Operational","1324","6440","DESKTOP-3HO80GL","S-1-5-18","7/29/2024 2:26:48 PM","61a55000-55e5-1017-0000-000000000000",,"Microsoft-Windows-TerminalServices-LocalSessionManager/Operational","System.UInt32[]","System.Diagnostics.Eventing.Reader.EventBookmark","Information","Info",,"System.Collections.ObjectModel.ReadOnlyCollection`1[System.String]","System.Collections.Generic.List`1[System.Diagnostics.Eventing.Reader.EventProperty]"
"Plugin RDSAppXPlugin has been successfully initialized","32","0",,"4","0","0","1152921504606846976","650","Microsoft-Windows-TerminalServices-LocalSessionManager","5d896912-022d-40aa-a3a8-4fa5515c76d7","Microsoft-Windows-TerminalServices-LocalSessionManager/Operational","1324","1340","DESKTOP-3HO80GL","S-1-5-18","7/29/2024 2:13:20 PM",,,"Microsoft-Windows-TerminalServices-LocalSessionManager/Operational","System.UInt32[]","System.Diagnostics.Eventing.Reader.EventBookmark","Information","Info",,"System.Collections.ObjectModel.ReadOnlyCollection`1[System.String]","System.Collections.Generic.List`1[System.Diagnostics.Eventing.Reader.EventProperty]"
"Local multi-user session manager received system shutdown message","54","0",,"4","0","0","1152921504606846976","649","Microsoft-Windows-TerminalServices-LocalSessionManager","5d896912-022d-40aa-a3a8-4fa5515c76d7","Microsoft-Windows-TerminalServices-LocalSessionManager/Operational","1088","1168","DESKTOP-3HO80GL","S-1-5-18","7/29/2024 2:13:00 PM",,,"Microsoft-Windows-TerminalServices-LocalSessionManager/Operational","System.UInt32[]","System.Diagnostics.Eventing.Reader.EventBookmark","Information","Info",,"System.Collections.ObjectModel.ReadOnlyCollection`1[System.String]","System.Collections.Generic.List`1[System.Diagnostics.Eventing.Reader.EventProperty]"
"Plugin RDSAppXPlugin has been successfully initialized","32","0",,"4","0","0","1152921504606846976","648","Microsoft-Windows-TerminalServices-LocalSessionManager","5d896912-022d-40aa-a3a8-4fa5515c76d7","Microsoft-Windows-TerminalServices-LocalSessionManager/Operational","1088","1104","DESKTOP-3HO80GL","S-1-5-18","7/29/2024 2:12:17 PM",,,"Microsoft-Windows-TerminalServices-LocalSessionManager/Operational","System.UInt32[]","System.Diagnostics.Eventing.Reader.EventBookmark","Information","Info",,"System.Collections.ObjectModel.ReadOnlyCollection`1[System.String]","System.Collections.Generic.List`1[System.Diagnostics.Eventing.Reader.EventProperty]"
"Local multi-user session manager received system shutdown message","54","0",,"4","0","0","1152921504606846976","647","Microsoft-Windows-TerminalServices-LocalSessionManager","5d896912-022d-40aa-a3a8-4fa5515c76d7","Microsoft-Windows-TerminalServices-LocalSessionManager/Operational","1192","21328","DESKTOP-3HO80GL","S-1-5-18","7/29/2024 2:10:40 PM",,,"Microsoft-Windows-TerminalServices-LocalSessionManager/Operational","System.UInt32[]","System.Diagnostics.Eventing.Reader.EventBookmark","Information","Info",,"System.Collections.ObjectModel.ReadOnlyCollection`1[System.String]","System.Collections.Generic.List`1[System.Diagnostics.Eventing.Reader.EventProperty]"
"Remote Desktop Services: Session logoff succeeded:

User: DESKTOP-3HO80GL\user
Session ID: 13","23","0",,"4","0","0","1152921504606846976","646","Microsoft-Windows-TerminalServices-LocalSessionManager","5d896912-022d-40aa-a3a8-4fa5515c76d7","Microsoft-Windows-TerminalServices-LocalSessionManager/Operational","1192","17680","DESKTOP-3HO80GL","S-1-5-18","7/29/2024 2:10:40 PM","61a55000-55e5-1017-0000-000000000000",,"Microsoft-Windows-TerminalServices-LocalSessionManager/Operational","System.UInt32[]","System.Diagnostics.Eventing.Reader.EventBookmark","Information","Info",,"System.Collections.ObjectModel.ReadOnlyCollection`1[System.String]","System.Collections.Generic.List`1[System.Diagnostics.Eventing.Reader.EventProperty]"
"An error occurred when transitioning from DesktopLocked in response to EvDesktopLocked. (ErrorCode 0x8007139F)","36","0",,"2","0","0","1152921504606846976","645","Microsoft-Windows-TerminalServices-LocalSessionManager","5d896912-022d-40aa-a3a8-4fa5515c76d7","Microsoft-Windows-TerminalServices-LocalSessionManager/Operational","1192","20016","DESKTOP-3HO80GL","S-1-5-18","7/23/2024 6:38:11 PM","61a55000-55e5-1017-0000-000000000000",,"Microsoft-Windows-TerminalServices-LocalSessionManager/Operational","System.UInt32[]","System.Diagnostics.Eventing.Reader.EventBookmark","Error","Info",,"System.Collections.ObjectModel.ReadOnlyCollection`1[System.String]","System.Collections.Generic.List`1[System.Diagnostics.Eventing.Reader.EventProperty]"
"Remote Desktop Services: Shell start notification received:

User: DESKTOP-3HO80GL\user
Session ID: 13
Source Network Address: LOCAL","22","0",,"4","0","0","1152921504606846976","644","Microsoft-Windows-TerminalServices-LocalSessionManager","5d896912-022d-40aa-a3a8-4fa5515c76d7","Microsoft-Windows-TerminalServices-LocalSessionManager/Operational","1192","13376","DESKTOP-3HO80GL","S-1-5-18","7/23/2024 6:38:11 PM","61a55000-55e5-1017-0000-000000000000",,"Microsoft-Windows-TerminalServices-LocalSessionManager/Operational","System.UInt32[]","System.Diagnostics.Eventing.Reader.EventBookmark","Information","Info",,"System.Collections.ObjectModel.ReadOnlyCollection`1[System.String]","System.Collections.Generic.List`1[System.Diagnostics.Eventing.Reader.EventProperty]"
"Remote Desktop Services: Session logon succeeded:

User: DESKTOP-3HO80GL\user
Session ID: 13
Source Network Address: LOCAL","21","0",,"4","0","0","1152921504606846976","643","Microsoft-Windows-TerminalServices-LocalSessionManager","5d896912-022d-40aa-a3a8-4fa5515c76d7","Microsoft-Windows-TerminalServices-LocalSessionManager/Operational","1192","20016","DESKTOP-3HO80GL","S-1-5-18","7/23/2024 6:38:11 PM","61a55000-55e5-1017-0000-000000000000",,"Microsoft-Windows-TerminalServices-LocalSessionManager/Operational","System.UInt32[]","System.Diagnostics.Eventing.Reader.EventBookmark","Information","Info",,"System.Collections.ObjectModel.ReadOnlyCollection`1[System.String]","System.Collections.Generic.List`1[System.Diagnostics.Eventing.Reader.EventProperty]"
"End session arbitration:

User: DESKTOP-3HO80GL\user
Session ID: 13","42","0",,"4","0","0","1152921504606846976","642","Microsoft-Windows-TerminalServices-LocalSessionManager","5d896912-022d-40aa-a3a8-4fa5515c76d7","Microsoft-Windows-TerminalServices-LocalSessionManager/Operational","1192","20016","DESKTOP-3HO80GL","S-1-5-18","7/23/2024 6:38:11 PM","61a55000-55e5-1017-0000-000000000000",,"Microsoft-Windows-TerminalServices-LocalSessionManager/Operational","System.UInt32[]","System.Diagnostics.Eventing.Reader.EventBookmark","Information","Info",,"System.Collections.ObjectModel.ReadOnlyCollection`1[System.String]","System.Collections.Generic.List`1[System.Diagnostics.Eventing.Reader.EventProperty]"
"Begin session arbitration:

User: DESKTOP-3HO80GL\user
Session ID: 13","41","0",,"4","0","0","1152921504606846976","641","Microsoft-Windows-TerminalServices-LocalSessionManager","5d896912-022d-40aa-a3a8-4fa5515c76d7","Microsoft-Windows-TerminalServices-LocalSessionManager/Operational","1192","20016","DESKTOP-3HO80GL","S-1-5-18","7/23/2024 6:38:11 PM","61a55000-55e5-1017-0000-000000000000",,"Microsoft-Windows-TerminalServices-LocalSessionManager/Operational","System.UInt32[]","System.Diagnostics.Eventing.Reader.EventBookmark","Information","Info",,"System.Collections.ObjectModel.ReadOnlyCollection`1[System.String]","System.Collections.Generic.List`1[System.Diagnostics.Eventing.Reader.EventProperty]"
"Remote Desktop Services: Session has been disconnected:

User: DESKTOP-3HO80GL\user
Session ID: 12
Source Network Address: LOCAL","24","0",,"4","0","0","1152921504606846976","640","Microsoft-Windows-TerminalServices-LocalSessionManager","5d896912-022d-40aa-a3a8-4fa5515c76d7","Microsoft-Windows-TerminalServices-LocalSessionManager/Operational","1192","13376","DESKTOP-3HO80GL","S-1-5-18","7/23/2024 1:46:16 AM",,,"Microsoft-Windows-TerminalServices-LocalSessionManager/Operational","System.UInt32[]","System.Diagnostics.Eventing.Reader.EventBookmark","Information","Info",,"System.Collections.ObjectModel.ReadOnlyCollection`1[System.String]","System.Collections.Generic.List`1[System.Diagnostics.Eventing.Reader.EventProperty]"
"Session 13 has been disconnected, reason code 11","40","0",,"4","0","0","1152921504606846976","639","Microsoft-Windows-TerminalServices-LocalSessionManager","5d896912-022d-40aa-a3a8-4fa5515c76d7","Microsoft-Windows-TerminalServices-LocalSessionManager/Operational","1192","8440","DESKTOP-3HO80GL","S-1-5-18","7/23/2024 1:46:16 AM",,,"Microsoft-Windows-TerminalServices-LocalSessionManager/Operational","System.UInt32[]","System.Diagnostics.Eventing.Reader.EventBookmark","Information","Info",,"System.Collections.ObjectModel.ReadOnlyCollection`1[System.String]","System.Collections.Generic.List`1[System.Diagnostics.Eventing.Reader.EventProperty]"
"Session 12 has been disconnected, reason code 11","40","0",,"4","0","0","1152921504606846976","638","Microsoft-Windows-TerminalServices-LocalSessionManager","5d896912-022d-40aa-a3a8-4fa5515c76d7","Microsoft-Windows-TerminalServices-LocalSessionManager/Operational","1192","13376","DESKTOP-3HO80GL","S-1-5-18","7/23/2024 1:46:16 AM",,,"Microsoft-Windows-TerminalServices-LocalSessionManager/Operational","System.UInt32[]","System.Diagnostics.Eventing.Reader.EventBookmark","Information","Info",,"System.Collections.ObjectModel.ReadOnlyCollection`1[System.String]","System.Collections.Generic.List`1[System.Diagnostics.Eventing.Reader.EventProperty]"
"Session 12 has been disconnected by session 12","39","0",,"4","0","0","1152921504606846976","637","Microsoft-Windows-TerminalServices-LocalSessionManager","5d896912-022d-40aa-a3a8-4fa5515c76d7","Microsoft-Windows-TerminalServices-LocalSessionManager/Operational","1192","13376","DESKTOP-3HO80GL","S-1-5-18","7/23/2024 1:46:16 AM",,,"Microsoft-Windows-TerminalServices-LocalSessionManager/Operational","System.UInt32[]","System.Diagnostics.Eventing.Reader.EventBookmark","Information","Info",,"System.Collections.ObjectModel.ReadOnlyCollection`1[System.String]","System.Collections.Generic.List`1[System.Diagnostics.Eventing.Reader.EventProperty]"
"Remote Desktop Services: Session logoff succeeded:

User: DESKTOP-3HO80GL\user
Session ID: 12","23","0",,"4","0","0","1152921504606846976","636","Microsoft-Windows-TerminalServices-LocalSessionManager","5d896912-022d-40aa-a3a8-4fa5515c76d7","Microsoft-Windows-TerminalServices-LocalSessionManager/Operational","1192","5296","DESKTOP-3HO80GL","S-1-5-18","7/23/2024 1:46:15 AM","61a55000-55e5-1017-0000-000000000000",,"Microsoft-Windows-TerminalServices-LocalSessionManager/Operational","System.UInt32[]","System.Diagnostics.Eventing.Reader.EventBookmark","Information","Info",,"System.Collections.ObjectModel.ReadOnlyCollection`1[System.String]","System.Collections.Generic.List`1[System.Diagnostics.Eventing.Reader.EventProperty]"
"An error occurred when transitioning from DesktopLocked in response to EvDesktopLocked. (ErrorCode 0x8007139F)","36","0",,"2","0","0","1152921504606846976","635","Microsoft-Windows-TerminalServices-LocalSessionManager","5d896912-022d-40aa-a3a8-4fa5515c76d7","Microsoft-Windows-TerminalServices-LocalSessionManager/Operational","1192","16324","DESKTOP-3HO80GL","S-1-5-18","7/22/2024 11:39:59 AM","61a55000-55e5-1017-0000-000000000000",,"Microsoft-Windows-TerminalServices-LocalSessionManager/Operational","System.UInt32[]","System.Diagnostics.Eventing.Reader.EventBookmark","Error","Info",,"System.Collections.ObjectModel.ReadOnlyCollection`1[System.String]","System.Collections.Generic.List`1[System.Diagnostics.Eventing.Reader.EventProperty]"
"Remote Desktop Services: Shell start notification received:

User: DESKTOP-3HO80GL\user
Session ID: 12
Source Network Address: LOCAL","22","0",,"4","0","0","1152921504606846976","634","Microsoft-Windows-TerminalServices-LocalSessionManager","5d896912-022d-40aa-a3a8-4fa5515c76d7","Microsoft-Windows-TerminalServices-LocalSessionManager/Operational","1192","19336","DESKTOP-3HO80GL","S-1-5-18","7/22/2024 11:39:58 AM","61a55000-55e5-1017-0000-000000000000",,"Microsoft-Windows-TerminalServices-LocalSessionManager/Operational","System.UInt32[]","System.Diagnostics.Eventing.Reader.EventBookmark","Information","Info",,"System.Collections.ObjectModel.ReadOnlyCollection`1[System.String]","System.Collections.Generic.List`1[System.Diagnostics.Eventing.Reader.EventProperty]"
"Remote Desktop Services: Session logon succeeded:

User: DESKTOP-3HO80GL\user
Session ID: 12
Source Network Address: LOCAL","21","0",,"4","0","0","1152921504606846976","633","Microsoft-Windows-TerminalServices-LocalSessionManager","5d896912-022d-40aa-a3a8-4fa5515c76d7","Microsoft-Windows-TerminalServices-LocalSessionManager/Operational","1192","13316","DESKTOP-3HO80GL","S-1-5-18","7/22/2024 11:39:58 AM","61a55000-55e5-1017-0000-000000000000",,"Microsoft-Windows-TerminalServices-LocalSessionManager/Operational","System.UInt32[]","System.Diagnostics.Eventing.Reader.EventBookmark","Information","Info",,"System.Collections.ObjectModel.ReadOnlyCollection`1[System.String]","System.Collections.Generic.List`1[System.Diagnostics.Eventing.Reader.EventProperty]"
"End session arbitration:

User: DESKTOP-3HO80GL\user
Session ID: 12","42","0",,"4","0","0","1152921504606846976","632","Microsoft-Windows-TerminalServices-LocalSessionManager","5d896912-022d-40aa-a3a8-4fa5515c76d7","Microsoft-Windows-TerminalServices-LocalSessionManager/Operational","1192","13316","DESKTOP-3HO80GL","S-1-5-18","7/22/2024 11:39:58 AM","61a55000-55e5-1017-0000-000000000000",,"Microsoft-Windows-TerminalServices-LocalSessionManager/Operational","System.UInt32[]","System.Diagnostics.Eventing.Reader.EventBookmark","Information","Info",,"System.Collections.ObjectModel.ReadOnlyCollection`1[System.String]","System.Collections.Generic.List`1[System.Diagnostics.Eventing.Reader.EventProperty]"
"Begin session arbitration:

User: DESKTOP-3HO80GL\user
Session ID: 12","41","0",,"4","0","0","1152921504606846976","631","Microsoft-Windows-TerminalServices-LocalSessionManager","5d896912-022d-40aa-a3a8-4fa5515c76d7","Microsoft-Windows-TerminalServices-LocalSessionManager/Operational","1192","13316","DESKTOP-3HO80GL","S-1-5-18","7/22/2024 11:39:58 AM","61a55000-55e5-1017-0000-000000000000",,"Microsoft-Windows-TerminalServices-LocalSessionManager/Operational","System.UInt32[]","System.Diagnostics.Eventing.Reader.EventBookmark","Information","Info",,"System.Collections.ObjectModel.ReadOnlyCollection`1[System.String]","System.Collections.Generic.List`1[System.Diagnostics.Eventing.Reader.EventProperty]"
"Remote Desktop Services: Session has been disconnected:

User: DESKTOP-3HO80GL\user
Session ID: 11
Source Network Address: LOCAL","24","0",,"4","0","0","1152921504606846976","630","Microsoft-Windows-TerminalServices-LocalSessionManager","5d896912-022d-40aa-a3a8-4fa5515c76d7","Microsoft-Windows-TerminalServices-LocalSessionManager/Operational","1192","10144","DESKTOP-3HO80GL","S-1-5-18","7/22/2024 2:18:53 AM",,,"Microsoft-Windows-TerminalServices-LocalSessionManager/Operational","System.UInt32[]","System.Diagnostics.Eventing.Reader.EventBookmark","Information","Info",,"System.Collections.ObjectModel.ReadOnlyCollection`1[System.String]","System.Collections.Generic.List`1[System.Diagnostics.Eventing.Reader.EventProperty]"
"Session 12 has been disconnected, reason code 11","40","0",,"4","0","0","1152921504606846976","629","Microsoft-Windows-TerminalServices-LocalSessionManager","5d896912-022d-40aa-a3a8-4fa5515c76d7","Microsoft-Windows-TerminalServices-LocalSessionManager/Operational","1192","16324","DESKTOP-3HO80GL","S-1-5-18","7/22/2024 2:18:53 AM",,,"Microsoft-Windows-TerminalServices-LocalSessionManager/Operational","System.UInt32[]","System.Diagnostics.Eventing.Reader.EventBookmark","Information","Info",,"System.Collections.ObjectModel.ReadOnlyCollection`1[System.String]","System.Collections.Generic.List`1[System.Diagnostics.Eventing.Reader.EventProperty]"
"Session 11 has been disconnected, reason code 11","40","0",,"4","0","0","1152921504606846976","628","Microsoft-Windows-TerminalServices-LocalSessionManager","5d896912-022d-40aa-a3a8-4fa5515c76d7","Microsoft-Windows-TerminalServices-LocalSessionManager/Operational","1192","10144","DESKTOP-3HO80GL","S-1-5-18","7/22/2024 2:18:53 AM",,,"Microsoft-Windows-TerminalServices-LocalSessionManager/Operational","System.UInt32[]","System.Diagnostics.Eventing.Reader.EventBookmark","Information","Info",,"System.Collections.ObjectModel.ReadOnlyCollection`1[System.String]","System.Collections.Generic.List`1[System.Diagnostics.Eventing.Reader.EventProperty]"
"Session 11 has been disconnected by session 11","39","0",,"4","0","0","1152921504606846976","627","Microsoft-Windows-TerminalServices-LocalSessionManager","5d896912-022d-40aa-a3a8-4fa5515c76d7","Microsoft-Windows-TerminalServices-LocalSessionManager/Operational","1192","10144","DESKTOP-3HO80GL","S-1-5-18","7/22/2024 2:18:53 AM",,,"Microsoft-Windows-TerminalServices-LocalSessionManager/Operational","System.UInt32[]","System.Diagnostics.Eventing.Reader.EventBookmark","Information","Info",,"System.Collections.ObjectModel.ReadOnlyCollection`1[System.String]","System.Collections.Generic.List`1[System.Diagnostics.Eventing.Reader.EventProperty]"
"Remote Desktop Services: Session logoff succeeded:

User: DESKTOP-3HO80GL\user
Session ID: 11","23","0",,"4","0","0","1152921504606846976","626","Microsoft-Windows-TerminalServices-LocalSessionManager","5d896912-022d-40aa-a3a8-4fa5515c76d7","Microsoft-Windows-TerminalServices-LocalSessionManager/Operational","1192","10144","DESKTOP-3HO80GL","S-1-5-18","7/22/2024 2:18:52 AM","61a55000-55e5-1017-0000-000000000000",,"Microsoft-Windows-TerminalServices-LocalSessionManager/Operational","System.UInt32[]","System.Diagnostics.Eventing.Reader.EventBookmark","Information","Info",,"System.Collections.ObjectModel.ReadOnlyCollection`1[System.String]","System.Collections.Generic.List`1[System.Diagnostics.Eventing.Reader.EventProperty]"
"An error occurred when transitioning from DesktopLocked in response to EvDesktopLocked. (ErrorCode 0x8007139F)","36","0",,"2","0","0","1152921504606846976","625","Microsoft-Windows-TerminalServices-LocalSessionManager","5d896912-022d-40aa-a3a8-4fa5515c76d7","Microsoft-Windows-TerminalServices-LocalSessionManager/Operational","1192","9716","DESKTOP-3HO80GL","S-1-5-18","7/22/2024 2:10:50 AM","61a55000-55e5-1017-0000-000000000000",,"Microsoft-Windows-TerminalServices-LocalSessionManager/Operational","System.UInt32[]","System.Diagnostics.Eventing.Reader.EventBookmark","Error","Info",,"System.Collections.ObjectModel.ReadOnlyCollection`1[System.String]","System.Collections.Generic.List`1[System.Diagnostics.Eventing.Reader.EventProperty]"
"Remote Desktop Services: Shell start notification received:

User: DESKTOP-3HO80GL\user
Session ID: 11
Source Network Address: LOCAL","22","0",,"4","0","0","1152921504606846976","624","Microsoft-Windows-TerminalServices-LocalSessionManager","5d896912-022d-40aa-a3a8-4fa5515c76d7","Microsoft-Windows-TerminalServices-LocalSessionManager/Operational","1192","14764","DESKTOP-3HO80GL","S-1-5-18","7/22/2024 2:10:50 AM","61a55000-55e5-1017-0000-000000000000",,"Microsoft-Windows-TerminalServices-LocalSessionManager/Operational","System.UInt32[]","System.Diagnostics.Eventing.Reader.EventBookmark","Information","Info",,"System.Collections.ObjectModel.ReadOnlyCollection`1[System.String]","System.Collections.Generic.List`1[System.Diagnostics.Eventing.Reader.EventProperty]"
"Remote Desktop Services: Session logon succeeded:

User: DESKTOP-3HO80GL\user
Session ID: 11
Source Network Address: LOCAL","21","0",,"4","0","0","1152921504606846976","623","Microsoft-Windows-TerminalServices-LocalSessionManager","5d896912-022d-40aa-a3a8-4fa5515c76d7","Microsoft-Windows-TerminalServices-LocalSessionManager/Operational","1192","9716","DESKTOP-3HO80GL","S-1-5-18","7/22/2024 2:10:50 AM","61a55000-55e5-1017-0000-000000000000",,"Microsoft-Windows-TerminalServices-LocalSessionManager/Operational","System.UInt32[]","System.Diagnostics.Eventing.Reader.EventBookmark","Information","Info",,"System.Collections.ObjectModel.ReadOnlyCollection`1[System.String]","System.Collections.Generic.List`1[System.Diagnostics.Eventing.Reader.EventProperty]"
"End session arbitration:

User: DESKTOP-3HO80GL\user
Session ID: 11","42","0",,"4","0","0","1152921504606846976","622","Microsoft-Windows-TerminalServices-LocalSessionManager","5d896912-022d-40aa-a3a8-4fa5515c76d7","Microsoft-Windows-TerminalServices-LocalSessionManager/Operational","1192","9716","DESKTOP-3HO80GL","S-1-5-18","7/22/2024 2:10:50 AM","61a55000-55e5-1017-0000-000000000000",,"Microsoft-Windows-TerminalServices-LocalSessionManager/Operational","System.UInt32[]","System.Diagnostics.Eventing.Reader.EventBookmark","Information","Info",,"System.Collections.ObjectModel.ReadOnlyCollection`1[System.String]","System.Collections.Generic.List`1[System.Diagnostics.Eventing.Reader.EventProperty]"
"Begin session arbitration:

User: DESKTOP-3HO80GL\user
Session ID: 11","41","0",,"4","0","0","1152921504606846976","621","Microsoft-Windows-TerminalServices-LocalSessionManager","5d896912-022d-40aa-a3a8-4fa5515c76d7","Microsoft-Windows-TerminalServices-LocalSessionManager/Operational","1192","9716","DESKTOP-3HO80GL","S-1-5-18","7/22/2024 2:10:50 AM","61a55000-55e5-1017-0000-000000000000",,"Microsoft-Windows-TerminalServices-LocalSessionManager/Operational","System.UInt32[]","System.Diagnostics.Eventing.Reader.EventBookmark","Information","Info",,"System.Collections.ObjectModel.ReadOnlyCollection`1[System.String]","System.Collections.Generic.List`1[System.Diagnostics.Eventing.Reader.EventProperty]"
"Remote Desktop Services: Session has been disconnected:

User: DESKTOP-3HO80GL\user
Session ID: 10
Source Network Address: LOCAL","24","0",,"4","0","0","1152921504606846976","620","Microsoft-Windows-TerminalServices-LocalSessionManager","5d896912-022d-40aa-a3a8-4fa5515c76d7","Microsoft-Windows-TerminalServices-LocalSessionManager/Operational","1192","15712","DESKTOP-3HO80GL","S-1-5-18","7/22/2024 1:39:25 AM",,,"Microsoft-Windows-TerminalServices-LocalSessionManager/Operational","System.UInt32[]","System.Diagnostics.Eventing.Reader.EventBookmark","Information","Info",,"System.Collections.ObjectModel.ReadOnlyCollection`1[System.String]","System.Collections.Generic.List`1[System.Diagnostics.Eventing.Reader.EventProperty]"
"Session 11 has been disconnected, reason code 11","40","0",,"4","0","0","1152921504606846976","619","Microsoft-Windows-TerminalServices-LocalSessionManager","5d896912-022d-40aa-a3a8-4fa5515c76d7","Microsoft-Windows-TerminalServices-LocalSessionManager/Operational","1192","15780","DESKTOP-3HO80GL","S-1-5-18","7/22/2024 1:39:25 AM",,,"Microsoft-Windows-TerminalServices-LocalSessionManager/Operational","System.UInt32[]","System.Diagnostics.Eventing.Reader.EventBookmark","Information","Info",,"System.Collections.ObjectModel.ReadOnlyCollection`1[System.String]","System.Collections.Generic.List`1[System.Diagnostics.Eventing.Reader.EventProperty]"
"Session 10 has been disconnected, reason code 11","40","0",,"4","0","0","1152921504606846976","618","Microsoft-Windows-TerminalServices-LocalSessionManager","5d896912-022d-40aa-a3a8-4fa5515c76d7","Microsoft-Windows-TerminalServices-LocalSessionManager/Operational","1192","15712","DESKTOP-3HO80GL","S-1-5-18","7/22/2024 1:39:25 AM",,,"Microsoft-Windows-TerminalServices-LocalSessionManager/Operational","System.UInt32[]","System.Diagnostics.Eventing.Reader.EventBookmark","Information","Info",,"System.Collections.ObjectModel.ReadOnlyCollection`1[System.String]","System.Collections.Generic.List`1[System.Diagnostics.Eventing.Reader.EventProperty]"
"Session 10 has been disconnected by session 10","39","0",,"4","0","0","1152921504606846976","617","Microsoft-Windows-TerminalServices-LocalSessionManager","5d896912-022d-40aa-a3a8-4fa5515c76d7","Microsoft-Windows-TerminalServices-LocalSessionManager/Operational","1192","15712","DESKTOP-3HO80GL","S-1-5-18","7/22/2024 1:39:25 AM",,,"Microsoft-Windows-TerminalServices-LocalSessionManager/Operational","System.UInt32[]","System.Diagnostics.Eventing.Reader.EventBookmark","Information","Info",,"System.Collections.ObjectModel.ReadOnlyCollection`1[System.String]","System.Collections.Generic.List`1[System.Diagnostics.Eventing.Reader.EventProperty]"
"Remote Desktop Services: Session logoff succeeded:

User: DESKTOP-3HO80GL\user
Session ID: 10","23","0",,"4","0","0","1152921504606846976","616","Microsoft-Windows-TerminalServices-LocalSessionManager","5d896912-022d-40aa-a3a8-4fa5515c76d7","Microsoft-Windows-TerminalServices-LocalSessionManager/Operational","1192","14764","DESKTOP-3HO80GL","S-1-5-18","7/22/2024 1:39:25 AM","61a55000-55e5-1017-0000-000000000000",,"Microsoft-Windows-TerminalServices-LocalSessionManager/Operational","System.UInt32[]","System.Diagnostics.Eventing.Reader.EventBookmark","Information","Info",,"System.Collections.ObjectModel.ReadOnlyCollection`1[System.String]","System.Collections.Generic.List`1[System.Diagnostics.Eventing.Reader.EventProperty]"
"An error occurred when transitioning from DesktopLocked in response to EvDesktopLocked. (ErrorCode 0x8007139F)","36","0",,"2","0","0","1152921504606846976","615","Microsoft-Windows-TerminalServices-LocalSessionManager","5d896912-022d-40aa-a3a8-4fa5515c76d7","Microsoft-Windows-TerminalServices-LocalSessionManager/Operational","1192","17904","DESKTOP-3HO80GL","S-1-5-18","7/19/2024 2:30:08 PM","61a55000-55e5-1017-0000-000000000000",,"Microsoft-Windows-TerminalServices-LocalSessionManager/Operational","System.UInt32[]","System.Diagnostics.Eventing.Reader.EventBookmark","Error","Info",,"System.Collections.ObjectModel.ReadOnlyCollection`1[System.String]","System.Collections.Generic.List`1[System.Diagnostics.Eventing.Reader.EventProperty]"
"Remote Desktop Services: Shell start notification received:

User: DESKTOP-3HO80GL\user
Session ID: 10
Source Network Address: LOCAL","22","0",,"4","0","0","1152921504606846976","614","Microsoft-Windows-TerminalServices-LocalSessionManager","5d896912-022d-40aa-a3a8-4fa5515c76d7","Microsoft-Windows-TerminalServices-LocalSessionManager/Operational","1192","19592","DESKTOP-3HO80GL","S-1-5-18","7/19/2024 2:30:07 PM","61a55000-55e5-1017-0000-000000000000",,"Microsoft-Windows-TerminalServices-LocalSessionManager/Operational","System.UInt32[]","System.Diagnostics.Eventing.Reader.EventBookmark","Information","Info",,"System.Collections.ObjectModel.ReadOnlyCollection`1[System.String]","System.Collections.Generic.List`1[System.Diagnostics.Eventing.Reader.EventProperty]"
"Remote Desktop Services: Session logon succeeded:

User: DESKTOP-3HO80GL\user
Session ID: 10
Source Network Address: LOCAL","21","0",,"4","0","0","1152921504606846976","613","Microsoft-Windows-TerminalServices-LocalSessionManager","5d896912-022d-40aa-a3a8-4fa5515c76d7","Microsoft-Windows-TerminalServices-LocalSessionManager/Operational","1192","19592","DESKTOP-3HO80GL","S-1-5-18","7/19/2024 2:30:07 PM","61a55000-55e5-1017-0000-000000000000",,"Microsoft-Windows-TerminalServices-LocalSessionManager/Operational","System.UInt32[]","System.Diagnostics.Eventing.Reader.EventBookmark","Information","Info",,"System.Collections.ObjectModel.ReadOnlyCollection`1[System.String]","System.Collections.Generic.List`1[System.Diagnostics.Eventing.Reader.EventProperty]"
"End session arbitration:

User: DESKTOP-3HO80GL\user
Session ID: 10","42","0",,"4","0","0","1152921504606846976","612","Microsoft-Windows-TerminalServices-LocalSessionManager","5d896912-022d-40aa-a3a8-4fa5515c76d7","Microsoft-Windows-TerminalServices-LocalSessionManager/Operational","1192","19592","DESKTOP-3HO80GL","S-1-5-18","7/19/2024 2:30:07 PM","61a55000-55e5-1017-0000-000000000000",,"Microsoft-Windows-TerminalServices-LocalSessionManager/Operational","System.UInt32[]","System.Diagnostics.Eventing.Reader.EventBookmark","Information","Info",,"System.Collections.ObjectModel.ReadOnlyCollection`1[System.String]","System.Collections.Generic.List`1[System.Diagnostics.Eventing.Reader.EventProperty]"
"Begin session arbitration:

User: DESKTOP-3HO80GL\user
Session ID: 10","41","0",,"4","0","0","1152921504606846976","611","Microsoft-Windows-TerminalServices-LocalSessionManager","5d896912-022d-40aa-a3a8-4fa5515c76d7","Microsoft-Windows-TerminalServices-LocalSessionManager/Operational","1192","19592","DESKTOP-3HO80GL","S-1-5-18","7/19/2024 2:30:07 PM","61a55000-55e5-1017-0000-000000000000",,"Microsoft-Windows-TerminalServices-LocalSessionManager/Operational","System.UInt32[]","System.Diagnostics.Eventing.Reader.EventBookmark","Information","Info",,"System.Collections.ObjectModel.ReadOnlyCollection`1[System.String]","System.Collections.Generic.List`1[System.Diagnostics.Eventing.Reader.EventProperty]"
"Remote Desktop Services: Session has been disconnected:

User: DESKTOP-3HO80GL\user
Session ID: 9
Source Network Address: LOCAL","24","0",,"4","0","0","1152921504606846976","610","Microsoft-Windows-TerminalServices-LocalSessionManager","5d896912-022d-40aa-a3a8-4fa5515c76d7","Microsoft-Windows-TerminalServices-LocalSessionManager/Operational","1192","5348","DESKTOP-3HO80GL","S-1-5-18","7/18/2024 11:48:57 PM",,,"Microsoft-Windows-TerminalServices-LocalSessionManager/Operational","System.UInt32[]","System.Diagnostics.Eventing.Reader.EventBookmark","Information","Info",,"System.Collections.ObjectModel.ReadOnlyCollection`1[System.String]","System.Collections.Generic.List`1[System.Diagnostics.Eventing.Reader.EventProperty]"
"Session 10 has been disconnected, reason code 11","40","0",,"4","0","0","1152921504606846976","609","Microsoft-Windows-TerminalServices-LocalSessionManager","5d896912-022d-40aa-a3a8-4fa5515c76d7","Microsoft-Windows-TerminalServices-LocalSessionManager/Operational","1192","7904","DESKTOP-3HO80GL","S-1-5-18","7/18/2024 11:48:57 PM",,,"Microsoft-Windows-TerminalServices-LocalSessionManager/Operational","System.UInt32[]","System.Diagnostics.Eventing.Reader.EventBookmark","Information","Info",,"System.Collections.ObjectModel.ReadOnlyCollection`1[System.String]","System.Collections.Generic.List`1[System.Diagnostics.Eventing.Reader.EventProperty]"
"Session 9 has been disconnected, reason code 11","40","0",,"4","0","0","1152921504606846976","608","Microsoft-Windows-TerminalServices-LocalSessionManager","5d896912-022d-40aa-a3a8-4fa5515c76d7","Microsoft-Windows-TerminalServices-LocalSessionManager/Operational","1192","5348","DESKTOP-3HO80GL","S-1-5-18","7/18/2024 11:48:57 PM",,,"Microsoft-Windows-TerminalServices-LocalSessionManager/Operational","System.UInt32[]","System.Diagnostics.Eventing.Reader.EventBookmark","Information","Info",,"System.Collections.ObjectModel.ReadOnlyCollection`1[System.String]","System.Collections.Generic.List`1[System.Diagnostics.Eventing.Reader.EventProperty]"
"Session 9 has been disconnected by session 9","39","0",,"4","0","0","1152921504606846976","607","Microsoft-Windows-TerminalServices-LocalSessionManager","5d896912-022d-40aa-a3a8-4fa5515c76d7","Microsoft-Windows-TerminalServices-LocalSessionManager/Operational","1192","5348","DESKTOP-3HO80GL","S-1-5-18","7/18/2024 11:48:57 PM",,,"Microsoft-Windows-TerminalServices-LocalSessionManager/Operational","System.UInt32[]","System.Diagnostics.Eventing.Reader.EventBookmark","Information","Info",,"System.Collections.ObjectModel.ReadOnlyCollection`1[System.String]","System.Collections.Generic.List`1[System.Diagnostics.Eventing.Reader.EventProperty]"
"Remote Desktop Services: Session logoff succeeded:

User: DESKTOP-3HO80GL\user
Session ID: 9","23","0",,"4","0","0","1152921504606846976","606","Microsoft-Windows-TerminalServices-LocalSessionManager","5d896912-022d-40aa-a3a8-4fa5515c76d7","Microsoft-Windows-TerminalServices-LocalSessionManager/Operational","1192","5348","DESKTOP-3HO80GL","S-1-5-18","7/18/2024 11:48:57 PM","61a55000-55e5-1017-0000-000000000000",,"Microsoft-Windows-TerminalServices-LocalSessionManager/Operational","System.UInt32[]","System.Diagnostics.Eventing.Reader.EventBookmark","Information","Info",,"System.Collections.ObjectModel.ReadOnlyCollection`1[System.String]","System.Collections.Generic.List`1[System.Diagnostics.Eventing.Reader.EventProperty]"
"An error occurred when transitioning from DesktopLocked in response to EvDesktopLocked. (ErrorCode 0x8007139F)","36","0",,"2","0","0","1152921504606846976","605","Microsoft-Windows-TerminalServices-LocalSessionManager","5d896912-022d-40aa-a3a8-4fa5515c76d7","Microsoft-Windows-TerminalServices-LocalSessionManager/Operational","1192","21320","DESKTOP-3HO80GL","S-1-5-18","7/18/2024 7:16:08 PM","61a55000-55e5-1017-0000-000000000000",,"Microsoft-Windows-TerminalServices-LocalSessionManager/Operational","System.UInt32[]","System.Diagnostics.Eventing.Reader.EventBookmark","Error","Info",,"System.Collections.ObjectModel.ReadOnlyCollection`1[System.String]","System.Collections.Generic.List`1[System.Diagnostics.Eventing.Reader.EventProperty]"
"Remote Desktop Services: Shell start notification received:

User: DESKTOP-3HO80GL\user
Session ID: 9
Source Network Address: LOCAL","22","0",,"4","0","0","1152921504606846976","604","Microsoft-Windows-TerminalServices-LocalSessionManager","5d896912-022d-40aa-a3a8-4fa5515c76d7","Microsoft-Windows-TerminalServices-LocalSessionManager/Operational","1192","7932","DESKTOP-3HO80GL","S-1-5-18","7/18/2024 7:16:08 PM","61a55000-55e5-1017-0000-000000000000",,"Microsoft-Windows-TerminalServices-LocalSessionManager/Operational","System.UInt32[]","System.Diagnostics.Eventing.Reader.EventBookmark","Information","Info",,"System.Collections.ObjectModel.ReadOnlyCollection`1[System.String]","System.Collections.Generic.List`1[System.Diagnostics.Eventing.Reader.EventProperty]"
"Remote Desktop Services: Session logon succeeded:

User: DESKTOP-3HO80GL\user
Session ID: 9
Source Network Address: LOCAL","21","0",,"4","0","0","1152921504606846976","603","Microsoft-Windows-TerminalServices-LocalSessionManager","5d896912-022d-40aa-a3a8-4fa5515c76d7","Microsoft-Windows-TerminalServices-LocalSessionManager/Operational","1192","18288","DESKTOP-3HO80GL","S-1-5-18","7/18/2024 7:16:08 PM","61a55000-55e5-1017-0000-000000000000",,"Microsoft-Windows-TerminalServices-LocalSessionManager/Operational","System.UInt32[]","System.Diagnostics.Eventing.Reader.EventBookmark","Information","Info",,"System.Collections.ObjectModel.ReadOnlyCollection`1[System.String]","System.Collections.Generic.List`1[System.Diagnostics.Eventing.Reader.EventProperty]"
"End session arbitration:

User: DESKTOP-3HO80GL\user
Session ID: 9","42","0",,"4","0","0","1152921504606846976","602","Microsoft-Windows-TerminalServices-LocalSessionManager","5d896912-022d-40aa-a3a8-4fa5515c76d7","Microsoft-Windows-TerminalServices-LocalSessionManager/Operational","1192","18288","DESKTOP-3HO80GL","S-1-5-18","7/18/2024 7:16:08 PM","61a55000-55e5-1017-0000-000000000000",,"Microsoft-Windows-TerminalServices-LocalSessionManager/Operational","System.UInt32[]","System.Diagnostics.Eventing.Reader.EventBookmark","Information","Info",,"System.Collections.ObjectModel.ReadOnlyCollection`1[System.String]","System.Collections.Generic.List`1[System.Diagnostics.Eventing.Reader.EventProperty]"
"Begin session arbitration:

User: DESKTOP-3HO80GL\user
Session ID: 9","41","0",,"4","0","0","1152921504606846976","601","Microsoft-Windows-TerminalServices-LocalSessionManager","5d896912-022d-40aa-a3a8-4fa5515c76d7","Microsoft-Windows-TerminalServices-LocalSessionManager/Operational","1192","18288","DESKTOP-3HO80GL","S-1-5-18","7/18/2024 7:16:08 PM","61a55000-55e5-1017-0000-000000000000",,"Microsoft-Windows-TerminalServices-LocalSessionManager/Operational","System.UInt32[]","System.Diagnostics.Eventing.Reader.EventBookmark","Information","Info",,"System.Collections.ObjectModel.ReadOnlyCollection`1[System.String]","System.Collections.Generic.List`1[System.Diagnostics.Eventing.Reader.EventProperty]"
"Remote Desktop Services: Session has been disconnected:

User: DESKTOP-3HO80GL\user
Session ID: 8
Source Network Address: LOCAL","24","0",,"4","0","0","1152921504606846976","600","Microsoft-Windows-TerminalServices-LocalSessionManager","5d896912-022d-40aa-a3a8-4fa5515c76d7","Microsoft-Windows-TerminalServices-LocalSessionManager/Operational","1192","2308","DESKTOP-3HO80GL","S-1-5-18","7/18/2024 1:55:40 PM",,,"Microsoft-Windows-TerminalServices-LocalSessionManager/Operational","System.UInt32[]","System.Diagnostics.Eventing.Reader.EventBookmark","Information","Info",,"System.Collections.ObjectModel.ReadOnlyCollection`1[System.String]","System.Collections.Generic.List`1[System.Diagnostics.Eventing.Reader.EventProperty]"
"Session 9 has been disconnected, reason code 11","40","0",,"4","0","0","1152921504606846976","599","Microsoft-Windows-TerminalServices-LocalSessionManager","5d896912-022d-40aa-a3a8-4fa5515c76d7","Microsoft-Windows-TerminalServices-LocalSessionManager/Operational","1192","20516","DESKTOP-3HO80GL","S-1-5-18","7/18/2024 1:55:40 PM",,,"Microsoft-Windows-TerminalServices-LocalSessionManager/Operational","System.UInt32[]","System.Diagnostics.Eventing.Reader.EventBookmark","Information","Info",,"System.Collections.ObjectModel.ReadOnlyCollection`1[System.String]","System.Collections.Generic.List`1[System.Diagnostics.Eventing.Reader.EventProperty]"
"Session 8 has been disconnected, reason code 11","40","0",,"4","0","0","1152921504606846976","598","Microsoft-Windows-TerminalServices-LocalSessionManager","5d896912-022d-40aa-a3a8-4fa5515c76d7","Microsoft-Windows-TerminalServices-LocalSessionManager/Operational","1192","2308","DESKTOP-3HO80GL","S-1-5-18","7/18/2024 1:55:40 PM",,,"Microsoft-Windows-TerminalServices-LocalSessionManager/Operational","System.UInt32[]","System.Diagnostics.Eventing.Reader.EventBookmark","Information","Info",,"System.Collections.ObjectModel.ReadOnlyCollection`1[System.String]","System.Collections.Generic.List`1[System.Diagnostics.Eventing.Reader.EventProperty]"
"Session 8 has been disconnected by session 8","39","0",,"4","0","0","1152921504606846976","597","Microsoft-Windows-TerminalServices-LocalSessionManager","5d896912-022d-40aa-a3a8-4fa5515c76d7","Microsoft-Windows-TerminalServices-LocalSessionManager/Operational","1192","2308","DESKTOP-3HO80GL","S-1-5-18","7/18/2024 1:55:40 PM",,,"Microsoft-Windows-TerminalServices-LocalSessionManager/Operational","System.UInt32[]","System.Diagnostics.Eventing.Reader.EventBookmark","Information","Info",,"System.Collections.ObjectModel.ReadOnlyCollection`1[System.String]","System.Collections.Generic.List`1[System.Diagnostics.Eventing.Reader.EventProperty]"
"Remote Desktop Services: Session logoff succeeded:

User: DESKTOP-3HO80GL\user
Session ID: 8","23","0",,"4","0","0","1152921504606846976","596","Microsoft-Windows-TerminalServices-LocalSessionManager","5d896912-022d-40aa-a3a8-4fa5515c76d7","Microsoft-Windows-TerminalServices-LocalSessionManager/Operational","1192","7932","DESKTOP-3HO80GL","S-1-5-18","7/18/2024 1:55:39 PM","61a55000-55e5-1017-0000-000000000000",,"Microsoft-Windows-TerminalServices-LocalSessionManager/Operational","System.UInt32[]","System.Diagnostics.Eventing.Reader.EventBookmark","Information","Info",,"System.Collections.ObjectModel.ReadOnlyCollection`1[System.String]","System.Collections.Generic.List`1[System.Diagnostics.Eventing.Reader.EventProperty]"
"An error occurred when transitioning from DesktopLocked in response to EvDesktopLocked. (ErrorCode 0x8007139F)","36","0",,"2","0","0","1152921504606846976","595","Microsoft-Windows-TerminalServices-LocalSessionManager","5d896912-022d-40aa-a3a8-4fa5515c76d7","Microsoft-Windows-TerminalServices-LocalSessionManager/Operational","1192","18288","DESKTOP-3HO80GL","S-1-5-18","7/18/2024 1:54:38 PM","61a55000-55e5-1017-0000-000000000000",,"Microsoft-Windows-TerminalServices-LocalSessionManager/Operational","System.UInt32[]","System.Diagnostics.Eventing.Reader.EventBookmark","Error","Info",,"System.Collections.ObjectModel.ReadOnlyCollection`1[System.String]","System.Collections.Generic.List`1[System.Diagnostics.Eventing.Reader.EventProperty]"
"Remote Desktop Services: Shell start notification received:

