User: DESKTOP-3HO80GL\user
Session ID: 7
Source Network Address: LOCAL","24","0",,"4","0","0","1152921504606846976","941","Microsoft-Windows-TerminalServices-LocalSessionManager","5d896912-022d-40aa-a3a8-4fa5515c76d7","Microsoft-Windows-TerminalServices-LocalSessionManager/Operational","1200","7136","DESKTOP-3HO80GL","S-1-5-18","10/15/2024 10:58:40 PM",,,"Microsoft-Windows-TerminalServices-LocalSessionManager/Operational","System.UInt32[]","System.Diagnostics.Eventing.Reader.EventBookmark","Information","Info",,"System.Collections.ObjectModel.ReadOnlyCollection`1[System.String]","System.Collections.Generic.List`1[System.Diagnostics.Eventing.Reader.EventProperty]"
"Session 8 has been disconnected, reason code 11","40","0",,"4","0","0","1152921504606846976","940","Microsoft-Windows-TerminalServices-LocalSessionManager","5d896912-022d-40aa-a3a8-4fa5515c76d7","Microsoft-Windows-TerminalServices-LocalSessionManager/Operational","1200","17816","DESKTOP-3HO80GL","S-1-5-18","10/15/2024 10:58:40 PM",,,"Microsoft-Windows-TerminalServices-LocalSessionManager/Operational","System.UInt32[]","System.Diagnostics.Eventing.Reader.EventBookmark","Information","Info",,"System.Collections.ObjectModel.ReadOnlyCollection`1[System.String]","System.Collections.Generic.List`1[System.Diagnostics.Eventing.Reader.EventProperty]"
"Session 7 has been disconnected, reason code 11","40","0",,"4","0","0","1152921504606846976","939","Microsoft-Windows-TerminalServices-LocalSessionManager","5d896912-022d-40aa-a3a8-4fa5515c76d7","Microsoft-Windows-TerminalServices-LocalSessionManager/Operational","1200","7136","DESKTOP-3HO80GL","S-1-5-18","10/15/2024 10:58:40 PM",,,"Microsoft-Windows-TerminalServices-LocalSessionManager/Operational","System.UInt32[]","System.Diagnostics.Eventing.Reader.EventBookmark","Information","Info",,"System.Collections.ObjectModel.ReadOnlyCollection`1[System.String]","System.Collections.Generic.List`1[System.Diagnostics.Eventing.Reader.EventProperty]"
"Session 7 has been disconnected by session 7","39","0",,"4","0","0","1152921504606846976","938","Microsoft-Windows-TerminalServices-LocalSessionManager","5d896912-022d-40aa-a3a8-4fa5515c76d7","Microsoft-Windows-TerminalServices-LocalSessionManager/Operational","1200","7136","DESKTOP-3HO80GL","S-1-5-18","10/15/2024 10:58:40 PM",,,"Microsoft-Windows-TerminalServices-LocalSessionManager/Operational","System.UInt32[]","System.Diagnostics.Eventing.Reader.EventBookmark","Information","Info",,"System.Collections.ObjectModel.ReadOnlyCollection`1[System.String]","System.Collections.Generic.List`1[System.Diagnostics.Eventing.Reader.EventProperty]"
"Remote Desktop Services: Session logoff succeeded:

User: DESKTOP-3HO80GL\user
Session ID: 7","23","0",,"4","0","0","1152921504606846976","937","Microsoft-Windows-TerminalServices-LocalSessionManager","5d896912-022d-40aa-a3a8-4fa5515c76d7","Microsoft-Windows-TerminalServices-LocalSessionManager/Operational","1200","7136","DESKTOP-3HO80GL","S-1-5-18","10/15/2024 10:58:40 PM","61a55000-55e5-1017-0000-000000000000",,"Microsoft-Windows-TerminalServices-LocalSessionManager/Operational","System.UInt32[]","System.Diagnostics.Eventing.Reader.EventBookmark","Information","Info",,"System.Collections.ObjectModel.ReadOnlyCollection`1[System.String]","System.Collections.Generic.List`1[System.Diagnostics.Eventing.Reader.EventProperty]"
"An error occurred when transitioning from DesktopLocked in response to EvDesktopLocked. (ErrorCode 0x8007139F)","36","0",,"2","0","0","1152921504606846976","936","Microsoft-Windows-TerminalServices-LocalSessionManager","5d896912-022d-40aa-a3a8-4fa5515c76d7","Microsoft-Windows-TerminalServices-LocalSessionManager/Operational","1200","17492","DESKTOP-3HO80GL","S-1-5-18","10/10/2024 7:32:03 PM","61a55000-55e5-1017-0000-000000000000",,"Microsoft-Windows-TerminalServices-LocalSessionManager/Operational","System.UInt32[]","System.Diagnostics.Eventing.Reader.EventBookmark","Error","Info",,"System.Collections.ObjectModel.ReadOnlyCollection`1[System.String]","System.Collections.Generic.List`1[System.Diagnostics.Eventing.Reader.EventProperty]"
"Remote Desktop Services: Shell start notification received:

User: DESKTOP-3HO80GL\user
Session ID: 7
Source Network Address: LOCAL","22","0",,"4","0","0","1152921504606846976","935","Microsoft-Windows-TerminalServices-LocalSessionManager","5d896912-022d-40aa-a3a8-4fa5515c76d7","Microsoft-Windows-TerminalServices-LocalSessionManager/Operational","1200","17556","DESKTOP-3HO80GL","S-1-5-18","10/10/2024 7:32:03 PM","61a55000-55e5-1017-0000-000000000000",,"Microsoft-Windows-TerminalServices-LocalSessionManager/Operational","System.UInt32[]","System.Diagnostics.Eventing.Reader.EventBookmark","Information","Info",,"System.Collections.ObjectModel.ReadOnlyCollection`1[System.String]","System.Collections.Generic.List`1[System.Diagnostics.Eventing.Reader.EventProperty]"
"Remote Desktop Services: Session logon succeeded:

User: DESKTOP-3HO80GL\user
Session ID: 7
Source Network Address: LOCAL","21","0",,"4","0","0","1152921504606846976","934","Microsoft-Windows-TerminalServices-LocalSessionManager","5d896912-022d-40aa-a3a8-4fa5515c76d7","Microsoft-Windows-TerminalServices-LocalSessionManager/Operational","1200","13168","DESKTOP-3HO80GL","S-1-5-18","10/10/2024 7:32:03 PM","61a55000-55e5-1017-0000-000000000000",,"Microsoft-Windows-TerminalServices-LocalSessionManager/Operational","System.UInt32[]","System.Diagnostics.Eventing.Reader.EventBookmark","Information","Info",,"System.Collections.ObjectModel.ReadOnlyCollection`1[System.String]","System.Collections.Generic.List`1[System.Diagnostics.Eventing.Reader.EventProperty]"
"End session arbitration:

User: DESKTOP-3HO80GL\user
Session ID: 7","42","0",,"4","0","0","1152921504606846976","933","Microsoft-Windows-TerminalServices-LocalSessionManager","5d896912-022d-40aa-a3a8-4fa5515c76d7","Microsoft-Windows-TerminalServices-LocalSessionManager/Operational","1200","13168","DESKTOP-3HO80GL","S-1-5-18","10/10/2024 7:32:03 PM","61a55000-55e5-1017-0000-000000000000",,"Microsoft-Windows-TerminalServices-LocalSessionManager/Operational","System.UInt32[]","System.Diagnostics.Eventing.Reader.EventBookmark","Information","Info",,"System.Collections.ObjectModel.ReadOnlyCollection`1[System.String]","System.Collections.Generic.List`1[System.Diagnostics.Eventing.Reader.EventProperty]"
"Begin session arbitration:

User: DESKTOP-3HO80GL\user
Session ID: 7","41","0",,"4","0","0","1152921504606846976","932","Microsoft-Windows-TerminalServices-LocalSessionManager","5d896912-022d-40aa-a3a8-4fa5515c76d7","Microsoft-Windows-TerminalServices-LocalSessionManager/Operational","1200","13168","DESKTOP-3HO80GL","S-1-5-18","10/10/2024 7:32:03 PM","61a55000-55e5-1017-0000-000000000000",,"Microsoft-Windows-TerminalServices-LocalSessionManager/Operational","System.UInt32[]","System.Diagnostics.Eventing.Reader.EventBookmark","Information","Info",,"System.Collections.ObjectModel.ReadOnlyCollection`1[System.String]","System.Collections.Generic.List`1[System.Diagnostics.Eventing.Reader.EventProperty]"
"Remote Desktop Services: Session has been disconnected:

User: DESKTOP-3HO80GL\user
Session ID: 6
Source Network Address: LOCAL","24","0",,"4","0","0","1152921504606846976","931","Microsoft-Windows-TerminalServices-LocalSessionManager","5d896912-022d-40aa-a3a8-4fa5515c76d7","Microsoft-Windows-TerminalServices-LocalSessionManager/Operational","1200","12904","DESKTOP-3HO80GL","S-1-5-18","10/10/2024 8:28:49 AM",,,"Microsoft-Windows-TerminalServices-LocalSessionManager/Operational","System.UInt32[]","System.Diagnostics.Eventing.Reader.EventBookmark","Information","Info",,"System.Collections.ObjectModel.ReadOnlyCollection`1[System.String]","System.Collections.Generic.List`1[System.Diagnostics.Eventing.Reader.EventProperty]"
"Session 7 has been disconnected, reason code 11","40","0",,"4","0","0","1152921504606846976","930","Microsoft-Windows-TerminalServices-LocalSessionManager","5d896912-022d-40aa-a3a8-4fa5515c76d7","Microsoft-Windows-TerminalServices-LocalSessionManager/Operational","1200","17556","DESKTOP-3HO80GL","S-1-5-18","10/10/2024 8:28:49 AM",,,"Microsoft-Windows-TerminalServices-LocalSessionManager/Operational","System.UInt32[]","System.Diagnostics.Eventing.Reader.EventBookmark","Information","Info",,"System.Collections.ObjectModel.ReadOnlyCollection`1[System.String]","System.Collections.Generic.List`1[System.Diagnostics.Eventing.Reader.EventProperty]"
"Session 6 has been disconnected, reason code 11","40","0",,"4","0","0","1152921504606846976","929","Microsoft-Windows-TerminalServices-LocalSessionManager","5d896912-022d-40aa-a3a8-4fa5515c76d7","Microsoft-Windows-TerminalServices-LocalSessionManager/Operational","1200","12904","DESKTOP-3HO80GL","S-1-5-18","10/10/2024 8:28:49 AM",,,"Microsoft-Windows-TerminalServices-LocalSessionManager/Operational","System.UInt32[]","System.Diagnostics.Eventing.Reader.EventBookmark","Information","Info",,"System.Collections.ObjectModel.ReadOnlyCollection`1[System.String]","System.Collections.Generic.List`1[System.Diagnostics.Eventing.Reader.EventProperty]"
"Session 6 has been disconnected by session 6","39","0",,"4","0","0","1152921504606846976","928","Microsoft-Windows-TerminalServices-LocalSessionManager","5d896912-022d-40aa-a3a8-4fa5515c76d7","Microsoft-Windows-TerminalServices-LocalSessionManager/Operational","1200","12904","DESKTOP-3HO80GL","S-1-5-18","10/10/2024 8:28:49 AM",,,"Microsoft-Windows-TerminalServices-LocalSessionManager/Operational","System.UInt32[]","System.Diagnostics.Eventing.Reader.EventBookmark","Information","Info",,"System.Collections.ObjectModel.ReadOnlyCollection`1[System.String]","System.Collections.Generic.List`1[System.Diagnostics.Eventing.Reader.EventProperty]"
"Remote Desktop Services: Session logoff succeeded:

User: DESKTOP-3HO80GL\user
Session ID: 6","23","0",,"4","0","0","1152921504606846976","927","Microsoft-Windows-TerminalServices-LocalSessionManager","5d896912-022d-40aa-a3a8-4fa5515c76d7","Microsoft-Windows-TerminalServices-LocalSessionManager/Operational","1200","13168","DESKTOP-3HO80GL","S-1-5-18","10/10/2024 8:28:49 AM","61a55000-55e5-1017-0000-000000000000",,"Microsoft-Windows-TerminalServices-LocalSessionManager/Operational","System.UInt32[]","System.Diagnostics.Eventing.Reader.EventBookmark","Information","Info",,"System.Collections.ObjectModel.ReadOnlyCollection`1[System.String]","System.Collections.Generic.List`1[System.Diagnostics.Eventing.Reader.EventProperty]"
"Remote Desktop Services: Shell start notification received:

User: DESKTOP-3HO80GL\user
Session ID: 6
Source Network Address: LOCAL","22","0",,"4","0","0","1152921504606846976","926","Microsoft-Windows-TerminalServices-LocalSessionManager","5d896912-022d-40aa-a3a8-4fa5515c76d7","Microsoft-Windows-TerminalServices-LocalSessionManager/Operational","1200","9560","DESKTOP-3HO80GL","S-1-5-18","10/9/2024 6:44:26 PM","61a55000-55e5-1017-0000-000000000000",,"Microsoft-Windows-TerminalServices-LocalSessionManager/Operational","System.UInt32[]","System.Diagnostics.Eventing.Reader.EventBookmark","Information","Info",,"System.Collections.ObjectModel.ReadOnlyCollection`1[System.String]","System.Collections.Generic.List`1[System.Diagnostics.Eventing.Reader.EventProperty]"
"Remote Desktop Services: Session logon succeeded:

User: DESKTOP-3HO80GL\user
Session ID: 6
Source Network Address: LOCAL","21","0",,"4","0","0","1152921504606846976","925","Microsoft-Windows-TerminalServices-LocalSessionManager","5d896912-022d-40aa-a3a8-4fa5515c76d7","Microsoft-Windows-TerminalServices-LocalSessionManager/Operational","1200","8628","DESKTOP-3HO80GL","S-1-5-18","10/9/2024 6:44:26 PM","61a55000-55e5-1017-0000-000000000000",,"Microsoft-Windows-TerminalServices-LocalSessionManager/Operational","System.UInt32[]","System.Diagnostics.Eventing.Reader.EventBookmark","Information","Info",,"System.Collections.ObjectModel.ReadOnlyCollection`1[System.String]","System.Collections.Generic.List`1[System.Diagnostics.Eventing.Reader.EventProperty]"
"End session arbitration:

User: DESKTOP-3HO80GL\user
Session ID: 6","42","0",,"4","0","0","1152921504606846976","924","Microsoft-Windows-TerminalServices-LocalSessionManager","5d896912-022d-40aa-a3a8-4fa5515c76d7","Microsoft-Windows-TerminalServices-LocalSessionManager/Operational","1200","8628","DESKTOP-3HO80GL","S-1-5-18","10/9/2024 6:44:26 PM","61a55000-55e5-1017-0000-000000000000",,"Microsoft-Windows-TerminalServices-LocalSessionManager/Operational","System.UInt32[]","System.Diagnostics.Eventing.Reader.EventBookmark","Information","Info",,"System.Collections.ObjectModel.ReadOnlyCollection`1[System.String]","System.Collections.Generic.List`1[System.Diagnostics.Eventing.Reader.EventProperty]"
"Begin session arbitration:

User: DESKTOP-3HO80GL\user
Session ID: 6","41","0",,"4","0","0","1152921504606846976","923","Microsoft-Windows-TerminalServices-LocalSessionManager","5d896912-022d-40aa-a3a8-4fa5515c76d7","Microsoft-Windows-TerminalServices-LocalSessionManager/Operational","1200","8628","DESKTOP-3HO80GL","S-1-5-18","10/9/2024 6:44:26 PM","61a55000-55e5-1017-0000-000000000000",,"Microsoft-Windows-TerminalServices-LocalSessionManager/Operational","System.UInt32[]","System.Diagnostics.Eventing.Reader.EventBookmark","Information","Info",,"System.Collections.ObjectModel.ReadOnlyCollection`1[System.String]","System.Collections.Generic.List`1[System.Diagnostics.Eventing.Reader.EventProperty]"
"Remote Desktop Services: Session has been disconnected:

User: DESKTOP-3HO80GL\user
Session ID: 5
Source Network Address: LOCAL","24","0",,"4","0","0","1152921504606846976","922","Microsoft-Windows-TerminalServices-LocalSessionManager","5d896912-022d-40aa-a3a8-4fa5515c76d7","Microsoft-Windows-TerminalServices-LocalSessionManager/Operational","1200","6816","DESKTOP-3HO80GL","S-1-5-18","10/9/2024 8:19:45 AM",,,"Microsoft-Windows-TerminalServices-LocalSessionManager/Operational","System.UInt32[]","System.Diagnostics.Eventing.Reader.EventBookmark","Information","Info",,"System.Collections.ObjectModel.ReadOnlyCollection`1[System.String]","System.Collections.Generic.List`1[System.Diagnostics.Eventing.Reader.EventProperty]"
"Session 6 has been disconnected, reason code 11","40","0",,"4","0","0","1152921504606846976","921","Microsoft-Windows-TerminalServices-LocalSessionManager","5d896912-022d-40aa-a3a8-4fa5515c76d7","Microsoft-Windows-TerminalServices-LocalSessionManager/Operational","1200","9560","DESKTOP-3HO80GL","S-1-5-18","10/9/2024 8:19:45 AM",,,"Microsoft-Windows-TerminalServices-LocalSessionManager/Operational","System.UInt32[]","System.Diagnostics.Eventing.Reader.EventBookmark","Information","Info",,"System.Collections.ObjectModel.ReadOnlyCollection`1[System.String]","System.Collections.Generic.List`1[System.Diagnostics.Eventing.Reader.EventProperty]"
"Session 5 has been disconnected, reason code 11","40","0",,"4","0","0","1152921504606846976","920","Microsoft-Windows-TerminalServices-LocalSessionManager","5d896912-022d-40aa-a3a8-4fa5515c76d7","Microsoft-Windows-TerminalServices-LocalSessionManager/Operational","1200","6816","DESKTOP-3HO80GL","S-1-5-18","10/9/2024 8:19:45 AM",,,"Microsoft-Windows-TerminalServices-LocalSessionManager/Operational","System.UInt32[]","System.Diagnostics.Eventing.Reader.EventBookmark","Information","Info",,"System.Collections.ObjectModel.ReadOnlyCollection`1[System.String]","System.Collections.Generic.List`1[System.Diagnostics.Eventing.Reader.EventProperty]"
"Session 5 has been disconnected by session 5","39","0",,"4","0","0","1152921504606846976","919","Microsoft-Windows-TerminalServices-LocalSessionManager","5d896912-022d-40aa-a3a8-4fa5515c76d7","Microsoft-Windows-TerminalServices-LocalSessionManager/Operational","1200","6816","DESKTOP-3HO80GL","S-1-5-18","10/9/2024 8:19:45 AM",,,"Microsoft-Windows-TerminalServices-LocalSessionManager/Operational","System.UInt32[]","System.Diagnostics.Eventing.Reader.EventBookmark","Information","Info",,"System.Collections.ObjectModel.ReadOnlyCollection`1[System.String]","System.Collections.Generic.List`1[System.Diagnostics.Eventing.Reader.EventProperty]"
"Remote Desktop Services: Session logoff succeeded:

User: DESKTOP-3HO80GL\user
Session ID: 5","23","0",,"4","0","0","1152921504606846976","918","Microsoft-Windows-TerminalServices-LocalSessionManager","5d896912-022d-40aa-a3a8-4fa5515c76d7","Microsoft-Windows-TerminalServices-LocalSessionManager/Operational","1200","10136","DESKTOP-3HO80GL","S-1-5-18","10/9/2024 8:19:45 AM","61a55000-55e5-1017-0000-000000000000",,"Microsoft-Windows-TerminalServices-LocalSessionManager/Operational","System.UInt32[]","System.Diagnostics.Eventing.Reader.EventBookmark","Information","Info",,"System.Collections.ObjectModel.ReadOnlyCollection`1[System.String]","System.Collections.Generic.List`1[System.Diagnostics.Eventing.Reader.EventProperty]"
"An error occurred when transitioning from DesktopLocked in response to EvDesktopLocked. (ErrorCode 0x8007139F)","36","0",,"2","0","0","1152921504606846976","917","Microsoft-Windows-TerminalServices-LocalSessionManager","5d896912-022d-40aa-a3a8-4fa5515c76d7","Microsoft-Windows-TerminalServices-LocalSessionManager/Operational","1200","10136","DESKTOP-3HO80GL","S-1-5-18","10/9/2024 8:17:14 AM","61a55000-55e5-1017-0000-000000000000",,"Microsoft-Windows-TerminalServices-LocalSessionManager/Operational","System.UInt32[]","System.Diagnostics.Eventing.Reader.EventBookmark","Error","Info",,"System.Collections.ObjectModel.ReadOnlyCollection`1[System.String]","System.Collections.Generic.List`1[System.Diagnostics.Eventing.Reader.EventProperty]"
"Remote Desktop Services: Shell start notification received:

User: DESKTOP-3HO80GL\user
Session ID: 5
Source Network Address: LOCAL","22","0",,"4","0","0","1152921504606846976","916","Microsoft-Windows-TerminalServices-LocalSessionManager","5d896912-022d-40aa-a3a8-4fa5515c76d7","Microsoft-Windows-TerminalServices-LocalSessionManager/Operational","1200","8628","DESKTOP-3HO80GL","S-1-5-18","10/9/2024 8:17:14 AM","61a55000-55e5-1017-0000-000000000000",,"Microsoft-Windows-TerminalServices-LocalSessionManager/Operational","System.UInt32[]","System.Diagnostics.Eventing.Reader.EventBookmark","Information","Info",,"System.Collections.ObjectModel.ReadOnlyCollection`1[System.String]","System.Collections.Generic.List`1[System.Diagnostics.Eventing.Reader.EventProperty]"
"Remote Desktop Services: Session logon succeeded:

User: DESKTOP-3HO80GL\user
Session ID: 5
Source Network Address: LOCAL","21","0",,"4","0","0","1152921504606846976","915","Microsoft-Windows-TerminalServices-LocalSessionManager","5d896912-022d-40aa-a3a8-4fa5515c76d7","Microsoft-Windows-TerminalServices-LocalSessionManager/Operational","1200","9560","DESKTOP-3HO80GL","S-1-5-18","10/9/2024 8:17:14 AM","61a55000-55e5-1017-0000-000000000000",,"Microsoft-Windows-TerminalServices-LocalSessionManager/Operational","System.UInt32[]","System.Diagnostics.Eventing.Reader.EventBookmark","Information","Info",,"System.Collections.ObjectModel.ReadOnlyCollection`1[System.String]","System.Collections.Generic.List`1[System.Diagnostics.Eventing.Reader.EventProperty]"
"End session arbitration:

User: DESKTOP-3HO80GL\user
Session ID: 5","42","0",,"4","0","0","1152921504606846976","914","Microsoft-Windows-TerminalServices-LocalSessionManager","5d896912-022d-40aa-a3a8-4fa5515c76d7","Microsoft-Windows-TerminalServices-LocalSessionManager/Operational","1200","9560","DESKTOP-3HO80GL","S-1-5-18","10/9/2024 8:17:14 AM","61a55000-55e5-1017-0000-000000000000",,"Microsoft-Windows-TerminalServices-LocalSessionManager/Operational","System.UInt32[]","System.Diagnostics.Eventing.Reader.EventBookmark","Information","Info",,"System.Collections.ObjectModel.ReadOnlyCollection`1[System.String]","System.Collections.Generic.List`1[System.Diagnostics.Eventing.Reader.EventProperty]"
"Begin session arbitration:

User: DESKTOP-3HO80GL\user
Session ID: 5","41","0",,"4","0","0","1152921504606846976","913","Microsoft-Windows-TerminalServices-LocalSessionManager","5d896912-022d-40aa-a3a8-4fa5515c76d7","Microsoft-Windows-TerminalServices-LocalSessionManager/Operational","1200","9560","DESKTOP-3HO80GL","S-1-5-18","10/9/2024 8:17:14 AM","61a55000-55e5-1017-0000-000000000000",,"Microsoft-Windows-TerminalServices-LocalSessionManager/Operational","System.UInt32[]","System.Diagnostics.Eventing.Reader.EventBookmark","Information","Info",,"System.Collections.ObjectModel.ReadOnlyCollection`1[System.String]","System.Collections.Generic.List`1[System.Diagnostics.Eventing.Reader.EventProperty]"
"Remote Desktop Services: Session has been disconnected:

User: DESKTOP-3HO80GL\user
Session ID: 4
Source Network Address: LOCAL","24","0",,"4","0","0","1152921504606846976","912","Microsoft-Windows-TerminalServices-LocalSessionManager","5d896912-022d-40aa-a3a8-4fa5515c76d7","Microsoft-Windows-TerminalServices-LocalSessionManager/Operational","1200","8628","DESKTOP-3HO80GL","S-1-5-18","10/9/2024 1:44:07 AM",,,"Microsoft-Windows-TerminalServices-LocalSessionManager/Operational","System.UInt32[]","System.Diagnostics.Eventing.Reader.EventBookmark","Information","Info",,"System.Collections.ObjectModel.ReadOnlyCollection`1[System.String]","System.Collections.Generic.List`1[System.Diagnostics.Eventing.Reader.EventProperty]"
"Session 5 has been disconnected, reason code 11","40","0",,"4","0","0","1152921504606846976","911","Microsoft-Windows-TerminalServices-LocalSessionManager","5d896912-022d-40aa-a3a8-4fa5515c76d7","Microsoft-Windows-TerminalServices-LocalSessionManager/Operational","1200","3584","DESKTOP-3HO80GL","S-1-5-18","10/9/2024 1:44:07 AM",,,"Microsoft-Windows-TerminalServices-LocalSessionManager/Operational","System.UInt32[]","System.Diagnostics.Eventing.Reader.EventBookmark","Information","Info",,"System.Collections.ObjectModel.ReadOnlyCollection`1[System.String]","System.Collections.Generic.List`1[System.Diagnostics.Eventing.Reader.EventProperty]"
"Session 4 has been disconnected, reason code 11","40","0",,"4","0","0","1152921504606846976","910","Microsoft-Windows-TerminalServices-LocalSessionManager","5d896912-022d-40aa-a3a8-4fa5515c76d7","Microsoft-Windows-TerminalServices-LocalSessionManager/Operational","1200","8628","DESKTOP-3HO80GL","S-1-5-18","10/9/2024 1:44:07 AM",,,"Microsoft-Windows-TerminalServices-LocalSessionManager/Operational","System.UInt32[]","System.Diagnostics.Eventing.Reader.EventBookmark","Information","Info",,"System.Collections.ObjectModel.ReadOnlyCollection`1[System.String]","System.Collections.Generic.List`1[System.Diagnostics.Eventing.Reader.EventProperty]"
"Session 4 has been disconnected by session 4","39","0",,"4","0","0","1152921504606846976","909","Microsoft-Windows-TerminalServices-LocalSessionManager","5d896912-022d-40aa-a3a8-4fa5515c76d7","Microsoft-Windows-TerminalServices-LocalSessionManager/Operational","1200","8628","DESKTOP-3HO80GL","S-1-5-18","10/9/2024 1:44:07 AM",,,"Microsoft-Windows-TerminalServices-LocalSessionManager/Operational","System.UInt32[]","System.Diagnostics.Eventing.Reader.EventBookmark","Information","Info",,"System.Collections.ObjectModel.ReadOnlyCollection`1[System.String]","System.Collections.Generic.List`1[System.Diagnostics.Eventing.Reader.EventProperty]"
"Remote Desktop Services: Session logoff succeeded:

User: DESKTOP-3HO80GL\user
Session ID: 4","23","0",,"4","0","0","1152921504606846976","908","Microsoft-Windows-TerminalServices-LocalSessionManager","5d896912-022d-40aa-a3a8-4fa5515c76d7","Microsoft-Windows-TerminalServices-LocalSessionManager/Operational","1200","10136","DESKTOP-3HO80GL","S-1-5-18","10/9/2024 1:44:07 AM","61a55000-55e5-1017-0000-000000000000",,"Microsoft-Windows-TerminalServices-LocalSessionManager/Operational","System.UInt32[]","System.Diagnostics.Eventing.Reader.EventBookmark","Information","Info",,"System.Collections.ObjectModel.ReadOnlyCollection`1[System.String]","System.Collections.Generic.List`1[System.Diagnostics.Eventing.Reader.EventProperty]"
"An error occurred when transitioning from DesktopLocked in response to EvDesktopLocked. (ErrorCode 0x8007139F)","36","0",,"2","0","0","1152921504606846976","907","Microsoft-Windows-TerminalServices-LocalSessionManager","5d896912-022d-40aa-a3a8-4fa5515c76d7","Microsoft-Windows-TerminalServices-LocalSessionManager/Operational","1200","6176","DESKTOP-3HO80GL","S-1-5-18","10/8/2024 5:50:17 PM","61a55000-55e5-1017-0000-000000000000",,"Microsoft-Windows-TerminalServices-LocalSessionManager/Operational","System.UInt32[]","System.Diagnostics.Eventing.Reader.EventBookmark","Error","Info",,"System.Collections.ObjectModel.ReadOnlyCollection`1[System.String]","System.Collections.Generic.List`1[System.Diagnostics.Eventing.Reader.EventProperty]"
"Remote Desktop Services: Shell start notification received:

User: DESKTOP-3HO80GL\user
Session ID: 4
Source Network Address: LOCAL","22","0",,"4","0","0","1152921504606846976","906","Microsoft-Windows-TerminalServices-LocalSessionManager","5d896912-022d-40aa-a3a8-4fa5515c76d7","Microsoft-Windows-TerminalServices-LocalSessionManager/Operational","1200","9156","DESKTOP-3HO80GL","S-1-5-18","10/8/2024 5:50:17 PM","61a55000-55e5-1017-0000-000000000000",,"Microsoft-Windows-TerminalServices-LocalSessionManager/Operational","System.UInt32[]","System.Diagnostics.Eventing.Reader.EventBookmark","Information","Info",,"System.Collections.ObjectModel.ReadOnlyCollection`1[System.String]","System.Collections.Generic.List`1[System.Diagnostics.Eventing.Reader.EventProperty]"
"Remote Desktop Services: Session logon succeeded:

User: DESKTOP-3HO80GL\user
Session ID: 4
Source Network Address: LOCAL","21","0",,"4","0","0","1152921504606846976","905","Microsoft-Windows-TerminalServices-LocalSessionManager","5d896912-022d-40aa-a3a8-4fa5515c76d7","Microsoft-Windows-TerminalServices-LocalSessionManager/Operational","1200","9156","DESKTOP-3HO80GL","S-1-5-18","10/8/2024 5:50:17 PM","61a55000-55e5-1017-0000-000000000000",,"Microsoft-Windows-TerminalServices-LocalSessionManager/Operational","System.UInt32[]","System.Diagnostics.Eventing.Reader.EventBookmark","Information","Info",,"System.Collections.ObjectModel.ReadOnlyCollection`1[System.String]","System.Collections.Generic.List`1[System.Diagnostics.Eventing.Reader.EventProperty]"
"End session arbitration:

User: DESKTOP-3HO80GL\user
Session ID: 4","42","0",,"4","0","0","1152921504606846976","904","Microsoft-Windows-TerminalServices-LocalSessionManager","5d896912-022d-40aa-a3a8-4fa5515c76d7","Microsoft-Windows-TerminalServices-LocalSessionManager/Operational","1200","9156","DESKTOP-3HO80GL","S-1-5-18","10/8/2024 5:50:17 PM","61a55000-55e5-1017-0000-000000000000",,"Microsoft-Windows-TerminalServices-LocalSessionManager/Operational","System.UInt32[]","System.Diagnostics.Eventing.Reader.EventBookmark","Information","Info",,"System.Collections.ObjectModel.ReadOnlyCollection`1[System.String]","System.Collections.Generic.List`1[System.Diagnostics.Eventing.Reader.EventProperty]"
"Begin session arbitration:

User: DESKTOP-3HO80GL\user
Session ID: 4","41","0",,"4","0","0","1152921504606846976","903","Microsoft-Windows-TerminalServices-LocalSessionManager","5d896912-022d-40aa-a3a8-4fa5515c76d7","Microsoft-Windows-TerminalServices-LocalSessionManager/Operational","1200","9156","DESKTOP-3HO80GL","S-1-5-18","10/8/2024 5:50:17 PM","61a55000-55e5-1017-0000-000000000000",,"Microsoft-Windows-TerminalServices-LocalSessionManager/Operational","System.UInt32[]","System.Diagnostics.Eventing.Reader.EventBookmark","Information","Info",,"System.Collections.ObjectModel.ReadOnlyCollection`1[System.String]","System.Collections.Generic.List`1[System.Diagnostics.Eventing.Reader.EventProperty]"
"Remote Desktop Services: Session has been disconnected:

User: DESKTOP-3HO80GL\user
Session ID: 3
Source Network Address: LOCAL","24","0",,"4","0","0","1152921504606846976","902","Microsoft-Windows-TerminalServices-LocalSessionManager","5d896912-022d-40aa-a3a8-4fa5515c76d7","Microsoft-Windows-TerminalServices-LocalSessionManager/Operational","1200","13092","DESKTOP-3HO80GL","S-1-5-18","10/8/2024 9:44:51 AM",,,"Microsoft-Windows-TerminalServices-LocalSessionManager/Operational","System.UInt32[]","System.Diagnostics.Eventing.Reader.EventBookmark","Information","Info",,"System.Collections.ObjectModel.ReadOnlyCollection`1[System.String]","System.Collections.Generic.List`1[System.Diagnostics.Eventing.Reader.EventProperty]"
"Session 4 has been disconnected, reason code 11","40","0",,"4","0","0","1152921504606846976","901","Microsoft-Windows-TerminalServices-LocalSessionManager","5d896912-022d-40aa-a3a8-4fa5515c76d7","Microsoft-Windows-TerminalServices-LocalSessionManager/Operational","1200","5468","DESKTOP-3HO80GL","S-1-5-18","10/8/2024 9:44:51 AM",,,"Microsoft-Windows-TerminalServices-LocalSessionManager/Operational","System.UInt32[]","System.Diagnostics.Eventing.Reader.EventBookmark","Information","Info",,"System.Collections.ObjectModel.ReadOnlyCollection`1[System.String]","System.Collections.Generic.List`1[System.Diagnostics.Eventing.Reader.EventProperty]"
"Session 3 has been disconnected, reason code 11","40","0",,"4","0","0","1152921504606846976","900","Microsoft-Windows-TerminalServices-LocalSessionManager","5d896912-022d-40aa-a3a8-4fa5515c76d7","Microsoft-Windows-TerminalServices-LocalSessionManager/Operational","1200","13092","DESKTOP-3HO80GL","S-1-5-18","10/8/2024 9:44:51 AM",,,"Microsoft-Windows-TerminalServices-LocalSessionManager/Operational","System.UInt32[]","System.Diagnostics.Eventing.Reader.EventBookmark","Information","Info",,"System.Collections.ObjectModel.ReadOnlyCollection`1[System.String]","System.Collections.Generic.List`1[System.Diagnostics.Eventing.Reader.EventProperty]"
"Session 3 has been disconnected by session 3","39","0",,"4","0","0","1152921504606846976","899","Microsoft-Windows-TerminalServices-LocalSessionManager","5d896912-022d-40aa-a3a8-4fa5515c76d7","Microsoft-Windows-TerminalServices-LocalSessionManager/Operational","1200","13092","DESKTOP-3HO80GL","S-1-5-18","10/8/2024 9:44:51 AM",,,"Microsoft-Windows-TerminalServices-LocalSessionManager/Operational","System.UInt32[]","System.Diagnostics.Eventing.Reader.EventBookmark","Information","Info",,"System.Collections.ObjectModel.ReadOnlyCollection`1[System.String]","System.Collections.Generic.List`1[System.Diagnostics.Eventing.Reader.EventProperty]"
"Remote Desktop Services: Session logoff succeeded:

User: DESKTOP-3HO80GL\user
Session ID: 3","23","0",,"4","0","0","1152921504606846976","898","Microsoft-Windows-TerminalServices-LocalSessionManager","5d896912-022d-40aa-a3a8-4fa5515c76d7","Microsoft-Windows-TerminalServices-LocalSessionManager/Operational","1200","3116","DESKTOP-3HO80GL","S-1-5-18","10/8/2024 9:44:51 AM","61a55000-55e5-1017-0000-000000000000",,"Microsoft-Windows-TerminalServices-LocalSessionManager/Operational","System.UInt32[]","System.Diagnostics.Eventing.Reader.EventBookmark","Information","Info",,"System.Collections.ObjectModel.ReadOnlyCollection`1[System.String]","System.Collections.Generic.List`1[System.Diagnostics.Eventing.Reader.EventProperty]"
"An error occurred when transitioning from DesktopLocked in response to EvDesktopLocked. (ErrorCode 0x8007139F)","36","0",,"2","0","0","1152921504606846976","897","Microsoft-Windows-TerminalServices-LocalSessionManager","5d896912-022d-40aa-a3a8-4fa5515c76d7","Microsoft-Windows-TerminalServices-LocalSessionManager/Operational","1200","12608","DESKTOP-3HO80GL","S-1-5-18","10/8/2024 9:08:05 AM","61a55000-55e5-1017-0000-000000000000",,"Microsoft-Windows-TerminalServices-LocalSessionManager/Operational","System.UInt32[]","System.Diagnostics.Eventing.Reader.EventBookmark","Error","Info",,"System.Collections.ObjectModel.ReadOnlyCollection`1[System.String]","System.Collections.Generic.List`1[System.Diagnostics.Eventing.Reader.EventProperty]"
"Remote Desktop Services: Shell start notification received:

User: DESKTOP-3HO80GL\user
Session ID: 3
Source Network Address: LOCAL","22","0",,"4","0","0","1152921504606846976","896","Microsoft-Windows-TerminalServices-LocalSessionManager","5d896912-022d-40aa-a3a8-4fa5515c76d7","Microsoft-Windows-TerminalServices-LocalSessionManager/Operational","1200","12300","DESKTOP-3HO80GL","S-1-5-18","10/8/2024 9:08:05 AM","61a55000-55e5-1017-0000-000000000000",,"Microsoft-Windows-TerminalServices-LocalSessionManager/Operational","System.UInt32[]","System.Diagnostics.Eventing.Reader.EventBookmark","Information","Info",,"System.Collections.ObjectModel.ReadOnlyCollection`1[System.String]","System.Collections.Generic.List`1[System.Diagnostics.Eventing.Reader.EventProperty]"
"Remote Desktop Services: Session logon succeeded:

User: DESKTOP-3HO80GL\user
Session ID: 3
Source Network Address: LOCAL","21","0",,"4","0","0","1152921504606846976","895","Microsoft-Windows-TerminalServices-LocalSessionManager","5d896912-022d-40aa-a3a8-4fa5515c76d7","Microsoft-Windows-TerminalServices-LocalSessionManager/Operational","1200","12300","DESKTOP-3HO80GL","S-1-5-18","10/8/2024 9:08:05 AM","61a55000-55e5-1017-0000-000000000000",,"Microsoft-Windows-TerminalServices-LocalSessionManager/Operational","System.UInt32[]","System.Diagnostics.Eventing.Reader.EventBookmark","Information","Info",,"System.Collections.ObjectModel.ReadOnlyCollection`1[System.String]","System.Collections.Generic.List`1[System.Diagnostics.Eventing.Reader.EventProperty]"
"End session arbitration:

User: DESKTOP-3HO80GL\user
Session ID: 3","42","0",,"4","0","0","1152921504606846976","894","Microsoft-Windows-TerminalServices-LocalSessionManager","5d896912-022d-40aa-a3a8-4fa5515c76d7","Microsoft-Windows-TerminalServices-LocalSessionManager/Operational","1200","12300","DESKTOP-3HO80GL","S-1-5-18","10/8/2024 9:08:05 AM","61a55000-55e5-1017-0000-000000000000",,"Microsoft-Windows-TerminalServices-LocalSessionManager/Operational","System.UInt32[]","System.Diagnostics.Eventing.Reader.EventBookmark","Information","Info",,"System.Collections.ObjectModel.ReadOnlyCollection`1[System.String]","System.Collections.Generic.List`1[System.Diagnostics.Eventing.Reader.EventProperty]"
"Begin session arbitration:

User: DESKTOP-3HO80GL\user
Session ID: 3","41","0",,"4","0","0","1152921504606846976","893","Microsoft-Windows-TerminalServices-LocalSessionManager","5d896912-022d-40aa-a3a8-4fa5515c76d7","Microsoft-Windows-TerminalServices-LocalSessionManager/Operational","1200","12300","DESKTOP-3HO80GL","S-1-5-18","10/8/2024 9:08:05 AM","61a55000-55e5-1017-0000-000000000000",,"Microsoft-Windows-TerminalServices-LocalSessionManager/Operational","System.UInt32[]","System.Diagnostics.Eventing.Reader.EventBookmark","Information","Info",,"System.Collections.ObjectModel.ReadOnlyCollection`1[System.String]","System.Collections.Generic.List`1[System.Diagnostics.Eventing.Reader.EventProperty]"
"Remote Desktop Services: Session has been disconnected:

User: DESKTOP-3HO80GL\user
Session ID: 2
Source Network Address: LOCAL","24","0",,"4","0","0","1152921504606846976","892","Microsoft-Windows-TerminalServices-LocalSessionManager","5d896912-022d-40aa-a3a8-4fa5515c76d7","Microsoft-Windows-TerminalServices-LocalSessionManager/Operational","1200","7956","DESKTOP-3HO80GL","S-1-5-18","10/8/2024 8:14:34 AM",,,"Microsoft-Windows-TerminalServices-LocalSessionManager/Operational","System.UInt32[]","System.Diagnostics.Eventing.Reader.EventBookmark","Information","Info",,"System.Collections.ObjectModel.ReadOnlyCollection`1[System.String]","System.Collections.Generic.List`1[System.Diagnostics.Eventing.Reader.EventProperty]"
"Session 3 has been disconnected, reason code 11","40","0",,"4","0","0","1152921504606846976","891","Microsoft-Windows-TerminalServices-LocalSessionManager","5d896912-022d-40aa-a3a8-4fa5515c76d7","Microsoft-Windows-TerminalServices-LocalSessionManager/Operational","1200","14600","DESKTOP-3HO80GL","S-1-5-18","10/8/2024 8:14:34 AM",,,"Microsoft-Windows-TerminalServices-LocalSessionManager/Operational","System.UInt32[]","System.Diagnostics.Eventing.Reader.EventBookmark","Information","Info",,"System.Collections.ObjectModel.ReadOnlyCollection`1[System.String]","System.Collections.Generic.List`1[System.Diagnostics.Eventing.Reader.EventProperty]"
"Session 2 has been disconnected, reason code 11","40","0",,"4","0","0","1152921504606846976","890","Microsoft-Windows-TerminalServices-LocalSessionManager","5d896912-022d-40aa-a3a8-4fa5515c76d7","Microsoft-Windows-TerminalServices-LocalSessionManager/Operational","1200","7956","DESKTOP-3HO80GL","S-1-5-18","10/8/2024 8:14:34 AM",,,"Microsoft-Windows-TerminalServices-LocalSessionManager/Operational","System.UInt32[]","System.Diagnostics.Eventing.Reader.EventBookmark","Information","Info",,"System.Collections.ObjectModel.ReadOnlyCollection`1[System.String]","System.Collections.Generic.List`1[System.Diagnostics.Eventing.Reader.EventProperty]"
"Session 2 has been disconnected by session 2","39","0",,"4","0","0","1152921504606846976","889","Microsoft-Windows-TerminalServices-LocalSessionManager","5d896912-022d-40aa-a3a8-4fa5515c76d7","Microsoft-Windows-TerminalServices-LocalSessionManager/Operational","1200","7956","DESKTOP-3HO80GL","S-1-5-18","10/8/2024 8:14:34 AM",,,"Microsoft-Windows-TerminalServices-LocalSessionManager/Operational","System.UInt32[]","System.Diagnostics.Eventing.Reader.EventBookmark","Information","Info",,"System.Collections.ObjectModel.ReadOnlyCollection`1[System.String]","System.Collections.Generic.List`1[System.Diagnostics.Eventing.Reader.EventProperty]"
"Remote Desktop Services: Session logoff succeeded:

User: DESKTOP-3HO80GL\user
Session ID: 2","23","0",,"4","0","0","1152921504606846976","888","Microsoft-Windows-TerminalServices-LocalSessionManager","5d896912-022d-40aa-a3a8-4fa5515c76d7","Microsoft-Windows-TerminalServices-LocalSessionManager/Operational","1200","7956","DESKTOP-3HO80GL","S-1-5-18","10/8/2024 8:14:34 AM","61a55000-55e5-1017-0000-000000000000",,"Microsoft-Windows-TerminalServices-LocalSessionManager/Operational","System.UInt32[]","System.Diagnostics.Eventing.Reader.EventBookmark","Information","Info",,"System.Collections.ObjectModel.ReadOnlyCollection`1[System.String]","System.Collections.Generic.List`1[System.Diagnostics.Eventing.Reader.EventProperty]"
"An error occurred when transitioning from DesktopLocked in response to EvDesktopLocked. (ErrorCode 0x8007139F)","36","0",,"2","0","0","1152921504606846976","887","Microsoft-Windows-TerminalServices-LocalSessionManager","5d896912-022d-40aa-a3a8-4fa5515c76d7","Microsoft-Windows-TerminalServices-LocalSessionManager/Operational","1200","1224","DESKTOP-3HO80GL","S-1-5-18","10/7/2024 10:39:11 PM","61a55000-55e5-1017-0000-000000000000",,"Microsoft-Windows-TerminalServices-LocalSessionManager/Operational","System.UInt32[]","System.Diagnostics.Eventing.Reader.EventBookmark","Error","Info",,"System.Collections.ObjectModel.ReadOnlyCollection`1[System.String]","System.Collections.Generic.List`1[System.Diagnostics.Eventing.Reader.EventProperty]"
"Remote Desktop Services: Shell start notification received:

User: DESKTOP-3HO80GL\user
Session ID: 2
Source Network Address: LOCAL","22","0",,"4","0","0","1152921504606846976","886","Microsoft-Windows-TerminalServices-LocalSessionManager","5d896912-022d-40aa-a3a8-4fa5515c76d7","Microsoft-Windows-TerminalServices-LocalSessionManager/Operational","1200","14076","DESKTOP-3HO80GL","S-1-5-18","10/7/2024 10:39:11 PM","61a55000-55e5-1017-0000-000000000000",,"Microsoft-Windows-TerminalServices-LocalSessionManager/Operational","System.UInt32[]","System.Diagnostics.Eventing.Reader.EventBookmark","Information","Info",,"System.Collections.ObjectModel.ReadOnlyCollection`1[System.String]","System.Collections.Generic.List`1[System.Diagnostics.Eventing.Reader.EventProperty]"
"Remote Desktop Services: Session logon succeeded:

User: DESKTOP-3HO80GL\user
Session ID: 2
Source Network Address: LOCAL","21","0",,"4","0","0","1152921504606846976","885","Microsoft-Windows-TerminalServices-LocalSessionManager","5d896912-022d-40aa-a3a8-4fa5515c76d7","Microsoft-Windows-TerminalServices-LocalSessionManager/Operational","1200","5480","DESKTOP-3HO80GL","S-1-5-18","10/7/2024 10:39:11 PM","61a55000-55e5-1017-0000-000000000000",,"Microsoft-Windows-TerminalServices-LocalSessionManager/Operational","System.UInt32[]","System.Diagnostics.Eventing.Reader.EventBookmark","Information","Info",,"System.Collections.ObjectModel.ReadOnlyCollection`1[System.String]","System.Collections.Generic.List`1[System.Diagnostics.Eventing.Reader.EventProperty]"
"End session arbitration:

User: DESKTOP-3HO80GL\user
Session ID: 2","42","0",,"4","0","0","1152921504606846976","884","Microsoft-Windows-TerminalServices-LocalSessionManager","5d896912-022d-40aa-a3a8-4fa5515c76d7","Microsoft-Windows-TerminalServices-LocalSessionManager/Operational","1200","5480","DESKTOP-3HO80GL","S-1-5-18","10/7/2024 10:39:11 PM","61a55000-55e5-1017-0000-000000000000",,"Microsoft-Windows-TerminalServices-LocalSessionManager/Operational","System.UInt32[]","System.Diagnostics.Eventing.Reader.EventBookmark","Information","Info",,"System.Collections.ObjectModel.ReadOnlyCollection`1[System.String]","System.Collections.Generic.List`1[System.Diagnostics.Eventing.Reader.EventProperty]"
"Begin session arbitration:

User: DESKTOP-3HO80GL\user
Session ID: 2","41","0",,"4","0","0","1152921504606846976","883","Microsoft-Windows-TerminalServices-LocalSessionManager","5d896912-022d-40aa-a3a8-4fa5515c76d7","Microsoft-Windows-TerminalServices-LocalSessionManager/Operational","1200","5480","DESKTOP-3HO80GL","S-1-5-18","10/7/2024 10:39:11 PM","61a55000-55e5-1017-0000-000000000000",,"Microsoft-Windows-TerminalServices-LocalSessionManager/Operational","System.UInt32[]","System.Diagnostics.Eventing.Reader.EventBookmark","Information","Info",,"System.Collections.ObjectModel.ReadOnlyCollection`1[System.String]","System.Collections.Generic.List`1[System.Diagnostics.Eventing.Reader.EventProperty]"
"Remote Desktop Services: Session has been disconnected:

User: DESKTOP-3HO80GL\user
Session ID: 1
Source Network Address: LOCAL","24","0",,"4","0","0","1152921504606846976","882","Microsoft-Windows-TerminalServices-LocalSessionManager","5d896912-022d-40aa-a3a8-4fa5515c76d7","Microsoft-Windows-TerminalServices-LocalSessionManager/Operational","1200","16376","DESKTOP-3HO80GL","S-1-5-18","10/7/2024 1:01:22 AM",,,"Microsoft-Windows-TerminalServices-LocalSessionManager/Operational","System.UInt32[]","System.Diagnostics.Eventing.Reader.EventBookmark","Information","Info",,"System.Collections.ObjectModel.ReadOnlyCollection`1[System.String]","System.Collections.Generic.List`1[System.Diagnostics.Eventing.Reader.EventProperty]"
"Session 2 has been disconnected, reason code 11","40","0",,"4","0","0","1152921504606846976","881","Microsoft-Windows-TerminalServices-LocalSessionManager","5d896912-022d-40aa-a3a8-4fa5515c76d7","Microsoft-Windows-TerminalServices-LocalSessionManager/Operational","1200","16240","DESKTOP-3HO80GL","S-1-5-18","10/7/2024 1:01:22 AM",,,"Microsoft-Windows-TerminalServices-LocalSessionManager/Operational","System.UInt32[]","System.Diagnostics.Eventing.Reader.EventBookmark","Information","Info",,"System.Collections.ObjectModel.ReadOnlyCollection`1[System.String]","System.Collections.Generic.List`1[System.Diagnostics.Eventing.Reader.EventProperty]"
"Session 1 has been disconnected, reason code 11","40","0",,"4","0","0","1152921504606846976","880","Microsoft-Windows-TerminalServices-LocalSessionManager","5d896912-022d-40aa-a3a8-4fa5515c76d7","Microsoft-Windows-TerminalServices-LocalSessionManager/Operational","1200","16376","DESKTOP-3HO80GL","S-1-5-18","10/7/2024 1:01:22 AM",,,"Microsoft-Windows-TerminalServices-LocalSessionManager/Operational","System.UInt32[]","System.Diagnostics.Eventing.Reader.EventBookmark","Information","Info",,"System.Collections.ObjectModel.ReadOnlyCollection`1[System.String]","System.Collections.Generic.List`1[System.Diagnostics.Eventing.Reader.EventProperty]"
"Session 1 has been disconnected by session 1","39","0",,"4","0","0","1152921504606846976","879","Microsoft-Windows-TerminalServices-LocalSessionManager","5d896912-022d-40aa-a3a8-4fa5515c76d7","Microsoft-Windows-TerminalServices-LocalSessionManager/Operational","1200","16376","DESKTOP-3HO80GL","S-1-5-18","10/7/2024 1:01:22 AM",,,"Microsoft-Windows-TerminalServices-LocalSessionManager/Operational","System.UInt32[]","System.Diagnostics.Eventing.Reader.EventBookmark","Information","Info",,"System.Collections.ObjectModel.ReadOnlyCollection`1[System.String]","System.Collections.Generic.List`1[System.Diagnostics.Eventing.Reader.EventProperty]"
"Remote Desktop Services: Session logoff succeeded:

User: DESKTOP-3HO80GL\user
Session ID: 1","23","0",,"4","0","0","1152921504606846976","878","Microsoft-Windows-TerminalServices-LocalSessionManager","5d896912-022d-40aa-a3a8-4fa5515c76d7","Microsoft-Windows-TerminalServices-LocalSessionManager/Operational","1200","16376","DESKTOP-3HO80GL","S-1-5-18","10/7/2024 1:01:22 AM","61a55000-55e5-1017-0000-000000000000",,"Microsoft-Windows-TerminalServices-LocalSessionManager/Operational","System.UInt32[]","System.Diagnostics.Eventing.Reader.EventBookmark","Information","Info",,"System.Collections.ObjectModel.ReadOnlyCollection`1[System.String]","System.Collections.Generic.List`1[System.Diagnostics.Eventing.Reader.EventProperty]"
"An error occurred when transitioning from DesktopLocked in response to EvDesktopLocked. (ErrorCode 0x8007139F)","36","0",,"2","0","0","1152921504606846976","877","Microsoft-Windows-TerminalServices-LocalSessionManager","5d896912-022d-40aa-a3a8-4fa5515c76d7","Microsoft-Windows-TerminalServices-LocalSessionManager/Operational","1200","5176","DESKTOP-3HO80GL","S-1-5-18","9/27/2024 1:16:28 PM","61a55000-55e5-1017-0000-000000000000",,"Microsoft-Windows-TerminalServices-LocalSessionManager/Operational","System.UInt32[]","System.Diagnostics.Eventing.Reader.EventBookmark","Error","Info",,"System.Collections.ObjectModel.ReadOnlyCollection`1[System.String]","System.Collections.Generic.List`1[System.Diagnostics.Eventing.Reader.EventProperty]"
"Remote Desktop Services: Shell start notification received:

User: DESKTOP-3HO80GL\user
Session ID: 1
Source Network Address: LOCAL","22","0",,"4","0","0","1152921504606846976","876","Microsoft-Windows-TerminalServices-LocalSessionManager","5d896912-022d-40aa-a3a8-4fa5515c76d7","Microsoft-Windows-TerminalServices-LocalSessionManager/Operational","1200","1884","DESKTOP-3HO80GL","S-1-5-18","9/27/2024 1:16:26 PM","61a55000-55e5-1017-0000-000000000000",,"Microsoft-Windows-TerminalServices-LocalSessionManager/Operational","System.UInt32[]","System.Diagnostics.Eventing.Reader.EventBookmark","Information","Info",,"System.Collections.ObjectModel.ReadOnlyCollection`1[System.String]","System.Collections.Generic.List`1[System.Diagnostics.Eventing.Reader.EventProperty]"
"Remote Desktop Services: Session logon succeeded:

User: DESKTOP-3HO80GL\user
Session ID: 1
Source Network Address: LOCAL","21","0",,"4","0","0","1152921504606846976","875","Microsoft-Windows-TerminalServices-LocalSessionManager","5d896912-022d-40aa-a3a8-4fa5515c76d7","Microsoft-Windows-TerminalServices-LocalSessionManager/Operational","1200","1300","DESKTOP-3HO80GL","S-1-5-18","9/27/2024 1:16:26 PM","61a55000-55e5-1017-0000-000000000000",,"Microsoft-Windows-TerminalServices-LocalSessionManager/Operational","System.UInt32[]","System.Diagnostics.Eventing.Reader.EventBookmark","Information","Info",,"System.Collections.ObjectModel.ReadOnlyCollection`1[System.String]","System.Collections.Generic.List`1[System.Diagnostics.Eventing.Reader.EventProperty]"
"End session arbitration:

User: DESKTOP-3HO80GL\user
Session ID: 1","42","0",,"4","0","0","1152921504606846976","874","Microsoft-Windows-TerminalServices-LocalSessionManager","5d896912-022d-40aa-a3a8-4fa5515c76d7","Microsoft-Windows-TerminalServices-LocalSessionManager/Operational","1200","2504","DESKTOP-3HO80GL","S-1-5-18","9/27/2024 1:16:26 PM","61a55000-55e5-1017-0000-000000000000",,"Microsoft-Windows-TerminalServices-LocalSessionManager/Operational","System.UInt32[]","System.Diagnostics.Eventing.Reader.EventBookmark","Information","Info",,"System.Collections.ObjectModel.ReadOnlyCollection`1[System.String]","System.Collections.Generic.List`1[System.Diagnostics.Eventing.Reader.EventProperty]"
"Begin session arbitration:

