User: DESKTOP-3HO80GL\user
Session ID: 8
Source Network Address: LOCAL","24","0",,"4","0","0","1152921504606846976","734","Microsoft-Windows-TerminalServices-LocalSessionManager","5d896912-022d-40aa-a3a8-4fa5515c76d7","Microsoft-Windows-TerminalServices-LocalSessionManager/Operational","1208","7284","DESKTOP-3HO80GL","S-1-5-18","8/14/2024 7:52:47 PM",,,"Microsoft-Windows-TerminalServices-LocalSessionManager/Operational","System.UInt32[]","System.Diagnostics.Eventing.Reader.EventBookmark","Information","Info",,"System.Collections.ObjectModel.ReadOnlyCollection`1[System.String]","System.Collections.Generic.List`1[System.Diagnostics.Eventing.Reader.EventProperty]"
"Session 9 has been disconnected, reason code 11","40","0",,"4","0","0","1152921504606846976","733","Microsoft-Windows-TerminalServices-LocalSessionManager","5d896912-022d-40aa-a3a8-4fa5515c76d7","Microsoft-Windows-TerminalServices-LocalSessionManager/Operational","1208","17504","DESKTOP-3HO80GL","S-1-5-18","8/14/2024 7:52:47 PM",,,"Microsoft-Windows-TerminalServices-LocalSessionManager/Operational","System.UInt32[]","System.Diagnostics.Eventing.Reader.EventBookmark","Information","Info",,"System.Collections.ObjectModel.ReadOnlyCollection`1[System.String]","System.Collections.Generic.List`1[System.Diagnostics.Eventing.Reader.EventProperty]"
"Session 8 has been disconnected, reason code 11","40","0",,"4","0","0","1152921504606846976","732","Microsoft-Windows-TerminalServices-LocalSessionManager","5d896912-022d-40aa-a3a8-4fa5515c76d7","Microsoft-Windows-TerminalServices-LocalSessionManager/Operational","1208","7284","DESKTOP-3HO80GL","S-1-5-18","8/14/2024 7:52:47 PM",,,"Microsoft-Windows-TerminalServices-LocalSessionManager/Operational","System.UInt32[]","System.Diagnostics.Eventing.Reader.EventBookmark","Information","Info",,"System.Collections.ObjectModel.ReadOnlyCollection`1[System.String]","System.Collections.Generic.List`1[System.Diagnostics.Eventing.Reader.EventProperty]"
"Session 8 has been disconnected by session 8","39","0",,"4","0","0","1152921504606846976","731","Microsoft-Windows-TerminalServices-LocalSessionManager","5d896912-022d-40aa-a3a8-4fa5515c76d7","Microsoft-Windows-TerminalServices-LocalSessionManager/Operational","1208","7284","DESKTOP-3HO80GL","S-1-5-18","8/14/2024 7:52:47 PM",,,"Microsoft-Windows-TerminalServices-LocalSessionManager/Operational","System.UInt32[]","System.Diagnostics.Eventing.Reader.EventBookmark","Information","Info",,"System.Collections.ObjectModel.ReadOnlyCollection`1[System.String]","System.Collections.Generic.List`1[System.Diagnostics.Eventing.Reader.EventProperty]"
"Remote Desktop Services: Session logoff succeeded:

User: DESKTOP-3HO80GL\user
Session ID: 8","23","0",,"4","0","0","1152921504606846976","730","Microsoft-Windows-TerminalServices-LocalSessionManager","5d896912-022d-40aa-a3a8-4fa5515c76d7","Microsoft-Windows-TerminalServices-LocalSessionManager/Operational","1208","4860","DESKTOP-3HO80GL","S-1-5-18","8/14/2024 7:52:47 PM","61a55000-55e5-1017-0000-000000000000",,"Microsoft-Windows-TerminalServices-LocalSessionManager/Operational","System.UInt32[]","System.Diagnostics.Eventing.Reader.EventBookmark","Information","Info",,"System.Collections.ObjectModel.ReadOnlyCollection`1[System.String]","System.Collections.Generic.List`1[System.Diagnostics.Eventing.Reader.EventProperty]"
"An error occurred when transitioning from DesktopLocked in response to EvDesktopLocked. (ErrorCode 0x8007139F)","36","0",,"2","0","0","1152921504606846976","729","Microsoft-Windows-TerminalServices-LocalSessionManager","5d896912-022d-40aa-a3a8-4fa5515c76d7","Microsoft-Windows-TerminalServices-LocalSessionManager/Operational","1208","16132","DESKTOP-3HO80GL","S-1-5-18","8/11/2024 8:36:29 AM","61a55000-55e5-1017-0000-000000000000",,"Microsoft-Windows-TerminalServices-LocalSessionManager/Operational","System.UInt32[]","System.Diagnostics.Eventing.Reader.EventBookmark","Error","Info",,"System.Collections.ObjectModel.ReadOnlyCollection`1[System.String]","System.Collections.Generic.List`1[System.Diagnostics.Eventing.Reader.EventProperty]"
"Remote Desktop Services: Shell start notification received:

User: DESKTOP-3HO80GL\user
Session ID: 8
Source Network Address: LOCAL","22","0",,"4","0","0","1152921504606846976","728","Microsoft-Windows-TerminalServices-LocalSessionManager","5d896912-022d-40aa-a3a8-4fa5515c76d7","Microsoft-Windows-TerminalServices-LocalSessionManager/Operational","1208","15012","DESKTOP-3HO80GL","S-1-5-18","8/11/2024 8:36:29 AM","61a55000-55e5-1017-0000-000000000000",,"Microsoft-Windows-TerminalServices-LocalSessionManager/Operational","System.UInt32[]","System.Diagnostics.Eventing.Reader.EventBookmark","Information","Info",,"System.Collections.ObjectModel.ReadOnlyCollection`1[System.String]","System.Collections.Generic.List`1[System.Diagnostics.Eventing.Reader.EventProperty]"
"Remote Desktop Services: Session logon succeeded:

User: DESKTOP-3HO80GL\user
Session ID: 8
Source Network Address: LOCAL","21","0",,"4","0","0","1152921504606846976","727","Microsoft-Windows-TerminalServices-LocalSessionManager","5d896912-022d-40aa-a3a8-4fa5515c76d7","Microsoft-Windows-TerminalServices-LocalSessionManager/Operational","1208","15012","DESKTOP-3HO80GL","S-1-5-18","8/11/2024 8:36:29 AM","61a55000-55e5-1017-0000-000000000000",,"Microsoft-Windows-TerminalServices-LocalSessionManager/Operational","System.UInt32[]","System.Diagnostics.Eventing.Reader.EventBookmark","Information","Info",,"System.Collections.ObjectModel.ReadOnlyCollection`1[System.String]","System.Collections.Generic.List`1[System.Diagnostics.Eventing.Reader.EventProperty]"
"End session arbitration:

User: DESKTOP-3HO80GL\user
Session ID: 8","42","0",,"4","0","0","1152921504606846976","726","Microsoft-Windows-TerminalServices-LocalSessionManager","5d896912-022d-40aa-a3a8-4fa5515c76d7","Microsoft-Windows-TerminalServices-LocalSessionManager/Operational","1208","15012","DESKTOP-3HO80GL","S-1-5-18","8/11/2024 8:36:29 AM","61a55000-55e5-1017-0000-000000000000",,"Microsoft-Windows-TerminalServices-LocalSessionManager/Operational","System.UInt32[]","System.Diagnostics.Eventing.Reader.EventBookmark","Information","Info",,"System.Collections.ObjectModel.ReadOnlyCollection`1[System.String]","System.Collections.Generic.List`1[System.Diagnostics.Eventing.Reader.EventProperty]"
"Begin session arbitration:

User: DESKTOP-3HO80GL\user
Session ID: 8","41","0",,"4","0","0","1152921504606846976","725","Microsoft-Windows-TerminalServices-LocalSessionManager","5d896912-022d-40aa-a3a8-4fa5515c76d7","Microsoft-Windows-TerminalServices-LocalSessionManager/Operational","1208","15012","DESKTOP-3HO80GL","S-1-5-18","8/11/2024 8:36:29 AM","61a55000-55e5-1017-0000-000000000000",,"Microsoft-Windows-TerminalServices-LocalSessionManager/Operational","System.UInt32[]","System.Diagnostics.Eventing.Reader.EventBookmark","Information","Info",,"System.Collections.ObjectModel.ReadOnlyCollection`1[System.String]","System.Collections.Generic.List`1[System.Diagnostics.Eventing.Reader.EventProperty]"
"Remote Desktop Services: Session has been disconnected:

User: DESKTOP-3HO80GL\user
Session ID: 7
Source Network Address: LOCAL","24","0",,"4","0","0","1152921504606846976","724","Microsoft-Windows-TerminalServices-LocalSessionManager","5d896912-022d-40aa-a3a8-4fa5515c76d7","Microsoft-Windows-TerminalServices-LocalSessionManager/Operational","1208","4832","DESKTOP-3HO80GL","S-1-5-18","8/11/2024 1:20:21 AM",,,"Microsoft-Windows-TerminalServices-LocalSessionManager/Operational","System.UInt32[]","System.Diagnostics.Eventing.Reader.EventBookmark","Information","Info",,"System.Collections.ObjectModel.ReadOnlyCollection`1[System.String]","System.Collections.Generic.List`1[System.Diagnostics.Eventing.Reader.EventProperty]"
"Session 8 has been disconnected, reason code 11","40","0",,"4","0","0","1152921504606846976","723","Microsoft-Windows-TerminalServices-LocalSessionManager","5d896912-022d-40aa-a3a8-4fa5515c76d7","Microsoft-Windows-TerminalServices-LocalSessionManager/Operational","1208","15536","DESKTOP-3HO80GL","S-1-5-18","8/11/2024 1:20:21 AM",,,"Microsoft-Windows-TerminalServices-LocalSessionManager/Operational","System.UInt32[]","System.Diagnostics.Eventing.Reader.EventBookmark","Information","Info",,"System.Collections.ObjectModel.ReadOnlyCollection`1[System.String]","System.Collections.Generic.List`1[System.Diagnostics.Eventing.Reader.EventProperty]"
"Session 7 has been disconnected, reason code 11","40","0",,"4","0","0","1152921504606846976","722","Microsoft-Windows-TerminalServices-LocalSessionManager","5d896912-022d-40aa-a3a8-4fa5515c76d7","Microsoft-Windows-TerminalServices-LocalSessionManager/Operational","1208","4832","DESKTOP-3HO80GL","S-1-5-18","8/11/2024 1:20:21 AM",,,"Microsoft-Windows-TerminalServices-LocalSessionManager/Operational","System.UInt32[]","System.Diagnostics.Eventing.Reader.EventBookmark","Information","Info",,"System.Collections.ObjectModel.ReadOnlyCollection`1[System.String]","System.Collections.Generic.List`1[System.Diagnostics.Eventing.Reader.EventProperty]"
"Session 7 has been disconnected by session 7","39","0",,"4","0","0","1152921504606846976","721","Microsoft-Windows-TerminalServices-LocalSessionManager","5d896912-022d-40aa-a3a8-4fa5515c76d7","Microsoft-Windows-TerminalServices-LocalSessionManager/Operational","1208","4832","DESKTOP-3HO80GL","S-1-5-18","8/11/2024 1:20:21 AM",,,"Microsoft-Windows-TerminalServices-LocalSessionManager/Operational","System.UInt32[]","System.Diagnostics.Eventing.Reader.EventBookmark","Information","Info",,"System.Collections.ObjectModel.ReadOnlyCollection`1[System.String]","System.Collections.Generic.List`1[System.Diagnostics.Eventing.Reader.EventProperty]"
"Remote Desktop Services: Session logoff succeeded:

User: DESKTOP-3HO80GL\user
Session ID: 7","23","0",,"4","0","0","1152921504606846976","720","Microsoft-Windows-TerminalServices-LocalSessionManager","5d896912-022d-40aa-a3a8-4fa5515c76d7","Microsoft-Windows-TerminalServices-LocalSessionManager/Operational","1208","7892","DESKTOP-3HO80GL","S-1-5-18","8/11/2024 1:20:21 AM","61a55000-55e5-1017-0000-000000000000",,"Microsoft-Windows-TerminalServices-LocalSessionManager/Operational","System.UInt32[]","System.Diagnostics.Eventing.Reader.EventBookmark","Information","Info",,"System.Collections.ObjectModel.ReadOnlyCollection`1[System.String]","System.Collections.Generic.List`1[System.Diagnostics.Eventing.Reader.EventProperty]"
"An error occurred when transitioning from DesktopLocked in response to EvDesktopLocked. (ErrorCode 0x8007139F)","36","0",,"2","0","0","1152921504606846976","719","Microsoft-Windows-TerminalServices-LocalSessionManager","5d896912-022d-40aa-a3a8-4fa5515c76d7","Microsoft-Windows-TerminalServices-LocalSessionManager/Operational","1208","15760","DESKTOP-3HO80GL","S-1-5-18","8/9/2024 4:18:09 PM","61a55000-55e5-1017-0000-000000000000",,"Microsoft-Windows-TerminalServices-LocalSessionManager/Operational","System.UInt32[]","System.Diagnostics.Eventing.Reader.EventBookmark","Error","Info",,"System.Collections.ObjectModel.ReadOnlyCollection`1[System.String]","System.Collections.Generic.List`1[System.Diagnostics.Eventing.Reader.EventProperty]"
"Remote Desktop Services: Shell start notification received:

User: DESKTOP-3HO80GL\user
Session ID: 7
Source Network Address: LOCAL","22","0",,"4","0","0","1152921504606846976","718","Microsoft-Windows-TerminalServices-LocalSessionManager","5d896912-022d-40aa-a3a8-4fa5515c76d7","Microsoft-Windows-TerminalServices-LocalSessionManager/Operational","1208","14116","DESKTOP-3HO80GL","S-1-5-18","8/9/2024 4:18:08 PM","61a55000-55e5-1017-0000-000000000000",,"Microsoft-Windows-TerminalServices-LocalSessionManager/Operational","System.UInt32[]","System.Diagnostics.Eventing.Reader.EventBookmark","Information","Info",,"System.Collections.ObjectModel.ReadOnlyCollection`1[System.String]","System.Collections.Generic.List`1[System.Diagnostics.Eventing.Reader.EventProperty]"
"Remote Desktop Services: Session logon succeeded:

User: DESKTOP-3HO80GL\user
Session ID: 7
Source Network Address: LOCAL","21","0",,"4","0","0","1152921504606846976","717","Microsoft-Windows-TerminalServices-LocalSessionManager","5d896912-022d-40aa-a3a8-4fa5515c76d7","Microsoft-Windows-TerminalServices-LocalSessionManager/Operational","1208","15508","DESKTOP-3HO80GL","S-1-5-18","8/9/2024 4:18:08 PM","61a55000-55e5-1017-0000-000000000000",,"Microsoft-Windows-TerminalServices-LocalSessionManager/Operational","System.UInt32[]","System.Diagnostics.Eventing.Reader.EventBookmark","Information","Info",,"System.Collections.ObjectModel.ReadOnlyCollection`1[System.String]","System.Collections.Generic.List`1[System.Diagnostics.Eventing.Reader.EventProperty]"
"End session arbitration:

User: DESKTOP-3HO80GL\user
Session ID: 7","42","0",,"4","0","0","1152921504606846976","716","Microsoft-Windows-TerminalServices-LocalSessionManager","5d896912-022d-40aa-a3a8-4fa5515c76d7","Microsoft-Windows-TerminalServices-LocalSessionManager/Operational","1208","15508","DESKTOP-3HO80GL","S-1-5-18","8/9/2024 4:18:08 PM","61a55000-55e5-1017-0000-000000000000",,"Microsoft-Windows-TerminalServices-LocalSessionManager/Operational","System.UInt32[]","System.Diagnostics.Eventing.Reader.EventBookmark","Information","Info",,"System.Collections.ObjectModel.ReadOnlyCollection`1[System.String]","System.Collections.Generic.List`1[System.Diagnostics.Eventing.Reader.EventProperty]"
"Begin session arbitration:

User: DESKTOP-3HO80GL\user
Session ID: 7","41","0",,"4","0","0","1152921504606846976","715","Microsoft-Windows-TerminalServices-LocalSessionManager","5d896912-022d-40aa-a3a8-4fa5515c76d7","Microsoft-Windows-TerminalServices-LocalSessionManager/Operational","1208","15508","DESKTOP-3HO80GL","S-1-5-18","8/9/2024 4:18:08 PM","61a55000-55e5-1017-0000-000000000000",,"Microsoft-Windows-TerminalServices-LocalSessionManager/Operational","System.UInt32[]","System.Diagnostics.Eventing.Reader.EventBookmark","Information","Info",,"System.Collections.ObjectModel.ReadOnlyCollection`1[System.String]","System.Collections.Generic.List`1[System.Diagnostics.Eventing.Reader.EventProperty]"
"Remote Desktop Services: Session has been disconnected:

User: DESKTOP-3HO80GL\user
Session ID: 6
Source Network Address: LOCAL","24","0",,"4","0","0","1152921504606846976","714","Microsoft-Windows-TerminalServices-LocalSessionManager","5d896912-022d-40aa-a3a8-4fa5515c76d7","Microsoft-Windows-TerminalServices-LocalSessionManager/Operational","1208","14116","DESKTOP-3HO80GL","S-1-5-18","8/9/2024 3:51:43 AM",,,"Microsoft-Windows-TerminalServices-LocalSessionManager/Operational","System.UInt32[]","System.Diagnostics.Eventing.Reader.EventBookmark","Information","Info",,"System.Collections.ObjectModel.ReadOnlyCollection`1[System.String]","System.Collections.Generic.List`1[System.Diagnostics.Eventing.Reader.EventProperty]"
"Session 7 has been disconnected, reason code 11","40","0",,"4","0","0","1152921504606846976","713","Microsoft-Windows-TerminalServices-LocalSessionManager","5d896912-022d-40aa-a3a8-4fa5515c76d7","Microsoft-Windows-TerminalServices-LocalSessionManager/Operational","1208","15760","DESKTOP-3HO80GL","S-1-5-18","8/9/2024 3:51:43 AM",,,"Microsoft-Windows-TerminalServices-LocalSessionManager/Operational","System.UInt32[]","System.Diagnostics.Eventing.Reader.EventBookmark","Information","Info",,"System.Collections.ObjectModel.ReadOnlyCollection`1[System.String]","System.Collections.Generic.List`1[System.Diagnostics.Eventing.Reader.EventProperty]"
"Session 6 has been disconnected, reason code 11","40","0",,"4","0","0","1152921504606846976","712","Microsoft-Windows-TerminalServices-LocalSessionManager","5d896912-022d-40aa-a3a8-4fa5515c76d7","Microsoft-Windows-TerminalServices-LocalSessionManager/Operational","1208","14116","DESKTOP-3HO80GL","S-1-5-18","8/9/2024 3:51:43 AM",,,"Microsoft-Windows-TerminalServices-LocalSessionManager/Operational","System.UInt32[]","System.Diagnostics.Eventing.Reader.EventBookmark","Information","Info",,"System.Collections.ObjectModel.ReadOnlyCollection`1[System.String]","System.Collections.Generic.List`1[System.Diagnostics.Eventing.Reader.EventProperty]"
"Session 6 has been disconnected by session 6","39","0",,"4","0","0","1152921504606846976","711","Microsoft-Windows-TerminalServices-LocalSessionManager","5d896912-022d-40aa-a3a8-4fa5515c76d7","Microsoft-Windows-TerminalServices-LocalSessionManager/Operational","1208","14116","DESKTOP-3HO80GL","S-1-5-18","8/9/2024 3:51:43 AM",,,"Microsoft-Windows-TerminalServices-LocalSessionManager/Operational","System.UInt32[]","System.Diagnostics.Eventing.Reader.EventBookmark","Information","Info",,"System.Collections.ObjectModel.ReadOnlyCollection`1[System.String]","System.Collections.Generic.List`1[System.Diagnostics.Eventing.Reader.EventProperty]"
"Remote Desktop Services: Session logoff succeeded:

User: DESKTOP-3HO80GL\user
Session ID: 6","23","0",,"4","0","0","1152921504606846976","710","Microsoft-Windows-TerminalServices-LocalSessionManager","5d896912-022d-40aa-a3a8-4fa5515c76d7","Microsoft-Windows-TerminalServices-LocalSessionManager/Operational","1208","15508","DESKTOP-3HO80GL","S-1-5-18","8/9/2024 3:51:43 AM","61a55000-55e5-1017-0000-000000000000",,"Microsoft-Windows-TerminalServices-LocalSessionManager/Operational","System.UInt32[]","System.Diagnostics.Eventing.Reader.EventBookmark","Information","Info",,"System.Collections.ObjectModel.ReadOnlyCollection`1[System.String]","System.Collections.Generic.List`1[System.Diagnostics.Eventing.Reader.EventProperty]"
"An error occurred when transitioning from DesktopLocked in response to EvDesktopLocked. (ErrorCode 0x8007139F)","36","0",,"2","0","0","1152921504606846976","709","Microsoft-Windows-TerminalServices-LocalSessionManager","5d896912-022d-40aa-a3a8-4fa5515c76d7","Microsoft-Windows-TerminalServices-LocalSessionManager/Operational","1208","9844","DESKTOP-3HO80GL","S-1-5-18","8/6/2024 2:30:26 PM","61a55000-55e5-1017-0000-000000000000",,"Microsoft-Windows-TerminalServices-LocalSessionManager/Operational","System.UInt32[]","System.Diagnostics.Eventing.Reader.EventBookmark","Error","Info",,"System.Collections.ObjectModel.ReadOnlyCollection`1[System.String]","System.Collections.Generic.List`1[System.Diagnostics.Eventing.Reader.EventProperty]"
"Remote Desktop Services: Shell start notification received:

User: DESKTOP-3HO80GL\user
Session ID: 6
Source Network Address: LOCAL","22","0",,"4","0","0","1152921504606846976","708","Microsoft-Windows-TerminalServices-LocalSessionManager","5d896912-022d-40aa-a3a8-4fa5515c76d7","Microsoft-Windows-TerminalServices-LocalSessionManager/Operational","1208","18144","DESKTOP-3HO80GL","S-1-5-18","8/6/2024 2:30:26 PM","61a55000-55e5-1017-0000-000000000000",,"Microsoft-Windows-TerminalServices-LocalSessionManager/Operational","System.UInt32[]","System.Diagnostics.Eventing.Reader.EventBookmark","Information","Info",,"System.Collections.ObjectModel.ReadOnlyCollection`1[System.String]","System.Collections.Generic.List`1[System.Diagnostics.Eventing.Reader.EventProperty]"
"Remote Desktop Services: Session logon succeeded:

User: DESKTOP-3HO80GL\user
Session ID: 6
Source Network Address: LOCAL","21","0",,"4","0","0","1152921504606846976","707","Microsoft-Windows-TerminalServices-LocalSessionManager","5d896912-022d-40aa-a3a8-4fa5515c76d7","Microsoft-Windows-TerminalServices-LocalSessionManager/Operational","1208","9844","DESKTOP-3HO80GL","S-1-5-18","8/6/2024 2:30:26 PM","61a55000-55e5-1017-0000-000000000000",,"Microsoft-Windows-TerminalServices-LocalSessionManager/Operational","System.UInt32[]","System.Diagnostics.Eventing.Reader.EventBookmark","Information","Info",,"System.Collections.ObjectModel.ReadOnlyCollection`1[System.String]","System.Collections.Generic.List`1[System.Diagnostics.Eventing.Reader.EventProperty]"
"End session arbitration:

User: DESKTOP-3HO80GL\user
Session ID: 6","42","0",,"4","0","0","1152921504606846976","706","Microsoft-Windows-TerminalServices-LocalSessionManager","5d896912-022d-40aa-a3a8-4fa5515c76d7","Microsoft-Windows-TerminalServices-LocalSessionManager/Operational","1208","4280","DESKTOP-3HO80GL","S-1-5-18","8/6/2024 2:30:26 PM","61a55000-55e5-1017-0000-000000000000",,"Microsoft-Windows-TerminalServices-LocalSessionManager/Operational","System.UInt32[]","System.Diagnostics.Eventing.Reader.EventBookmark","Information","Info",,"System.Collections.ObjectModel.ReadOnlyCollection`1[System.String]","System.Collections.Generic.List`1[System.Diagnostics.Eventing.Reader.EventProperty]"
"Begin session arbitration:

User: DESKTOP-3HO80GL\user
Session ID: 6","41","0",,"4","0","0","1152921504606846976","705","Microsoft-Windows-TerminalServices-LocalSessionManager","5d896912-022d-40aa-a3a8-4fa5515c76d7","Microsoft-Windows-TerminalServices-LocalSessionManager/Operational","1208","4280","DESKTOP-3HO80GL","S-1-5-18","8/6/2024 2:30:26 PM","61a55000-55e5-1017-0000-000000000000",,"Microsoft-Windows-TerminalServices-LocalSessionManager/Operational","System.UInt32[]","System.Diagnostics.Eventing.Reader.EventBookmark","Information","Info",,"System.Collections.ObjectModel.ReadOnlyCollection`1[System.String]","System.Collections.Generic.List`1[System.Diagnostics.Eventing.Reader.EventProperty]"
"Remote Desktop Services: Session has been disconnected:

User: DESKTOP-3HO80GL\user
Session ID: 5
Source Network Address: LOCAL","24","0",,"4","0","0","1152921504606846976","704","Microsoft-Windows-TerminalServices-LocalSessionManager","5d896912-022d-40aa-a3a8-4fa5515c76d7","Microsoft-Windows-TerminalServices-LocalSessionManager/Operational","1208","4280","DESKTOP-3HO80GL","S-1-5-18","8/6/2024 8:10:13 AM",,,"Microsoft-Windows-TerminalServices-LocalSessionManager/Operational","System.UInt32[]","System.Diagnostics.Eventing.Reader.EventBookmark","Information","Info",,"System.Collections.ObjectModel.ReadOnlyCollection`1[System.String]","System.Collections.Generic.List`1[System.Diagnostics.Eventing.Reader.EventProperty]"
"Session 6 has been disconnected, reason code 11","40","0",,"4","0","0","1152921504606846976","703","Microsoft-Windows-TerminalServices-LocalSessionManager","5d896912-022d-40aa-a3a8-4fa5515c76d7","Microsoft-Windows-TerminalServices-LocalSessionManager/Operational","1208","12104","DESKTOP-3HO80GL","S-1-5-18","8/6/2024 8:10:13 AM",,,"Microsoft-Windows-TerminalServices-LocalSessionManager/Operational","System.UInt32[]","System.Diagnostics.Eventing.Reader.EventBookmark","Information","Info",,"System.Collections.ObjectModel.ReadOnlyCollection`1[System.String]","System.Collections.Generic.List`1[System.Diagnostics.Eventing.Reader.EventProperty]"
"Session 5 has been disconnected, reason code 11","40","0",,"4","0","0","1152921504606846976","702","Microsoft-Windows-TerminalServices-LocalSessionManager","5d896912-022d-40aa-a3a8-4fa5515c76d7","Microsoft-Windows-TerminalServices-LocalSessionManager/Operational","1208","4280","DESKTOP-3HO80GL","S-1-5-18","8/6/2024 8:10:13 AM",,,"Microsoft-Windows-TerminalServices-LocalSessionManager/Operational","System.UInt32[]","System.Diagnostics.Eventing.Reader.EventBookmark","Information","Info",,"System.Collections.ObjectModel.ReadOnlyCollection`1[System.String]","System.Collections.Generic.List`1[System.Diagnostics.Eventing.Reader.EventProperty]"
"Session 5 has been disconnected by session 5","39","0",,"4","0","0","1152921504606846976","701","Microsoft-Windows-TerminalServices-LocalSessionManager","5d896912-022d-40aa-a3a8-4fa5515c76d7","Microsoft-Windows-TerminalServices-LocalSessionManager/Operational","1208","4280","DESKTOP-3HO80GL","S-1-5-18","8/6/2024 8:10:13 AM",,,"Microsoft-Windows-TerminalServices-LocalSessionManager/Operational","System.UInt32[]","System.Diagnostics.Eventing.Reader.EventBookmark","Information","Info",,"System.Collections.ObjectModel.ReadOnlyCollection`1[System.String]","System.Collections.Generic.List`1[System.Diagnostics.Eventing.Reader.EventProperty]"
"Remote Desktop Services: Session logoff succeeded:

User: DESKTOP-3HO80GL\user
Session ID: 5","23","0",,"4","0","0","1152921504606846976","700","Microsoft-Windows-TerminalServices-LocalSessionManager","5d896912-022d-40aa-a3a8-4fa5515c76d7","Microsoft-Windows-TerminalServices-LocalSessionManager/Operational","1208","15328","DESKTOP-3HO80GL","S-1-5-18","8/6/2024 8:10:12 AM","61a55000-55e5-1017-0000-000000000000",,"Microsoft-Windows-TerminalServices-LocalSessionManager/Operational","System.UInt32[]","System.Diagnostics.Eventing.Reader.EventBookmark","Information","Info",,"System.Collections.ObjectModel.ReadOnlyCollection`1[System.String]","System.Collections.Generic.List`1[System.Diagnostics.Eventing.Reader.EventProperty]"
"An error occurred when transitioning from DesktopLocked in response to EvDesktopLocked. (ErrorCode 0x8007139F)","36","0",,"2","0","0","1152921504606846976","699","Microsoft-Windows-TerminalServices-LocalSessionManager","5d896912-022d-40aa-a3a8-4fa5515c76d7","Microsoft-Windows-TerminalServices-LocalSessionManager/Operational","1208","16644","DESKTOP-3HO80GL","S-1-5-18","8/5/2024 8:49:49 AM","61a55000-55e5-1017-0000-000000000000",,"Microsoft-Windows-TerminalServices-LocalSessionManager/Operational","System.UInt32[]","System.Diagnostics.Eventing.Reader.EventBookmark","Error","Info",,"System.Collections.ObjectModel.ReadOnlyCollection`1[System.String]","System.Collections.Generic.List`1[System.Diagnostics.Eventing.Reader.EventProperty]"
"Remote Desktop Services: Shell start notification received:

User: DESKTOP-3HO80GL\user
Session ID: 5
Source Network Address: LOCAL","22","0",,"4","0","0","1152921504606846976","698","Microsoft-Windows-TerminalServices-LocalSessionManager","5d896912-022d-40aa-a3a8-4fa5515c76d7","Microsoft-Windows-TerminalServices-LocalSessionManager/Operational","1208","14712","DESKTOP-3HO80GL","S-1-5-18","8/5/2024 8:49:49 AM","61a55000-55e5-1017-0000-000000000000",,"Microsoft-Windows-TerminalServices-LocalSessionManager/Operational","System.UInt32[]","System.Diagnostics.Eventing.Reader.EventBookmark","Information","Info",,"System.Collections.ObjectModel.ReadOnlyCollection`1[System.String]","System.Collections.Generic.List`1[System.Diagnostics.Eventing.Reader.EventProperty]"
"Remote Desktop Services: Session logon succeeded:

User: DESKTOP-3HO80GL\user
Session ID: 5
Source Network Address: LOCAL","21","0",,"4","0","0","1152921504606846976","697","Microsoft-Windows-TerminalServices-LocalSessionManager","5d896912-022d-40aa-a3a8-4fa5515c76d7","Microsoft-Windows-TerminalServices-LocalSessionManager/Operational","1208","1472","DESKTOP-3HO80GL","S-1-5-18","8/5/2024 8:49:49 AM","61a55000-55e5-1017-0000-000000000000",,"Microsoft-Windows-TerminalServices-LocalSessionManager/Operational","System.UInt32[]","System.Diagnostics.Eventing.Reader.EventBookmark","Information","Info",,"System.Collections.ObjectModel.ReadOnlyCollection`1[System.String]","System.Collections.Generic.List`1[System.Diagnostics.Eventing.Reader.EventProperty]"
"End session arbitration:

User: DESKTOP-3HO80GL\user
Session ID: 5","42","0",,"4","0","0","1152921504606846976","696","Microsoft-Windows-TerminalServices-LocalSessionManager","5d896912-022d-40aa-a3a8-4fa5515c76d7","Microsoft-Windows-TerminalServices-LocalSessionManager/Operational","1208","1472","DESKTOP-3HO80GL","S-1-5-18","8/5/2024 8:49:49 AM","61a55000-55e5-1017-0000-000000000000",,"Microsoft-Windows-TerminalServices-LocalSessionManager/Operational","System.UInt32[]","System.Diagnostics.Eventing.Reader.EventBookmark","Information","Info",,"System.Collections.ObjectModel.ReadOnlyCollection`1[System.String]","System.Collections.Generic.List`1[System.Diagnostics.Eventing.Reader.EventProperty]"
"Begin session arbitration:

User: DESKTOP-3HO80GL\user
Session ID: 5","41","0",,"4","0","0","1152921504606846976","695","Microsoft-Windows-TerminalServices-LocalSessionManager","5d896912-022d-40aa-a3a8-4fa5515c76d7","Microsoft-Windows-TerminalServices-LocalSessionManager/Operational","1208","1472","DESKTOP-3HO80GL","S-1-5-18","8/5/2024 8:49:49 AM","61a55000-55e5-1017-0000-000000000000",,"Microsoft-Windows-TerminalServices-LocalSessionManager/Operational","System.UInt32[]","System.Diagnostics.Eventing.Reader.EventBookmark","Information","Info",,"System.Collections.ObjectModel.ReadOnlyCollection`1[System.String]","System.Collections.Generic.List`1[System.Diagnostics.Eventing.Reader.EventProperty]"
"Remote Desktop Services: Session has been disconnected:

User: DESKTOP-3HO80GL\user
Session ID: 4
Source Network Address: LOCAL","24","0",,"4","0","0","1152921504606846976","694","Microsoft-Windows-TerminalServices-LocalSessionManager","5d896912-022d-40aa-a3a8-4fa5515c76d7","Microsoft-Windows-TerminalServices-LocalSessionManager/Operational","1208","14712","DESKTOP-3HO80GL","S-1-5-18","8/5/2024 1:03:58 AM",,,"Microsoft-Windows-TerminalServices-LocalSessionManager/Operational","System.UInt32[]","System.Diagnostics.Eventing.Reader.EventBookmark","Information","Info",,"System.Collections.ObjectModel.ReadOnlyCollection`1[System.String]","System.Collections.Generic.List`1[System.Diagnostics.Eventing.Reader.EventProperty]"
"Session 5 has been disconnected, reason code 11","40","0",,"4","0","0","1152921504606846976","693","Microsoft-Windows-TerminalServices-LocalSessionManager","5d896912-022d-40aa-a3a8-4fa5515c76d7","Microsoft-Windows-TerminalServices-LocalSessionManager/Operational","1208","17676","DESKTOP-3HO80GL","S-1-5-18","8/5/2024 1:03:58 AM",,,"Microsoft-Windows-TerminalServices-LocalSessionManager/Operational","System.UInt32[]","System.Diagnostics.Eventing.Reader.EventBookmark","Information","Info",,"System.Collections.ObjectModel.ReadOnlyCollection`1[System.String]","System.Collections.Generic.List`1[System.Diagnostics.Eventing.Reader.EventProperty]"
"Session 4 has been disconnected, reason code 11","40","0",,"4","0","0","1152921504606846976","692","Microsoft-Windows-TerminalServices-LocalSessionManager","5d896912-022d-40aa-a3a8-4fa5515c76d7","Microsoft-Windows-TerminalServices-LocalSessionManager/Operational","1208","14712","DESKTOP-3HO80GL","S-1-5-18","8/5/2024 1:03:58 AM",,,"Microsoft-Windows-TerminalServices-LocalSessionManager/Operational","System.UInt32[]","System.Diagnostics.Eventing.Reader.EventBookmark","Information","Info",,"System.Collections.ObjectModel.ReadOnlyCollection`1[System.String]","System.Collections.Generic.List`1[System.Diagnostics.Eventing.Reader.EventProperty]"
"Session 4 has been disconnected by session 4","39","0",,"4","0","0","1152921504606846976","691","Microsoft-Windows-TerminalServices-LocalSessionManager","5d896912-022d-40aa-a3a8-4fa5515c76d7","Microsoft-Windows-TerminalServices-LocalSessionManager/Operational","1208","14712","DESKTOP-3HO80GL","S-1-5-18","8/5/2024 1:03:58 AM",,,"Microsoft-Windows-TerminalServices-LocalSessionManager/Operational","System.UInt32[]","System.Diagnostics.Eventing.Reader.EventBookmark","Information","Info",,"System.Collections.ObjectModel.ReadOnlyCollection`1[System.String]","System.Collections.Generic.List`1[System.Diagnostics.Eventing.Reader.EventProperty]"
"Remote Desktop Services: Session logoff succeeded:

User: DESKTOP-3HO80GL\user
Session ID: 4","23","0",,"4","0","0","1152921504606846976","690","Microsoft-Windows-TerminalServices-LocalSessionManager","5d896912-022d-40aa-a3a8-4fa5515c76d7","Microsoft-Windows-TerminalServices-LocalSessionManager/Operational","1208","17676","DESKTOP-3HO80GL","S-1-5-18","8/5/2024 1:03:58 AM","61a55000-55e5-1017-0000-000000000000",,"Microsoft-Windows-TerminalServices-LocalSessionManager/Operational","System.UInt32[]","System.Diagnostics.Eventing.Reader.EventBookmark","Information","Info",,"System.Collections.ObjectModel.ReadOnlyCollection`1[System.String]","System.Collections.Generic.List`1[System.Diagnostics.Eventing.Reader.EventProperty]"
"An error occurred when transitioning from DesktopLocked in response to EvDesktopLocked. (ErrorCode 0x8007139F)","36","0",,"2","0","0","1152921504606846976","689","Microsoft-Windows-TerminalServices-LocalSessionManager","5d896912-022d-40aa-a3a8-4fa5515c76d7","Microsoft-Windows-TerminalServices-LocalSessionManager/Operational","1208","3532","DESKTOP-3HO80GL","S-1-5-18","8/2/2024 2:04:32 PM","61a55000-55e5-1017-0000-000000000000",,"Microsoft-Windows-TerminalServices-LocalSessionManager/Operational","System.UInt32[]","System.Diagnostics.Eventing.Reader.EventBookmark","Error","Info",,"System.Collections.ObjectModel.ReadOnlyCollection`1[System.String]","System.Collections.Generic.List`1[System.Diagnostics.Eventing.Reader.EventProperty]"
"Remote Desktop Services: Shell start notification received:

User: DESKTOP-3HO80GL\user
Session ID: 4
Source Network Address: LOCAL","22","0",,"4","0","0","1152921504606846976","688","Microsoft-Windows-TerminalServices-LocalSessionManager","5d896912-022d-40aa-a3a8-4fa5515c76d7","Microsoft-Windows-TerminalServices-LocalSessionManager/Operational","1208","11684","DESKTOP-3HO80GL","S-1-5-18","8/2/2024 2:04:31 PM","61a55000-55e5-1017-0000-000000000000",,"Microsoft-Windows-TerminalServices-LocalSessionManager/Operational","System.UInt32[]","System.Diagnostics.Eventing.Reader.EventBookmark","Information","Info",,"System.Collections.ObjectModel.ReadOnlyCollection`1[System.String]","System.Collections.Generic.List`1[System.Diagnostics.Eventing.Reader.EventProperty]"
"Remote Desktop Services: Session logon succeeded:

User: DESKTOP-3HO80GL\user
Session ID: 4
Source Network Address: LOCAL","21","0",,"4","0","0","1152921504606846976","687","Microsoft-Windows-TerminalServices-LocalSessionManager","5d896912-022d-40aa-a3a8-4fa5515c76d7","Microsoft-Windows-TerminalServices-LocalSessionManager/Operational","1208","3532","DESKTOP-3HO80GL","S-1-5-18","8/2/2024 2:04:31 PM","61a55000-55e5-1017-0000-000000000000",,"Microsoft-Windows-TerminalServices-LocalSessionManager/Operational","System.UInt32[]","System.Diagnostics.Eventing.Reader.EventBookmark","Information","Info",,"System.Collections.ObjectModel.ReadOnlyCollection`1[System.String]","System.Collections.Generic.List`1[System.Diagnostics.Eventing.Reader.EventProperty]"
"End session arbitration:

User: DESKTOP-3HO80GL\user
Session ID: 4","42","0",,"4","0","0","1152921504606846976","686","Microsoft-Windows-TerminalServices-LocalSessionManager","5d896912-022d-40aa-a3a8-4fa5515c76d7","Microsoft-Windows-TerminalServices-LocalSessionManager/Operational","1208","3532","DESKTOP-3HO80GL","S-1-5-18","8/2/2024 2:04:31 PM","61a55000-55e5-1017-0000-000000000000",,"Microsoft-Windows-TerminalServices-LocalSessionManager/Operational","System.UInt32[]","System.Diagnostics.Eventing.Reader.EventBookmark","Information","Info",,"System.Collections.ObjectModel.ReadOnlyCollection`1[System.String]","System.Collections.Generic.List`1[System.Diagnostics.Eventing.Reader.EventProperty]"
"Begin session arbitration:

User: DESKTOP-3HO80GL\user
Session ID: 4","41","0",,"4","0","0","1152921504606846976","685","Microsoft-Windows-TerminalServices-LocalSessionManager","5d896912-022d-40aa-a3a8-4fa5515c76d7","Microsoft-Windows-TerminalServices-LocalSessionManager/Operational","1208","3532","DESKTOP-3HO80GL","S-1-5-18","8/2/2024 2:04:31 PM","61a55000-55e5-1017-0000-000000000000",,"Microsoft-Windows-TerminalServices-LocalSessionManager/Operational","System.UInt32[]","System.Diagnostics.Eventing.Reader.EventBookmark","Information","Info",,"System.Collections.ObjectModel.ReadOnlyCollection`1[System.String]","System.Collections.Generic.List`1[System.Diagnostics.Eventing.Reader.EventProperty]"
"Remote Desktop Services: Session has been disconnected:

User: DESKTOP-3HO80GL\user
Session ID: 3
Source Network Address: LOCAL","24","0",,"4","0","0","1152921504606846976","684","Microsoft-Windows-TerminalServices-LocalSessionManager","5d896912-022d-40aa-a3a8-4fa5515c76d7","Microsoft-Windows-TerminalServices-LocalSessionManager/Operational","1208","10728","DESKTOP-3HO80GL","S-1-5-18","8/2/2024 12:07:00 AM",,,"Microsoft-Windows-TerminalServices-LocalSessionManager/Operational","System.UInt32[]","System.Diagnostics.Eventing.Reader.EventBookmark","Information","Info",,"System.Collections.ObjectModel.ReadOnlyCollection`1[System.String]","System.Collections.Generic.List`1[System.Diagnostics.Eventing.Reader.EventProperty]"
"Session 4 has been disconnected, reason code 11","40","0",,"4","0","0","1152921504606846976","683","Microsoft-Windows-TerminalServices-LocalSessionManager","5d896912-022d-40aa-a3a8-4fa5515c76d7","Microsoft-Windows-TerminalServices-LocalSessionManager/Operational","1208","3272","DESKTOP-3HO80GL","S-1-5-18","8/2/2024 12:07:00 AM",,,"Microsoft-Windows-TerminalServices-LocalSessionManager/Operational","System.UInt32[]","System.Diagnostics.Eventing.Reader.EventBookmark","Information","Info",,"System.Collections.ObjectModel.ReadOnlyCollection`1[System.String]","System.Collections.Generic.List`1[System.Diagnostics.Eventing.Reader.EventProperty]"
"Session 3 has been disconnected, reason code 11","40","0",,"4","0","0","1152921504606846976","682","Microsoft-Windows-TerminalServices-LocalSessionManager","5d896912-022d-40aa-a3a8-4fa5515c76d7","Microsoft-Windows-TerminalServices-LocalSessionManager/Operational","1208","10728","DESKTOP-3HO80GL","S-1-5-18","8/2/2024 12:07:00 AM",,,"Microsoft-Windows-TerminalServices-LocalSessionManager/Operational","System.UInt32[]","System.Diagnostics.Eventing.Reader.EventBookmark","Information","Info",,"System.Collections.ObjectModel.ReadOnlyCollection`1[System.String]","System.Collections.Generic.List`1[System.Diagnostics.Eventing.Reader.EventProperty]"
"Session 3 has been disconnected by session 3","39","0",,"4","0","0","1152921504606846976","681","Microsoft-Windows-TerminalServices-LocalSessionManager","5d896912-022d-40aa-a3a8-4fa5515c76d7","Microsoft-Windows-TerminalServices-LocalSessionManager/Operational","1208","10728","DESKTOP-3HO80GL","S-1-5-18","8/2/2024 12:07:00 AM",,,"Microsoft-Windows-TerminalServices-LocalSessionManager/Operational","System.UInt32[]","System.Diagnostics.Eventing.Reader.EventBookmark","Information","Info",,"System.Collections.ObjectModel.ReadOnlyCollection`1[System.String]","System.Collections.Generic.List`1[System.Diagnostics.Eventing.Reader.EventProperty]"
"Remote Desktop Services: Session logoff succeeded:

User: DESKTOP-3HO80GL\user
Session ID: 3","23","0",,"4","0","0","1152921504606846976","680","Microsoft-Windows-TerminalServices-LocalSessionManager","5d896912-022d-40aa-a3a8-4fa5515c76d7","Microsoft-Windows-TerminalServices-LocalSessionManager/Operational","1208","3272","DESKTOP-3HO80GL","S-1-5-18","8/2/2024 12:07:00 AM","61a55000-55e5-1017-0000-000000000000",,"Microsoft-Windows-TerminalServices-LocalSessionManager/Operational","System.UInt32[]","System.Diagnostics.Eventing.Reader.EventBookmark","Information","Info",,"System.Collections.ObjectModel.ReadOnlyCollection`1[System.String]","System.Collections.Generic.List`1[System.Diagnostics.Eventing.Reader.EventProperty]"
"An error occurred when transitioning from DesktopLocked in response to EvDesktopLocked. (ErrorCode 0x8007139F)","36","0",,"2","0","0","1152921504606846976","679","Microsoft-Windows-TerminalServices-LocalSessionManager","5d896912-022d-40aa-a3a8-4fa5515c76d7","Microsoft-Windows-TerminalServices-LocalSessionManager/Operational","1208","8884","DESKTOP-3HO80GL","S-1-5-18","8/1/2024 8:16:56 PM","61a55000-55e5-1017-0000-000000000000",,"Microsoft-Windows-TerminalServices-LocalSessionManager/Operational","System.UInt32[]","System.Diagnostics.Eventing.Reader.EventBookmark","Error","Info",,"System.Collections.ObjectModel.ReadOnlyCollection`1[System.String]","System.Collections.Generic.List`1[System.Diagnostics.Eventing.Reader.EventProperty]"
"Remote Desktop Services: Shell start notification received:

User: DESKTOP-3HO80GL\user
Session ID: 3
Source Network Address: LOCAL","22","0",,"4","0","0","1152921504606846976","678","Microsoft-Windows-TerminalServices-LocalSessionManager","5d896912-022d-40aa-a3a8-4fa5515c76d7","Microsoft-Windows-TerminalServices-LocalSessionManager/Operational","1208","8548","DESKTOP-3HO80GL","S-1-5-18","8/1/2024 8:16:56 PM","61a55000-55e5-1017-0000-000000000000",,"Microsoft-Windows-TerminalServices-LocalSessionManager/Operational","System.UInt32[]","System.Diagnostics.Eventing.Reader.EventBookmark","Information","Info",,"System.Collections.ObjectModel.ReadOnlyCollection`1[System.String]","System.Collections.Generic.List`1[System.Diagnostics.Eventing.Reader.EventProperty]"
"Remote Desktop Services: Session logon succeeded:

User: DESKTOP-3HO80GL\user
Session ID: 3
Source Network Address: LOCAL","21","0",,"4","0","0","1152921504606846976","677","Microsoft-Windows-TerminalServices-LocalSessionManager","5d896912-022d-40aa-a3a8-4fa5515c76d7","Microsoft-Windows-TerminalServices-LocalSessionManager/Operational","1208","11980","DESKTOP-3HO80GL","S-1-5-18","8/1/2024 8:16:56 PM","61a55000-55e5-1017-0000-000000000000",,"Microsoft-Windows-TerminalServices-LocalSessionManager/Operational","System.UInt32[]","System.Diagnostics.Eventing.Reader.EventBookmark","Information","Info",,"System.Collections.ObjectModel.ReadOnlyCollection`1[System.String]","System.Collections.Generic.List`1[System.Diagnostics.Eventing.Reader.EventProperty]"
"End session arbitration:

User: DESKTOP-3HO80GL\user
Session ID: 3","42","0",,"4","0","0","1152921504606846976","676","Microsoft-Windows-TerminalServices-LocalSessionManager","5d896912-022d-40aa-a3a8-4fa5515c76d7","Microsoft-Windows-TerminalServices-LocalSessionManager/Operational","1208","11980","DESKTOP-3HO80GL","S-1-5-18","8/1/2024 8:16:56 PM","61a55000-55e5-1017-0000-000000000000",,"Microsoft-Windows-TerminalServices-LocalSessionManager/Operational","System.UInt32[]","System.Diagnostics.Eventing.Reader.EventBookmark","Information","Info",,"System.Collections.ObjectModel.ReadOnlyCollection`1[System.String]","System.Collections.Generic.List`1[System.Diagnostics.Eventing.Reader.EventProperty]"
"Begin session arbitration:

User: DESKTOP-3HO80GL\user
Session ID: 3","41","0",,"4","0","0","1152921504606846976","675","Microsoft-Windows-TerminalServices-LocalSessionManager","5d896912-022d-40aa-a3a8-4fa5515c76d7","Microsoft-Windows-TerminalServices-LocalSessionManager/Operational","1208","11980","DESKTOP-3HO80GL","S-1-5-18","8/1/2024 8:16:56 PM","61a55000-55e5-1017-0000-000000000000",,"Microsoft-Windows-TerminalServices-LocalSessionManager/Operational","System.UInt32[]","System.Diagnostics.Eventing.Reader.EventBookmark","Information","Info",,"System.Collections.ObjectModel.ReadOnlyCollection`1[System.String]","System.Collections.Generic.List`1[System.Diagnostics.Eventing.Reader.EventProperty]"
"Remote Desktop Services: Session has been disconnected:

User: DESKTOP-3HO80GL\user
Session ID: 2
Source Network Address: LOCAL","24","0",,"4","0","0","1152921504606846976","674","Microsoft-Windows-TerminalServices-LocalSessionManager","5d896912-022d-40aa-a3a8-4fa5515c76d7","Microsoft-Windows-TerminalServices-LocalSessionManager/Operational","1208","6432","DESKTOP-3HO80GL","S-1-5-18","7/31/2024 2:16:47 AM",,,"Microsoft-Windows-TerminalServices-LocalSessionManager/Operational","System.UInt32[]","System.Diagnostics.Eventing.Reader.EventBookmark","Information","Info",,"System.Collections.ObjectModel.ReadOnlyCollection`1[System.String]","System.Collections.Generic.List`1[System.Diagnostics.Eventing.Reader.EventProperty]"
"Session 3 has been disconnected, reason code 11","40","0",,"4","0","0","1152921504606846976","673","Microsoft-Windows-TerminalServices-LocalSessionManager","5d896912-022d-40aa-a3a8-4fa5515c76d7","Microsoft-Windows-TerminalServices-LocalSessionManager/Operational","1208","8884","DESKTOP-3HO80GL","S-1-5-18","7/31/2024 2:16:47 AM",,,"Microsoft-Windows-TerminalServices-LocalSessionManager/Operational","System.UInt32[]","System.Diagnostics.Eventing.Reader.EventBookmark","Information","Info",,"System.Collections.ObjectModel.ReadOnlyCollection`1[System.String]","System.Collections.Generic.List`1[System.Diagnostics.Eventing.Reader.EventProperty]"
"Session 2 has been disconnected, reason code 11","40","0",,"4","0","0","1152921504606846976","672","Microsoft-Windows-TerminalServices-LocalSessionManager","5d896912-022d-40aa-a3a8-4fa5515c76d7","Microsoft-Windows-TerminalServices-LocalSessionManager/Operational","1208","6432","DESKTOP-3HO80GL","S-1-5-18","7/31/2024 2:16:47 AM",,,"Microsoft-Windows-TerminalServices-LocalSessionManager/Operational","System.UInt32[]","System.Diagnostics.Eventing.Reader.EventBookmark","Information","Info",,"System.Collections.ObjectModel.ReadOnlyCollection`1[System.String]","System.Collections.Generic.List`1[System.Diagnostics.Eventing.Reader.EventProperty]"
"Session 2 has been disconnected by session 2","39","0",,"4","0","0","1152921504606846976","671","Microsoft-Windows-TerminalServices-LocalSessionManager","5d896912-022d-40aa-a3a8-4fa5515c76d7","Microsoft-Windows-TerminalServices-LocalSessionManager/Operational","1208","6432","DESKTOP-3HO80GL","S-1-5-18","7/31/2024 2:16:47 AM",,,"Microsoft-Windows-TerminalServices-LocalSessionManager/Operational","System.UInt32[]","System.Diagnostics.Eventing.Reader.EventBookmark","Information","Info",,"System.Collections.ObjectModel.ReadOnlyCollection`1[System.String]","System.Collections.Generic.List`1[System.Diagnostics.Eventing.Reader.EventProperty]"
"Remote Desktop Services: Session logoff succeeded:

User: DESKTOP-3HO80GL\user
Session ID: 2","23","0",,"4","0","0","1152921504606846976","670","Microsoft-Windows-TerminalServices-LocalSessionManager","5d896912-022d-40aa-a3a8-4fa5515c76d7","Microsoft-Windows-TerminalServices-LocalSessionManager/Operational","1208","6432","DESKTOP-3HO80GL","S-1-5-18","7/31/2024 2:16:47 AM","61a55000-55e5-1017-0000-000000000000",,"Microsoft-Windows-TerminalServices-LocalSessionManager/Operational","System.UInt32[]","System.Diagnostics.Eventing.Reader.EventBookmark","Information","Info",,"System.Collections.ObjectModel.ReadOnlyCollection`1[System.String]","System.Collections.Generic.List`1[System.Diagnostics.Eventing.Reader.EventProperty]"
"An error occurred when transitioning from DesktopLocked in response to EvDesktopLocked. (ErrorCode 0x8007139F)","36","0",,"2","0","0","1152921504606846976","669","Microsoft-Windows-TerminalServices-LocalSessionManager","5d896912-022d-40aa-a3a8-4fa5515c76d7","Microsoft-Windows-TerminalServices-LocalSessionManager/Operational","1208","6988","DESKTOP-3HO80GL","S-1-5-18","7/30/2024 11:39:29 PM","61a55000-55e5-1017-0000-000000000000",,"Microsoft-Windows-TerminalServices-LocalSessionManager/Operational","System.UInt32[]","System.Diagnostics.Eventing.Reader.EventBookmark","Error","Info",,"System.Collections.ObjectModel.ReadOnlyCollection`1[System.String]","System.Collections.Generic.List`1[System.Diagnostics.Eventing.Reader.EventProperty]"
"Remote Desktop Services: Shell start notification received:

User: DESKTOP-3HO80GL\user
Session ID: 2
Source Network Address: LOCAL","22","0",,"4","0","0","1152921504606846976","668","Microsoft-Windows-TerminalServices-LocalSessionManager","5d896912-022d-40aa-a3a8-4fa5515c76d7","Microsoft-Windows-TerminalServices-LocalSessionManager/Operational","1208","2876","DESKTOP-3HO80GL","S-1-5-18","7/30/2024 11:39:29 PM","61a55000-55e5-1017-0000-000000000000",,"Microsoft-Windows-TerminalServices-LocalSessionManager/Operational","System.UInt32[]","System.Diagnostics.Eventing.Reader.EventBookmark","Information","Info",,"System.Collections.ObjectModel.ReadOnlyCollection`1[System.String]","System.Collections.Generic.List`1[System.Diagnostics.Eventing.Reader.EventProperty]"
"Remote Desktop Services: Session logon succeeded:

User: DESKTOP-3HO80GL\user
Session ID: 2
Source Network Address: LOCAL","21","0",,"4","0","0","1152921504606846976","667","Microsoft-Windows-TerminalServices-LocalSessionManager","5d896912-022d-40aa-a3a8-4fa5515c76d7","Microsoft-Windows-TerminalServices-LocalSessionManager/Operational","1208","6988","DESKTOP-3HO80GL","S-1-5-18","7/30/2024 11:39:29 PM","61a55000-55e5-1017-0000-000000000000",,"Microsoft-Windows-TerminalServices-LocalSessionManager/Operational","System.UInt32[]","System.Diagnostics.Eventing.Reader.EventBookmark","Information","Info",,"System.Collections.ObjectModel.ReadOnlyCollection`1[System.String]","System.Collections.Generic.List`1[System.Diagnostics.Eventing.Reader.EventProperty]"
"End session arbitration:

User: DESKTOP-3HO80GL\user
Session ID: 2","42","0",,"4","0","0","1152921504606846976","666","Microsoft-Windows-TerminalServices-LocalSessionManager","5d896912-022d-40aa-a3a8-4fa5515c76d7","Microsoft-Windows-TerminalServices-LocalSessionManager/Operational","1208","6988","DESKTOP-3HO80GL","S-1-5-18","7/30/2024 11:39:29 PM","61a55000-55e5-1017-0000-000000000000",,"Microsoft-Windows-TerminalServices-LocalSessionManager/Operational","System.UInt32[]","System.Diagnostics.Eventing.Reader.EventBookmark","Information","Info",,"System.Collections.ObjectModel.ReadOnlyCollection`1[System.String]","System.Collections.Generic.List`1[System.Diagnostics.Eventing.Reader.EventProperty]"
"Begin session arbitration:

User: DESKTOP-3HO80GL\user
Session ID: 2","41","0",,"4","0","0","1152921504606846976","665","Microsoft-Windows-TerminalServices-LocalSessionManager","5d896912-022d-40aa-a3a8-4fa5515c76d7","Microsoft-Windows-TerminalServices-LocalSessionManager/Operational","1208","6988","DESKTOP-3HO80GL","S-1-5-18","7/30/2024 11:39:29 PM","61a55000-55e5-1017-0000-000000000000",,"Microsoft-Windows-TerminalServices-LocalSessionManager/Operational","System.UInt32[]","System.Diagnostics.Eventing.Reader.EventBookmark","Information","Info",,"System.Collections.ObjectModel.ReadOnlyCollection`1[System.String]","System.Collections.Generic.List`1[System.Diagnostics.Eventing.Reader.EventProperty]"
"Remote Desktop Services: Session has been disconnected:

