User: DESKTOP-3HO80GL\user
Session ID: 4
Source Network Address: LOCAL","24","0",,"4","0","0","1152921504606846976","108","Microsoft-Windows-TerminalServices-LocalSessionManager","5d896912-022d-40aa-a3a8-4fa5515c76d7","Microsoft-Windows-TerminalServices-LocalSessionManager/Operational","1064","6284","DESKTOP-3HO80GL","S-1-5-18","3/28/2024 2:30:53 AM",,,"Microsoft-Windows-TerminalServices-LocalSessionManager/Operational","System.UInt32[]","System.Diagnostics.Eventing.Reader.EventBookmark","Information","Info",,"System.Collections.ObjectModel.ReadOnlyCollection`1[System.String]","System.Collections.Generic.List`1[System.Diagnostics.Eventing.Reader.EventProperty]"
"Session 5 has been disconnected, reason code 11","40","0",,"4","0","0","1152921504606846976","107","Microsoft-Windows-TerminalServices-LocalSessionManager","5d896912-022d-40aa-a3a8-4fa5515c76d7","Microsoft-Windows-TerminalServices-LocalSessionManager/Operational","1064","14320","DESKTOP-3HO80GL","S-1-5-18","3/28/2024 2:30:53 AM",,,"Microsoft-Windows-TerminalServices-LocalSessionManager/Operational","System.UInt32[]","System.Diagnostics.Eventing.Reader.EventBookmark","Information","Info",,"System.Collections.ObjectModel.ReadOnlyCollection`1[System.String]","System.Collections.Generic.List`1[System.Diagnostics.Eventing.Reader.EventProperty]"
"Session 4 has been disconnected, reason code 11","40","0",,"4","0","0","1152921504606846976","106","Microsoft-Windows-TerminalServices-LocalSessionManager","5d896912-022d-40aa-a3a8-4fa5515c76d7","Microsoft-Windows-TerminalServices-LocalSessionManager/Operational","1064","6284","DESKTOP-3HO80GL","S-1-5-18","3/28/2024 2:30:53 AM",,,"Microsoft-Windows-TerminalServices-LocalSessionManager/Operational","System.UInt32[]","System.Diagnostics.Eventing.Reader.EventBookmark","Information","Info",,"System.Collections.ObjectModel.ReadOnlyCollection`1[System.String]","System.Collections.Generic.List`1[System.Diagnostics.Eventing.Reader.EventProperty]"
"Session 4 has been disconnected by session 4","39","0",,"4","0","0","1152921504606846976","105","Microsoft-Windows-TerminalServices-LocalSessionManager","5d896912-022d-40aa-a3a8-4fa5515c76d7","Microsoft-Windows-TerminalServices-LocalSessionManager/Operational","1064","6284","DESKTOP-3HO80GL","S-1-5-18","3/28/2024 2:30:53 AM",,,"Microsoft-Windows-TerminalServices-LocalSessionManager/Operational","System.UInt32[]","System.Diagnostics.Eventing.Reader.EventBookmark","Information","Info",,"System.Collections.ObjectModel.ReadOnlyCollection`1[System.String]","System.Collections.Generic.List`1[System.Diagnostics.Eventing.Reader.EventProperty]"
"Remote Desktop Services: Session logoff succeeded:

User: DESKTOP-3HO80GL\user
Session ID: 4","23","0",,"4","0","0","1152921504606846976","104","Microsoft-Windows-TerminalServices-LocalSessionManager","5d896912-022d-40aa-a3a8-4fa5515c76d7","Microsoft-Windows-TerminalServices-LocalSessionManager/Operational","1064","17680","DESKTOP-3HO80GL","S-1-5-18","3/28/2024 2:30:53 AM","61a55000-55e5-1017-0000-000000000000",,"Microsoft-Windows-TerminalServices-LocalSessionManager/Operational","System.UInt32[]","System.Diagnostics.Eventing.Reader.EventBookmark","Information","Info",,"System.Collections.ObjectModel.ReadOnlyCollection`1[System.String]","System.Collections.Generic.List`1[System.Diagnostics.Eventing.Reader.EventProperty]"
"An error occurred when transitioning from DesktopLocked in response to EvDesktopLocked. (ErrorCode 0x8007139F)","36","0",,"2","0","0","1152921504606846976","103","Microsoft-Windows-TerminalServices-LocalSessionManager","5d896912-022d-40aa-a3a8-4fa5515c76d7","Microsoft-Windows-TerminalServices-LocalSessionManager/Operational","1064","10944","DESKTOP-3HO80GL","S-1-5-18","3/27/2024 2:38:35 PM","61a55000-55e5-1017-0000-000000000000",,"Microsoft-Windows-TerminalServices-LocalSessionManager/Operational","System.UInt32[]","System.Diagnostics.Eventing.Reader.EventBookmark","Error","Info",,"System.Collections.ObjectModel.ReadOnlyCollection`1[System.String]","System.Collections.Generic.List`1[System.Diagnostics.Eventing.Reader.EventProperty]"
"Remote Desktop Services: Shell start notification received:

User: DESKTOP-3HO80GL\user
Session ID: 4
Source Network Address: LOCAL","22","0",,"4","0","0","1152921504606846976","102","Microsoft-Windows-TerminalServices-LocalSessionManager","5d896912-022d-40aa-a3a8-4fa5515c76d7","Microsoft-Windows-TerminalServices-LocalSessionManager/Operational","1064","15308","DESKTOP-3HO80GL","S-1-5-18","3/27/2024 2:38:35 PM","61a55000-55e5-1017-0000-000000000000",,"Microsoft-Windows-TerminalServices-LocalSessionManager/Operational","System.UInt32[]","System.Diagnostics.Eventing.Reader.EventBookmark","Information","Info",,"System.Collections.ObjectModel.ReadOnlyCollection`1[System.String]","System.Collections.Generic.List`1[System.Diagnostics.Eventing.Reader.EventProperty]"
"Remote Desktop Services: Session logon succeeded:

User: DESKTOP-3HO80GL\user
Session ID: 4
Source Network Address: LOCAL","21","0",,"4","0","0","1152921504606846976","101","Microsoft-Windows-TerminalServices-LocalSessionManager","5d896912-022d-40aa-a3a8-4fa5515c76d7","Microsoft-Windows-TerminalServices-LocalSessionManager/Operational","1064","17176","DESKTOP-3HO80GL","S-1-5-18","3/27/2024 2:38:35 PM","61a55000-55e5-1017-0000-000000000000",,"Microsoft-Windows-TerminalServices-LocalSessionManager/Operational","System.UInt32[]","System.Diagnostics.Eventing.Reader.EventBookmark","Information","Info",,"System.Collections.ObjectModel.ReadOnlyCollection`1[System.String]","System.Collections.Generic.List`1[System.Diagnostics.Eventing.Reader.EventProperty]"
"End session arbitration:

User: DESKTOP-3HO80GL\user
Session ID: 4","42","0",,"4","0","0","1152921504606846976","100","Microsoft-Windows-TerminalServices-LocalSessionManager","5d896912-022d-40aa-a3a8-4fa5515c76d7","Microsoft-Windows-TerminalServices-LocalSessionManager/Operational","1064","17176","DESKTOP-3HO80GL","S-1-5-18","3/27/2024 2:38:35 PM","61a55000-55e5-1017-0000-000000000000",,"Microsoft-Windows-TerminalServices-LocalSessionManager/Operational","System.UInt32[]","System.Diagnostics.Eventing.Reader.EventBookmark","Information","Info",,"System.Collections.ObjectModel.ReadOnlyCollection`1[System.String]","System.Collections.Generic.List`1[System.Diagnostics.Eventing.Reader.EventProperty]"
"Begin session arbitration:

User: DESKTOP-3HO80GL\user
Session ID: 4","41","0",,"4","0","0","1152921504606846976","99","Microsoft-Windows-TerminalServices-LocalSessionManager","5d896912-022d-40aa-a3a8-4fa5515c76d7","Microsoft-Windows-TerminalServices-LocalSessionManager/Operational","1064","17176","DESKTOP-3HO80GL","S-1-5-18","3/27/2024 2:38:35 PM","61a55000-55e5-1017-0000-000000000000",,"Microsoft-Windows-TerminalServices-LocalSessionManager/Operational","System.UInt32[]","System.Diagnostics.Eventing.Reader.EventBookmark","Information","Info",,"System.Collections.ObjectModel.ReadOnlyCollection`1[System.String]","System.Collections.Generic.List`1[System.Diagnostics.Eventing.Reader.EventProperty]"
"Remote Desktop Services: Session has been disconnected:

User: DESKTOP-3HO80GL\user
Session ID: 3
Source Network Address: LOCAL","24","0",,"4","0","0","1152921504606846976","98","Microsoft-Windows-TerminalServices-LocalSessionManager","5d896912-022d-40aa-a3a8-4fa5515c76d7","Microsoft-Windows-TerminalServices-LocalSessionManager/Operational","1064","17176","DESKTOP-3HO80GL","S-1-5-18","3/27/2024 11:02:49 AM",,,"Microsoft-Windows-TerminalServices-LocalSessionManager/Operational","System.UInt32[]","System.Diagnostics.Eventing.Reader.EventBookmark","Information","Info",,"System.Collections.ObjectModel.ReadOnlyCollection`1[System.String]","System.Collections.Generic.List`1[System.Diagnostics.Eventing.Reader.EventProperty]"
"Session 4 has been disconnected, reason code 11","40","0",,"4","0","0","1152921504606846976","97","Microsoft-Windows-TerminalServices-LocalSessionManager","5d896912-022d-40aa-a3a8-4fa5515c76d7","Microsoft-Windows-TerminalServices-LocalSessionManager/Operational","1064","7212","DESKTOP-3HO80GL","S-1-5-18","3/27/2024 11:02:49 AM",,,"Microsoft-Windows-TerminalServices-LocalSessionManager/Operational","System.UInt32[]","System.Diagnostics.Eventing.Reader.EventBookmark","Information","Info",,"System.Collections.ObjectModel.ReadOnlyCollection`1[System.String]","System.Collections.Generic.List`1[System.Diagnostics.Eventing.Reader.EventProperty]"
"Session 3 has been disconnected, reason code 11","40","0",,"4","0","0","1152921504606846976","96","Microsoft-Windows-TerminalServices-LocalSessionManager","5d896912-022d-40aa-a3a8-4fa5515c76d7","Microsoft-Windows-TerminalServices-LocalSessionManager/Operational","1064","17176","DESKTOP-3HO80GL","S-1-5-18","3/27/2024 11:02:49 AM",,,"Microsoft-Windows-TerminalServices-LocalSessionManager/Operational","System.UInt32[]","System.Diagnostics.Eventing.Reader.EventBookmark","Information","Info",,"System.Collections.ObjectModel.ReadOnlyCollection`1[System.String]","System.Collections.Generic.List`1[System.Diagnostics.Eventing.Reader.EventProperty]"
"Session 3 has been disconnected by session 3","39","0",,"4","0","0","1152921504606846976","95","Microsoft-Windows-TerminalServices-LocalSessionManager","5d896912-022d-40aa-a3a8-4fa5515c76d7","Microsoft-Windows-TerminalServices-LocalSessionManager/Operational","1064","17176","DESKTOP-3HO80GL","S-1-5-18","3/27/2024 11:02:49 AM",,,"Microsoft-Windows-TerminalServices-LocalSessionManager/Operational","System.UInt32[]","System.Diagnostics.Eventing.Reader.EventBookmark","Information","Info",,"System.Collections.ObjectModel.ReadOnlyCollection`1[System.String]","System.Collections.Generic.List`1[System.Diagnostics.Eventing.Reader.EventProperty]"
"Remote Desktop Services: Session logoff succeeded:

User: DESKTOP-3HO80GL\user
Session ID: 3","23","0",,"4","0","0","1152921504606846976","94","Microsoft-Windows-TerminalServices-LocalSessionManager","5d896912-022d-40aa-a3a8-4fa5515c76d7","Microsoft-Windows-TerminalServices-LocalSessionManager/Operational","1064","15308","DESKTOP-3HO80GL","S-1-5-18","3/27/2024 11:02:49 AM","61a55000-55e5-1017-0000-000000000000",,"Microsoft-Windows-TerminalServices-LocalSessionManager/Operational","System.UInt32[]","System.Diagnostics.Eventing.Reader.EventBookmark","Information","Info",,"System.Collections.ObjectModel.ReadOnlyCollection`1[System.String]","System.Collections.Generic.List`1[System.Diagnostics.Eventing.Reader.EventProperty]"
"An error occurred when transitioning from DesktopLocked in response to EvDesktopLocked. (ErrorCode 0x8007139F)","36","0",,"2","0","0","1152921504606846976","93","Microsoft-Windows-TerminalServices-LocalSessionManager","5d896912-022d-40aa-a3a8-4fa5515c76d7","Microsoft-Windows-TerminalServices-LocalSessionManager/Operational","1064","8976","DESKTOP-3HO80GL","S-1-5-18","3/27/2024 9:09:36 AM","61a55000-55e5-1017-0000-000000000000",,"Microsoft-Windows-TerminalServices-LocalSessionManager/Operational","System.UInt32[]","System.Diagnostics.Eventing.Reader.EventBookmark","Error","Info",,"System.Collections.ObjectModel.ReadOnlyCollection`1[System.String]","System.Collections.Generic.List`1[System.Diagnostics.Eventing.Reader.EventProperty]"
"Remote Desktop Services: Shell start notification received:

User: DESKTOP-3HO80GL\user
Session ID: 3
Source Network Address: LOCAL","22","0",,"4","0","0","1152921504606846976","92","Microsoft-Windows-TerminalServices-LocalSessionManager","5d896912-022d-40aa-a3a8-4fa5515c76d7","Microsoft-Windows-TerminalServices-LocalSessionManager/Operational","1064","17260","DESKTOP-3HO80GL","S-1-5-18","3/27/2024 9:09:36 AM","61a55000-55e5-1017-0000-000000000000",,"Microsoft-Windows-TerminalServices-LocalSessionManager/Operational","System.UInt32[]","System.Diagnostics.Eventing.Reader.EventBookmark","Information","Info",,"System.Collections.ObjectModel.ReadOnlyCollection`1[System.String]","System.Collections.Generic.List`1[System.Diagnostics.Eventing.Reader.EventProperty]"
"Remote Desktop Services: Session logon succeeded:

User: DESKTOP-3HO80GL\user
Session ID: 3
Source Network Address: LOCAL","21","0",,"4","0","0","1152921504606846976","91","Microsoft-Windows-TerminalServices-LocalSessionManager","5d896912-022d-40aa-a3a8-4fa5515c76d7","Microsoft-Windows-TerminalServices-LocalSessionManager/Operational","1064","16348","DESKTOP-3HO80GL","S-1-5-18","3/27/2024 9:09:36 AM","61a55000-55e5-1017-0000-000000000000",,"Microsoft-Windows-TerminalServices-LocalSessionManager/Operational","System.UInt32[]","System.Diagnostics.Eventing.Reader.EventBookmark","Information","Info",,"System.Collections.ObjectModel.ReadOnlyCollection`1[System.String]","System.Collections.Generic.List`1[System.Diagnostics.Eventing.Reader.EventProperty]"
"End session arbitration:

User: DESKTOP-3HO80GL\user
Session ID: 3","42","0",,"4","0","0","1152921504606846976","90","Microsoft-Windows-TerminalServices-LocalSessionManager","5d896912-022d-40aa-a3a8-4fa5515c76d7","Microsoft-Windows-TerminalServices-LocalSessionManager/Operational","1064","16348","DESKTOP-3HO80GL","S-1-5-18","3/27/2024 9:09:36 AM","61a55000-55e5-1017-0000-000000000000",,"Microsoft-Windows-TerminalServices-LocalSessionManager/Operational","System.UInt32[]","System.Diagnostics.Eventing.Reader.EventBookmark","Information","Info",,"System.Collections.ObjectModel.ReadOnlyCollection`1[System.String]","System.Collections.Generic.List`1[System.Diagnostics.Eventing.Reader.EventProperty]"
"Begin session arbitration:

User: DESKTOP-3HO80GL\user
Session ID: 3","41","0",,"4","0","0","1152921504606846976","89","Microsoft-Windows-TerminalServices-LocalSessionManager","5d896912-022d-40aa-a3a8-4fa5515c76d7","Microsoft-Windows-TerminalServices-LocalSessionManager/Operational","1064","16348","DESKTOP-3HO80GL","S-1-5-18","3/27/2024 9:09:36 AM","61a55000-55e5-1017-0000-000000000000",,"Microsoft-Windows-TerminalServices-LocalSessionManager/Operational","System.UInt32[]","System.Diagnostics.Eventing.Reader.EventBookmark","Information","Info",,"System.Collections.ObjectModel.ReadOnlyCollection`1[System.String]","System.Collections.Generic.List`1[System.Diagnostics.Eventing.Reader.EventProperty]"
"Remote Desktop Services: Session has been disconnected:

User: DESKTOP-3HO80GL\user
Session ID: 2
Source Network Address: LOCAL","24","0",,"4","0","0","1152921504606846976","88","Microsoft-Windows-TerminalServices-LocalSessionManager","5d896912-022d-40aa-a3a8-4fa5515c76d7","Microsoft-Windows-TerminalServices-LocalSessionManager/Operational","1064","16348","DESKTOP-3HO80GL","S-1-5-18","3/27/2024 1:47:59 AM",,,"Microsoft-Windows-TerminalServices-LocalSessionManager/Operational","System.UInt32[]","System.Diagnostics.Eventing.Reader.EventBookmark","Information","Info",,"System.Collections.ObjectModel.ReadOnlyCollection`1[System.String]","System.Collections.Generic.List`1[System.Diagnostics.Eventing.Reader.EventProperty]"
"Session 3 has been disconnected, reason code 11","40","0",,"4","0","0","1152921504606846976","87","Microsoft-Windows-TerminalServices-LocalSessionManager","5d896912-022d-40aa-a3a8-4fa5515c76d7","Microsoft-Windows-TerminalServices-LocalSessionManager/Operational","1064","5488","DESKTOP-3HO80GL","S-1-5-18","3/27/2024 1:47:59 AM",,,"Microsoft-Windows-TerminalServices-LocalSessionManager/Operational","System.UInt32[]","System.Diagnostics.Eventing.Reader.EventBookmark","Information","Info",,"System.Collections.ObjectModel.ReadOnlyCollection`1[System.String]","System.Collections.Generic.List`1[System.Diagnostics.Eventing.Reader.EventProperty]"
"Session 2 has been disconnected, reason code 11","40","0",,"4","0","0","1152921504606846976","86","Microsoft-Windows-TerminalServices-LocalSessionManager","5d896912-022d-40aa-a3a8-4fa5515c76d7","Microsoft-Windows-TerminalServices-LocalSessionManager/Operational","1064","16348","DESKTOP-3HO80GL","S-1-5-18","3/27/2024 1:47:58 AM",,,"Microsoft-Windows-TerminalServices-LocalSessionManager/Operational","System.UInt32[]","System.Diagnostics.Eventing.Reader.EventBookmark","Information","Info",,"System.Collections.ObjectModel.ReadOnlyCollection`1[System.String]","System.Collections.Generic.List`1[System.Diagnostics.Eventing.Reader.EventProperty]"
"Session 2 has been disconnected by session 2","39","0",,"4","0","0","1152921504606846976","85","Microsoft-Windows-TerminalServices-LocalSessionManager","5d896912-022d-40aa-a3a8-4fa5515c76d7","Microsoft-Windows-TerminalServices-LocalSessionManager/Operational","1064","16348","DESKTOP-3HO80GL","S-1-5-18","3/27/2024 1:47:58 AM",,,"Microsoft-Windows-TerminalServices-LocalSessionManager/Operational","System.UInt32[]","System.Diagnostics.Eventing.Reader.EventBookmark","Information","Info",,"System.Collections.ObjectModel.ReadOnlyCollection`1[System.String]","System.Collections.Generic.List`1[System.Diagnostics.Eventing.Reader.EventProperty]"
"Remote Desktop Services: Session logoff succeeded:

User: DESKTOP-3HO80GL\user
Session ID: 2","23","0",,"4","0","0","1152921504606846976","84","Microsoft-Windows-TerminalServices-LocalSessionManager","5d896912-022d-40aa-a3a8-4fa5515c76d7","Microsoft-Windows-TerminalServices-LocalSessionManager/Operational","1064","5488","DESKTOP-3HO80GL","S-1-5-18","3/27/2024 1:47:58 AM","61a55000-55e5-1017-0000-000000000000",,"Microsoft-Windows-TerminalServices-LocalSessionManager/Operational","System.UInt32[]","System.Diagnostics.Eventing.Reader.EventBookmark","Information","Info",,"System.Collections.ObjectModel.ReadOnlyCollection`1[System.String]","System.Collections.Generic.List`1[System.Diagnostics.Eventing.Reader.EventProperty]"
"An error occurred when transitioning from DesktopLocked in response to EvDesktopLocked. (ErrorCode 0x8007139F)","36","0",,"2","0","0","1152921504606846976","83","Microsoft-Windows-TerminalServices-LocalSessionManager","5d896912-022d-40aa-a3a8-4fa5515c76d7","Microsoft-Windows-TerminalServices-LocalSessionManager/Operational","1064","17132","DESKTOP-3HO80GL","S-1-5-18","3/26/2024 12:32:31 AM","61a55000-55e5-1017-0000-000000000000",,"Microsoft-Windows-TerminalServices-LocalSessionManager/Operational","System.UInt32[]","System.Diagnostics.Eventing.Reader.EventBookmark","Error","Info",,"System.Collections.ObjectModel.ReadOnlyCollection`1[System.String]","System.Collections.Generic.List`1[System.Diagnostics.Eventing.Reader.EventProperty]"
"Remote Desktop Services: Shell start notification received:

User: DESKTOP-3HO80GL\user
Session ID: 2
Source Network Address: LOCAL","22","0",,"4","0","0","1152921504606846976","82","Microsoft-Windows-TerminalServices-LocalSessionManager","5d896912-022d-40aa-a3a8-4fa5515c76d7","Microsoft-Windows-TerminalServices-LocalSessionManager/Operational","1064","15132","DESKTOP-3HO80GL","S-1-5-18","3/26/2024 12:32:31 AM","61a55000-55e5-1017-0000-000000000000",,"Microsoft-Windows-TerminalServices-LocalSessionManager/Operational","System.UInt32[]","System.Diagnostics.Eventing.Reader.EventBookmark","Information","Info",,"System.Collections.ObjectModel.ReadOnlyCollection`1[System.String]","System.Collections.Generic.List`1[System.Diagnostics.Eventing.Reader.EventProperty]"
"Remote Desktop Services: Session logon succeeded:

User: DESKTOP-3HO80GL\user
Session ID: 2
Source Network Address: LOCAL","21","0",,"4","0","0","1152921504606846976","81","Microsoft-Windows-TerminalServices-LocalSessionManager","5d896912-022d-40aa-a3a8-4fa5515c76d7","Microsoft-Windows-TerminalServices-LocalSessionManager/Operational","1064","1328","DESKTOP-3HO80GL","S-1-5-18","3/26/2024 12:32:31 AM","61a55000-55e5-1017-0000-000000000000",,"Microsoft-Windows-TerminalServices-LocalSessionManager/Operational","System.UInt32[]","System.Diagnostics.Eventing.Reader.EventBookmark","Information","Info",,"System.Collections.ObjectModel.ReadOnlyCollection`1[System.String]","System.Collections.Generic.List`1[System.Diagnostics.Eventing.Reader.EventProperty]"
"End session arbitration:

User: DESKTOP-3HO80GL\user
Session ID: 2","42","0",,"4","0","0","1152921504606846976","80","Microsoft-Windows-TerminalServices-LocalSessionManager","5d896912-022d-40aa-a3a8-4fa5515c76d7","Microsoft-Windows-TerminalServices-LocalSessionManager/Operational","1064","1328","DESKTOP-3HO80GL","S-1-5-18","3/26/2024 12:32:31 AM","61a55000-55e5-1017-0000-000000000000",,"Microsoft-Windows-TerminalServices-LocalSessionManager/Operational","System.UInt32[]","System.Diagnostics.Eventing.Reader.EventBookmark","Information","Info",,"System.Collections.ObjectModel.ReadOnlyCollection`1[System.String]","System.Collections.Generic.List`1[System.Diagnostics.Eventing.Reader.EventProperty]"
"Begin session arbitration:

User: DESKTOP-3HO80GL\user
Session ID: 2","41","0",,"4","0","0","1152921504606846976","79","Microsoft-Windows-TerminalServices-LocalSessionManager","5d896912-022d-40aa-a3a8-4fa5515c76d7","Microsoft-Windows-TerminalServices-LocalSessionManager/Operational","1064","1328","DESKTOP-3HO80GL","S-1-5-18","3/26/2024 12:32:31 AM","61a55000-55e5-1017-0000-000000000000",,"Microsoft-Windows-TerminalServices-LocalSessionManager/Operational","System.UInt32[]","System.Diagnostics.Eventing.Reader.EventBookmark","Information","Info",,"System.Collections.ObjectModel.ReadOnlyCollection`1[System.String]","System.Collections.Generic.List`1[System.Diagnostics.Eventing.Reader.EventProperty]"
"Remote Desktop Services: Session has been disconnected:

User: DESKTOP-3HO80GL\user
Session ID: 1
Source Network Address: LOCAL","24","0",,"4","0","0","1152921504606846976","78","Microsoft-Windows-TerminalServices-LocalSessionManager","5d896912-022d-40aa-a3a8-4fa5515c76d7","Microsoft-Windows-TerminalServices-LocalSessionManager/Operational","1064","10156","DESKTOP-3HO80GL","S-1-5-18","3/21/2024 9:40:39 AM",,,"Microsoft-Windows-TerminalServices-LocalSessionManager/Operational","System.UInt32[]","System.Diagnostics.Eventing.Reader.EventBookmark","Information","Info",,"System.Collections.ObjectModel.ReadOnlyCollection`1[System.String]","System.Collections.Generic.List`1[System.Diagnostics.Eventing.Reader.EventProperty]"
"Session 2 has been disconnected, reason code 11","40","0",,"4","0","0","1152921504606846976","77","Microsoft-Windows-TerminalServices-LocalSessionManager","5d896912-022d-40aa-a3a8-4fa5515c76d7","Microsoft-Windows-TerminalServices-LocalSessionManager/Operational","1064","1328","DESKTOP-3HO80GL","S-1-5-18","3/21/2024 9:40:39 AM",,,"Microsoft-Windows-TerminalServices-LocalSessionManager/Operational","System.UInt32[]","System.Diagnostics.Eventing.Reader.EventBookmark","Information","Info",,"System.Collections.ObjectModel.ReadOnlyCollection`1[System.String]","System.Collections.Generic.List`1[System.Diagnostics.Eventing.Reader.EventProperty]"
"Session 1 has been disconnected, reason code 11","40","0",,"4","0","0","1152921504606846976","76","Microsoft-Windows-TerminalServices-LocalSessionManager","5d896912-022d-40aa-a3a8-4fa5515c76d7","Microsoft-Windows-TerminalServices-LocalSessionManager/Operational","1064","10156","DESKTOP-3HO80GL","S-1-5-18","3/21/2024 9:40:38 AM",,,"Microsoft-Windows-TerminalServices-LocalSessionManager/Operational","System.UInt32[]","System.Diagnostics.Eventing.Reader.EventBookmark","Information","Info",,"System.Collections.ObjectModel.ReadOnlyCollection`1[System.String]","System.Collections.Generic.List`1[System.Diagnostics.Eventing.Reader.EventProperty]"
"Session 1 has been disconnected by session 1","39","0",,"4","0","0","1152921504606846976","75","Microsoft-Windows-TerminalServices-LocalSessionManager","5d896912-022d-40aa-a3a8-4fa5515c76d7","Microsoft-Windows-TerminalServices-LocalSessionManager/Operational","1064","10156","DESKTOP-3HO80GL","S-1-5-18","3/21/2024 9:40:38 AM",,,"Microsoft-Windows-TerminalServices-LocalSessionManager/Operational","System.UInt32[]","System.Diagnostics.Eventing.Reader.EventBookmark","Information","Info",,"System.Collections.ObjectModel.ReadOnlyCollection`1[System.String]","System.Collections.Generic.List`1[System.Diagnostics.Eventing.Reader.EventProperty]"
"Remote Desktop Services: Session logoff succeeded:

User: DESKTOP-3HO80GL\user
Session ID: 1","23","0",,"4","0","0","1152921504606846976","74","Microsoft-Windows-TerminalServices-LocalSessionManager","5d896912-022d-40aa-a3a8-4fa5515c76d7","Microsoft-Windows-TerminalServices-LocalSessionManager/Operational","1064","10076","DESKTOP-3HO80GL","S-1-5-18","3/21/2024 9:40:38 AM","61a55000-55e5-1017-0000-000000000000",,"Microsoft-Windows-TerminalServices-LocalSessionManager/Operational","System.UInt32[]","System.Diagnostics.Eventing.Reader.EventBookmark","Information","Info",,"System.Collections.ObjectModel.ReadOnlyCollection`1[System.String]","System.Collections.Generic.List`1[System.Diagnostics.Eventing.Reader.EventProperty]"
"Remote Desktop Services: Shell start notification received:

User: DESKTOP-3HO80GL\user
Session ID: 1
Source Network Address: LOCAL","22","0",,"4","0","0","1152921504606846976","73","Microsoft-Windows-TerminalServices-LocalSessionManager","5d896912-022d-40aa-a3a8-4fa5515c76d7","Microsoft-Windows-TerminalServices-LocalSessionManager/Operational","1064","1140","DESKTOP-3HO80GL","S-1-5-18","3/20/2024 4:09:37 PM","61a55000-55e5-1017-0000-000000000000",,"Microsoft-Windows-TerminalServices-LocalSessionManager/Operational","System.UInt32[]","System.Diagnostics.Eventing.Reader.EventBookmark","Information","Info",,"System.Collections.ObjectModel.ReadOnlyCollection`1[System.String]","System.Collections.Generic.List`1[System.Diagnostics.Eventing.Reader.EventProperty]"
"Remote Desktop Services: Session logon succeeded:

User: DESKTOP-3HO80GL\user
Session ID: 1
Source Network Address: LOCAL","21","0",,"4","0","0","1152921504606846976","72","Microsoft-Windows-TerminalServices-LocalSessionManager","5d896912-022d-40aa-a3a8-4fa5515c76d7","Microsoft-Windows-TerminalServices-LocalSessionManager/Operational","1064","6180","DESKTOP-3HO80GL","S-1-5-18","3/20/2024 4:09:37 PM","61a55000-55e5-1017-0000-000000000000",,"Microsoft-Windows-TerminalServices-LocalSessionManager/Operational","System.UInt32[]","System.Diagnostics.Eventing.Reader.EventBookmark","Information","Info",,"System.Collections.ObjectModel.ReadOnlyCollection`1[System.String]","System.Collections.Generic.List`1[System.Diagnostics.Eventing.Reader.EventProperty]"
"End session arbitration:

User: DESKTOP-3HO80GL\user
Session ID: 1","42","0",,"4","0","0","1152921504606846976","71","Microsoft-Windows-TerminalServices-LocalSessionManager","5d896912-022d-40aa-a3a8-4fa5515c76d7","Microsoft-Windows-TerminalServices-LocalSessionManager/Operational","1064","1148","DESKTOP-3HO80GL","S-1-5-18","3/20/2024 4:09:37 PM","61a55000-55e5-1017-0000-000000000000",,"Microsoft-Windows-TerminalServices-LocalSessionManager/Operational","System.UInt32[]","System.Diagnostics.Eventing.Reader.EventBookmark","Information","Info",,"System.Collections.ObjectModel.ReadOnlyCollection`1[System.String]","System.Collections.Generic.List`1[System.Diagnostics.Eventing.Reader.EventProperty]"
"Begin session arbitration:

User: DESKTOP-3HO80GL\user
Session ID: 1","41","0",,"4","0","0","1152921504606846976","70","Microsoft-Windows-TerminalServices-LocalSessionManager","5d896912-022d-40aa-a3a8-4fa5515c76d7","Microsoft-Windows-TerminalServices-LocalSessionManager/Operational","1064","1148","DESKTOP-3HO80GL","S-1-5-18","3/20/2024 4:09:37 PM","61a55000-55e5-1017-0000-000000000000",,"Microsoft-Windows-TerminalServices-LocalSessionManager/Operational","System.UInt32[]","System.Diagnostics.Eventing.Reader.EventBookmark","Information","Info",,"System.Collections.ObjectModel.ReadOnlyCollection`1[System.String]","System.Collections.Generic.List`1[System.Diagnostics.Eventing.Reader.EventProperty]"
"Plugin RDSAppXPlugin has been successfully initialized","32","0",,"4","0","0","1152921504606846976","69","Microsoft-Windows-TerminalServices-LocalSessionManager","5d896912-022d-40aa-a3a8-4fa5515c76d7","Microsoft-Windows-TerminalServices-LocalSessionManager/Operational","1064","1080","DESKTOP-3HO80GL","S-1-5-18","3/20/2024 4:08:28 PM",,,"Microsoft-Windows-TerminalServices-LocalSessionManager/Operational","System.UInt32[]","System.Diagnostics.Eventing.Reader.EventBookmark","Information","Info",,"System.Collections.ObjectModel.ReadOnlyCollection`1[System.String]","System.Collections.Generic.List`1[System.Diagnostics.Eventing.Reader.EventProperty]"
"Local multi-user session manager received system shutdown message","54","0",,"4","0","0","1152921504606846976","68","Microsoft-Windows-TerminalServices-LocalSessionManager","5d896912-022d-40aa-a3a8-4fa5515c76d7","Microsoft-Windows-TerminalServices-LocalSessionManager/Operational","1056","1132","DESKTOP-3HO80GL","S-1-5-18","3/20/2024 4:08:11 PM",,,"Microsoft-Windows-TerminalServices-LocalSessionManager/Operational","System.UInt32[]","System.Diagnostics.Eventing.Reader.EventBookmark","Information","Info",,"System.Collections.ObjectModel.ReadOnlyCollection`1[System.String]","System.Collections.Generic.List`1[System.Diagnostics.Eventing.Reader.EventProperty]"
"Plugin RDSAppXPlugin has been successfully initialized","32","0",,"4","0","0","1152921504606846976","67","Microsoft-Windows-TerminalServices-LocalSessionManager","5d896912-022d-40aa-a3a8-4fa5515c76d7","Microsoft-Windows-TerminalServices-LocalSessionManager/Operational","1056","1072","DESKTOP-3HO80GL","S-1-5-18","3/20/2024 4:07:22 PM",,,"Microsoft-Windows-TerminalServices-LocalSessionManager/Operational","System.UInt32[]","System.Diagnostics.Eventing.Reader.EventBookmark","Information","Info",,"System.Collections.ObjectModel.ReadOnlyCollection`1[System.String]","System.Collections.Generic.List`1[System.Diagnostics.Eventing.Reader.EventProperty]"
"Remote Desktop Services: Session logoff succeeded:

User: DESKTOP-3HO80GL\defaultuser100000
Session ID: 2","23","0",,"4","0","0","1152921504606846976","66","Microsoft-Windows-TerminalServices-LocalSessionManager","5d896912-022d-40aa-a3a8-4fa5515c76d7","Microsoft-Windows-TerminalServices-LocalSessionManager/Operational","1340","9644","DESKTOP-3HO80GL","S-1-5-18","3/18/2024 8:35:10 PM","61a55000-55e5-1017-0000-000000000000",,"Microsoft-Windows-TerminalServices-LocalSessionManager/Operational","System.UInt32[]","System.Diagnostics.Eventing.Reader.EventBookmark","Information","Info",,"System.Collections.ObjectModel.ReadOnlyCollection`1[System.String]","System.Collections.Generic.List`1[System.Diagnostics.Eventing.Reader.EventProperty]"
"Remote Desktop Services: Session reconnection succeeded:

User: DESKTOP-3HO80GL\user
Session ID: 1
Source Network Address: LOCAL","25","0",,"4","0","0","1152921504606846976","65","Microsoft-Windows-TerminalServices-LocalSessionManager","5d896912-022d-40aa-a3a8-4fa5515c76d7","Microsoft-Windows-TerminalServices-LocalSessionManager/Operational","1340","15296","DESKTOP-3HO80GL","S-1-5-18","3/18/2024 8:35:08 PM","61a55000-55e5-1017-0000-000000000000",,"Microsoft-Windows-TerminalServices-LocalSessionManager/Operational","System.UInt32[]","System.Diagnostics.Eventing.Reader.EventBookmark","Information","Info",,"System.Collections.ObjectModel.ReadOnlyCollection`1[System.String]","System.Collections.Generic.List`1[System.Diagnostics.Eventing.Reader.EventProperty]"
"Session 1 has been disconnected, reason code 5","40","0",,"4","0","0","1152921504606846976","64","Microsoft-Windows-TerminalServices-LocalSessionManager","5d896912-022d-40aa-a3a8-4fa5515c76d7","Microsoft-Windows-TerminalServices-LocalSessionManager/Operational","1340","15296","DESKTOP-3HO80GL","S-1-5-18","3/18/2024 8:35:07 PM","61a55000-55e5-1017-0000-000000000000",,"Microsoft-Windows-TerminalServices-LocalSessionManager/Operational","System.UInt32[]","System.Diagnostics.Eventing.Reader.EventBookmark","Information","Info",,"System.Collections.ObjectModel.ReadOnlyCollection`1[System.String]","System.Collections.Generic.List`1[System.Diagnostics.Eventing.Reader.EventProperty]"
"Remote Desktop Services: Session has been disconnected:

User: DESKTOP-3HO80GL\defaultuser100000
Session ID: 2
Source Network Address: LOCAL","24","0",,"4","0","0","1152921504606846976","63","Microsoft-Windows-TerminalServices-LocalSessionManager","5d896912-022d-40aa-a3a8-4fa5515c76d7","Microsoft-Windows-TerminalServices-LocalSessionManager/Operational","1340","15296","DESKTOP-3HO80GL","S-1-5-18","3/18/2024 8:35:07 PM",,,"Microsoft-Windows-TerminalServices-LocalSessionManager/Operational","System.UInt32[]","System.Diagnostics.Eventing.Reader.EventBookmark","Information","Info",,"System.Collections.ObjectModel.ReadOnlyCollection`1[System.String]","System.Collections.Generic.List`1[System.Diagnostics.Eventing.Reader.EventProperty]"
"Session 2 has been disconnected, reason code 0","40","0",,"4","0","0","1152921504606846976","62","Microsoft-Windows-TerminalServices-LocalSessionManager","5d896912-022d-40aa-a3a8-4fa5515c76d7","Microsoft-Windows-TerminalServices-LocalSessionManager/Operational","1340","15296","DESKTOP-3HO80GL","S-1-5-18","3/18/2024 8:35:07 PM",,,"Microsoft-Windows-TerminalServices-LocalSessionManager/Operational","System.UInt32[]","System.Diagnostics.Eventing.Reader.EventBookmark","Information","Info",,"System.Collections.ObjectModel.ReadOnlyCollection`1[System.String]","System.Collections.Generic.List`1[System.Diagnostics.Eventing.Reader.EventProperty]"
"RpcConnectImpl from winlogon.exe( #0x2/0x11480 )","59","0",,"4","0","0","1152921504606846976","61","Microsoft-Windows-TerminalServices-LocalSessionManager","5d896912-022d-40aa-a3a8-4fa5515c76d7","Microsoft-Windows-TerminalServices-LocalSessionManager/Operational","1340","15296","DESKTOP-3HO80GL","S-1-5-18","3/18/2024 8:35:07 PM",,,"Microsoft-Windows-TerminalServices-LocalSessionManager/Operational","System.UInt32[]","System.Diagnostics.Eventing.Reader.EventBookmark","Information","Info",,"System.Collections.ObjectModel.ReadOnlyCollection`1[System.String]","System.Collections.Generic.List`1[System.Diagnostics.Eventing.Reader.EventProperty]"
"An error occurred when transitioning from DesktopLocked in response to EvDesktopLocked. (ErrorCode 0x8007139F)","36","0",,"2","0","0","1152921504606846976","60","Microsoft-Windows-TerminalServices-LocalSessionManager","5d896912-022d-40aa-a3a8-4fa5515c76d7","Microsoft-Windows-TerminalServices-LocalSessionManager/Operational","1340","920","DESKTOP-3HO80GL","S-1-5-18","3/18/2024 8:32:26 PM","61a55000-55e5-1017-0000-000000000000",,"Microsoft-Windows-TerminalServices-LocalSessionManager/Operational","System.UInt32[]","System.Diagnostics.Eventing.Reader.EventBookmark","Error","Info",,"System.Collections.ObjectModel.ReadOnlyCollection`1[System.String]","System.Collections.Generic.List`1[System.Diagnostics.Eventing.Reader.EventProperty]"
"Remote Desktop Services: Shell start notification received:

User: DESKTOP-3HO80GL\defaultuser100000
Session ID: 2
Source Network Address: LOCAL","22","0",,"4","0","0","1152921504606846976","59","Microsoft-Windows-TerminalServices-LocalSessionManager","5d896912-022d-40aa-a3a8-4fa5515c76d7","Microsoft-Windows-TerminalServices-LocalSessionManager/Operational","1340","14416","DESKTOP-3HO80GL","S-1-5-18","3/18/2024 8:32:26 PM","61a55000-55e5-1017-0000-000000000000",,"Microsoft-Windows-TerminalServices-LocalSessionManager/Operational","System.UInt32[]","System.Diagnostics.Eventing.Reader.EventBookmark","Information","Info",,"System.Collections.ObjectModel.ReadOnlyCollection`1[System.String]","System.Collections.Generic.List`1[System.Diagnostics.Eventing.Reader.EventProperty]"
"Remote Desktop Services: Session logon succeeded:

User: DESKTOP-3HO80GL\defaultuser100000
Session ID: 2
Source Network Address: LOCAL","21","0",,"4","0","0","1152921504606846976","58","Microsoft-Windows-TerminalServices-LocalSessionManager","5d896912-022d-40aa-a3a8-4fa5515c76d7","Microsoft-Windows-TerminalServices-LocalSessionManager/Operational","1340","16020","DESKTOP-3HO80GL","S-1-5-18","3/18/2024 8:32:26 PM","61a55000-55e5-1017-0000-000000000000",,"Microsoft-Windows-TerminalServices-LocalSessionManager/Operational","System.UInt32[]","System.Diagnostics.Eventing.Reader.EventBookmark","Information","Info",,"System.Collections.ObjectModel.ReadOnlyCollection`1[System.String]","System.Collections.Generic.List`1[System.Diagnostics.Eventing.Reader.EventProperty]"
"End session arbitration:

User: DESKTOP-3HO80GL\defaultuser100000
Session ID: 2","42","0",,"4","0","0","1152921504606846976","57","Microsoft-Windows-TerminalServices-LocalSessionManager","5d896912-022d-40aa-a3a8-4fa5515c76d7","Microsoft-Windows-TerminalServices-LocalSessionManager/Operational","1340","14416","DESKTOP-3HO80GL","S-1-5-18","3/18/2024 8:32:25 PM","61a55000-55e5-1017-0000-000000000000",,"Microsoft-Windows-TerminalServices-LocalSessionManager/Operational","System.UInt32[]","System.Diagnostics.Eventing.Reader.EventBookmark","Information","Info",,"System.Collections.ObjectModel.ReadOnlyCollection`1[System.String]","System.Collections.Generic.List`1[System.Diagnostics.Eventing.Reader.EventProperty]"
"Begin session arbitration:

User: DESKTOP-3HO80GL\defaultuser100000
Session ID: 2","41","0",,"4","0","0","1152921504606846976","56","Microsoft-Windows-TerminalServices-LocalSessionManager","5d896912-022d-40aa-a3a8-4fa5515c76d7","Microsoft-Windows-TerminalServices-LocalSessionManager/Operational","1340","14416","DESKTOP-3HO80GL","S-1-5-18","3/18/2024 8:32:25 PM","61a55000-55e5-1017-0000-000000000000",,"Microsoft-Windows-TerminalServices-LocalSessionManager/Operational","System.UInt32[]","System.Diagnostics.Eventing.Reader.EventBookmark","Information","Info",,"System.Collections.ObjectModel.ReadOnlyCollection`1[System.String]","System.Collections.Generic.List`1[System.Diagnostics.Eventing.Reader.EventProperty]"
"Remote Desktop Services: Session has been disconnected:

User: DESKTOP-3HO80GL\user
Session ID: 1
Source Network Address: LOCAL","24","0",,"4","0","0","1152921504606846976","55","Microsoft-Windows-TerminalServices-LocalSessionManager","5d896912-022d-40aa-a3a8-4fa5515c76d7","Microsoft-Windows-TerminalServices-LocalSessionManager/Operational","1340","15296","DESKTOP-3HO80GL","S-1-5-18","3/18/2024 8:32:24 PM",,,"Microsoft-Windows-TerminalServices-LocalSessionManager/Operational","System.UInt32[]","System.Diagnostics.Eventing.Reader.EventBookmark","Information","Info",,"System.Collections.ObjectModel.ReadOnlyCollection`1[System.String]","System.Collections.Generic.List`1[System.Diagnostics.Eventing.Reader.EventProperty]"
"Session 2 has been disconnected, reason code 11","40","0",,"4","0","0","1152921504606846976","54","Microsoft-Windows-TerminalServices-LocalSessionManager","5d896912-022d-40aa-a3a8-4fa5515c76d7","Microsoft-Windows-TerminalServices-LocalSessionManager/Operational","1340","16020","DESKTOP-3HO80GL","S-1-5-18","3/18/2024 8:32:24 PM",,,"Microsoft-Windows-TerminalServices-LocalSessionManager/Operational","System.UInt32[]","System.Diagnostics.Eventing.Reader.EventBookmark","Information","Info",,"System.Collections.ObjectModel.ReadOnlyCollection`1[System.String]","System.Collections.Generic.List`1[System.Diagnostics.Eventing.Reader.EventProperty]"
"Session 1 has been disconnected, reason code 11","40","0",,"4","0","0","1152921504606846976","53","Microsoft-Windows-TerminalServices-LocalSessionManager","5d896912-022d-40aa-a3a8-4fa5515c76d7","Microsoft-Windows-TerminalServices-LocalSessionManager/Operational","1340","15296","DESKTOP-3HO80GL","S-1-5-18","3/18/2024 8:32:24 PM",,,"Microsoft-Windows-TerminalServices-LocalSessionManager/Operational","System.UInt32[]","System.Diagnostics.Eventing.Reader.EventBookmark","Information","Info",,"System.Collections.ObjectModel.ReadOnlyCollection`1[System.String]","System.Collections.Generic.List`1[System.Diagnostics.Eventing.Reader.EventProperty]"
"Session 1 has been disconnected by session 1","39","0",,"4","0","0","1152921504606846976","52","Microsoft-Windows-TerminalServices-LocalSessionManager","5d896912-022d-40aa-a3a8-4fa5515c76d7","Microsoft-Windows-TerminalServices-LocalSessionManager/Operational","1340","15296","DESKTOP-3HO80GL","S-1-5-18","3/18/2024 8:32:24 PM",,,"Microsoft-Windows-TerminalServices-LocalSessionManager/Operational","System.UInt32[]","System.Diagnostics.Eventing.Reader.EventBookmark","Information","Info",,"System.Collections.ObjectModel.ReadOnlyCollection`1[System.String]","System.Collections.Generic.List`1[System.Diagnostics.Eventing.Reader.EventProperty]"
"An error occurred when transitioning from DesktopLocked in response to EvDesktopLocked. (ErrorCode 0x8007139F)","36","0",,"2","0","0","1152921504606846976","51","Microsoft-Windows-TerminalServices-LocalSessionManager","5d896912-022d-40aa-a3a8-4fa5515c76d7","Microsoft-Windows-TerminalServices-LocalSessionManager/Operational","1340","3340","DESKTOP-3HO80GL","S-1-5-18","3/17/2024 2:18:30 AM","61a55000-55e5-1017-0000-000000000000",,"Microsoft-Windows-TerminalServices-LocalSessionManager/Operational","System.UInt32[]","System.Diagnostics.Eventing.Reader.EventBookmark","Error","Info",,"System.Collections.ObjectModel.ReadOnlyCollection`1[System.String]","System.Collections.Generic.List`1[System.Diagnostics.Eventing.Reader.EventProperty]"
"Remote Desktop Services: Shell start notification received:

User: DESKTOP-3HO80GL\user
Session ID: 1
Source Network Address: LOCAL","22","0",,"4","0","0","1152921504606846976","50","Microsoft-Windows-TerminalServices-LocalSessionManager","5d896912-022d-40aa-a3a8-4fa5515c76d7","Microsoft-Windows-TerminalServices-LocalSessionManager/Operational","1340","1376","DESKTOP-3HO80GL","S-1-5-18","3/17/2024 2:18:28 AM","61a55000-55e5-1017-0000-000000000000",,"Microsoft-Windows-TerminalServices-LocalSessionManager/Operational","System.UInt32[]","System.Diagnostics.Eventing.Reader.EventBookmark","Information","Info",,"System.Collections.ObjectModel.ReadOnlyCollection`1[System.String]","System.Collections.Generic.List`1[System.Diagnostics.Eventing.Reader.EventProperty]"
"Remote Desktop Services: Session logon succeeded:

User: DESKTOP-3HO80GL\user
Session ID: 1
Source Network Address: LOCAL","21","0",,"4","0","0","1152921504606846976","49","Microsoft-Windows-TerminalServices-LocalSessionManager","5d896912-022d-40aa-a3a8-4fa5515c76d7","Microsoft-Windows-TerminalServices-LocalSessionManager/Operational","1340","1376","DESKTOP-3HO80GL","S-1-5-18","3/17/2024 2:18:28 AM","61a55000-55e5-1017-0000-000000000000",,"Microsoft-Windows-TerminalServices-LocalSessionManager/Operational","System.UInt32[]","System.Diagnostics.Eventing.Reader.EventBookmark","Information","Info",,"System.Collections.ObjectModel.ReadOnlyCollection`1[System.String]","System.Collections.Generic.List`1[System.Diagnostics.Eventing.Reader.EventProperty]"
"End session arbitration:

User: DESKTOP-3HO80GL\user
Session ID: 1","42","0",,"4","0","0","1152921504606846976","48","Microsoft-Windows-TerminalServices-LocalSessionManager","5d896912-022d-40aa-a3a8-4fa5515c76d7","Microsoft-Windows-TerminalServices-LocalSessionManager/Operational","1340","1376","DESKTOP-3HO80GL","S-1-5-18","3/17/2024 2:18:28 AM","61a55000-55e5-1017-0000-000000000000",,"Microsoft-Windows-TerminalServices-LocalSessionManager/Operational","System.UInt32[]","System.Diagnostics.Eventing.Reader.EventBookmark","Information","Info",,"System.Collections.ObjectModel.ReadOnlyCollection`1[System.String]","System.Collections.Generic.List`1[System.Diagnostics.Eventing.Reader.EventProperty]"
"Begin session arbitration:

User: DESKTOP-3HO80GL\user
Session ID: 1","41","0",,"4","0","0","1152921504606846976","47","Microsoft-Windows-TerminalServices-LocalSessionManager","5d896912-022d-40aa-a3a8-4fa5515c76d7","Microsoft-Windows-TerminalServices-LocalSessionManager/Operational","1340","1376","DESKTOP-3HO80GL","S-1-5-18","3/17/2024 2:18:28 AM","61a55000-55e5-1017-0000-000000000000",,"Microsoft-Windows-TerminalServices-LocalSessionManager/Operational","System.UInt32[]","System.Diagnostics.Eventing.Reader.EventBookmark","Information","Info",,"System.Collections.ObjectModel.ReadOnlyCollection`1[System.String]","System.Collections.Generic.List`1[System.Diagnostics.Eventing.Reader.EventProperty]"
"Plugin RDSAppXPlugin has been successfully initialized","32","0",,"4","0","0","1152921504606846976","46","Microsoft-Windows-TerminalServices-LocalSessionManager","5d896912-022d-40aa-a3a8-4fa5515c76d7","Microsoft-Windows-TerminalServices-LocalSessionManager/Operational","1340","1356","DESKTOP-3HO80GL","S-1-5-18","3/17/2024 2:18:27 AM",,,"Microsoft-Windows-TerminalServices-LocalSessionManager/Operational","System.UInt32[]","System.Diagnostics.Eventing.Reader.EventBookmark","Information","Info",,"System.Collections.ObjectModel.ReadOnlyCollection`1[System.String]","System.Collections.Generic.List`1[System.Diagnostics.Eventing.Reader.EventProperty]"
"Local multi-user session manager received system shutdown message","54","0",,"4","0","0","1152921504606846976","45","Microsoft-Windows-TerminalServices-LocalSessionManager","5d896912-022d-40aa-a3a8-4fa5515c76d7","Microsoft-Windows-TerminalServices-LocalSessionManager/Operational","1136","15820","DESKTOP-3HO80GL","S-1-5-18","3/17/2024 2:18:11 AM",,,"Microsoft-Windows-TerminalServices-LocalSessionManager/Operational","System.UInt32[]","System.Diagnostics.Eventing.Reader.EventBookmark","Information","Info",,"System.Collections.ObjectModel.ReadOnlyCollection`1[System.String]","System.Collections.Generic.List`1[System.Diagnostics.Eventing.Reader.EventProperty]"
"Remote Desktop Services: Session logoff succeeded:

User: DESKTOP-3HO80GL\user
Session ID: 1","23","0",,"4","0","0","1152921504606846976","44","Microsoft-Windows-TerminalServices-LocalSessionManager","5d896912-022d-40aa-a3a8-4fa5515c76d7","Microsoft-Windows-TerminalServices-LocalSessionManager/Operational","1136","6896","DESKTOP-3HO80GL","S-1-5-18","3/17/2024 2:18:11 AM","61a55000-55e5-1017-0000-000000000000",,"Microsoft-Windows-TerminalServices-LocalSessionManager/Operational","System.UInt32[]","System.Diagnostics.Eventing.Reader.EventBookmark","Information","Info",,"System.Collections.ObjectModel.ReadOnlyCollection`1[System.String]","System.Collections.Generic.List`1[System.Diagnostics.Eventing.Reader.EventProperty]"
"An error occurred when transitioning from DesktopLocked in response to EvDesktopLocked. (ErrorCode 0x8007139F)","36","0",,"2","0","0","1152921504606846976","43","Microsoft-Windows-TerminalServices-LocalSessionManager","5d896912-022d-40aa-a3a8-4fa5515c76d7","Microsoft-Windows-TerminalServices-LocalSessionManager/Operational","1136","6688","DESKTOP-3HO80GL","S-1-5-18","3/17/2024 1:03:58 AM","61a55000-55e5-1017-0000-000000000000",,"Microsoft-Windows-TerminalServices-LocalSessionManager/Operational","System.UInt32[]","System.Diagnostics.Eventing.Reader.EventBookmark","Error","Info",,"System.Collections.ObjectModel.ReadOnlyCollection`1[System.String]","System.Collections.Generic.List`1[System.Diagnostics.Eventing.Reader.EventProperty]"
"Remote Desktop Services: Shell start notification received:

User: DESKTOP-3HO80GL\user
Session ID: 1
Source Network Address: LOCAL","22","0",,"4","0","0","1152921504606846976","42","Microsoft-Windows-TerminalServices-LocalSessionManager","5d896912-022d-40aa-a3a8-4fa5515c76d7","Microsoft-Windows-TerminalServices-LocalSessionManager/Operational","1136","2484","DESKTOP-3HO80GL","S-1-5-18","3/17/2024 1:03:57 AM","61a55000-55e5-1017-0000-000000000000",,"Microsoft-Windows-TerminalServices-LocalSessionManager/Operational","System.UInt32[]","System.Diagnostics.Eventing.Reader.EventBookmark","Information","Info",,"System.Collections.ObjectModel.ReadOnlyCollection`1[System.String]","System.Collections.Generic.List`1[System.Diagnostics.Eventing.Reader.EventProperty]"
"Remote Desktop Services: Session logon succeeded:

User: DESKTOP-3HO80GL\user
Session ID: 1
Source Network Address: LOCAL","21","0",,"4","0","0","1152921504606846976","41","Microsoft-Windows-TerminalServices-LocalSessionManager","5d896912-022d-40aa-a3a8-4fa5515c76d7","Microsoft-Windows-TerminalServices-LocalSessionManager/Operational","1136","1168","DESKTOP-3HO80GL","S-1-5-18","3/17/2024 1:03:57 AM","61a55000-55e5-1017-0000-000000000000",,"Microsoft-Windows-TerminalServices-LocalSessionManager/Operational","System.UInt32[]","System.Diagnostics.Eventing.Reader.EventBookmark","Information","Info",,"System.Collections.ObjectModel.ReadOnlyCollection`1[System.String]","System.Collections.Generic.List`1[System.Diagnostics.Eventing.Reader.EventProperty]"
"End session arbitration:

User: DESKTOP-3HO80GL\user
Session ID: 1","42","0",,"4","0","0","1152921504606846976","40","Microsoft-Windows-TerminalServices-LocalSessionManager","5d896912-022d-40aa-a3a8-4fa5515c76d7","Microsoft-Windows-TerminalServices-LocalSessionManager/Operational","1136","1168","DESKTOP-3HO80GL","S-1-5-18","3/17/2024 1:03:56 AM","61a55000-55e5-1017-0000-000000000000",,"Microsoft-Windows-TerminalServices-LocalSessionManager/Operational","System.UInt32[]","System.Diagnostics.Eventing.Reader.EventBookmark","Information","Info",,"System.Collections.ObjectModel.ReadOnlyCollection`1[System.String]","System.Collections.Generic.List`1[System.Diagnostics.Eventing.Reader.EventProperty]"
"Begin session arbitration:

