User: DESKTOP-3HO80GL\user
Session ID: 1
Source Network Address: LOCAL","24","0",,"4","0","0","1152921504606846976","247","Microsoft-Windows-TerminalServices-LocalSessionManager","5d896912-022d-40aa-a3a8-4fa5515c76d7","Microsoft-Windows-TerminalServices-LocalSessionManager/Operational","1368","5840","DESKTOP-3HO80GL","S-1-5-18","4/15/2024 12:09:05 PM",,,"Microsoft-Windows-TerminalServices-LocalSessionManager/Operational","System.UInt32[]","System.Diagnostics.Eventing.Reader.EventBookmark","Information","Info",,"System.Collections.ObjectModel.ReadOnlyCollection`1[System.String]","System.Collections.Generic.List`1[System.Diagnostics.Eventing.Reader.EventProperty]"
"Session 2 has been disconnected, reason code 11","40","0",,"4","0","0","1152921504606846976","246","Microsoft-Windows-TerminalServices-LocalSessionManager","5d896912-022d-40aa-a3a8-4fa5515c76d7","Microsoft-Windows-TerminalServices-LocalSessionManager/Operational","1368","5580","DESKTOP-3HO80GL","S-1-5-18","4/15/2024 12:09:05 PM",,,"Microsoft-Windows-TerminalServices-LocalSessionManager/Operational","System.UInt32[]","System.Diagnostics.Eventing.Reader.EventBookmark","Information","Info",,"System.Collections.ObjectModel.ReadOnlyCollection`1[System.String]","System.Collections.Generic.List`1[System.Diagnostics.Eventing.Reader.EventProperty]"
"Session 1 has been disconnected, reason code 11","40","0",,"4","0","0","1152921504606846976","245","Microsoft-Windows-TerminalServices-LocalSessionManager","5d896912-022d-40aa-a3a8-4fa5515c76d7","Microsoft-Windows-TerminalServices-LocalSessionManager/Operational","1368","5840","DESKTOP-3HO80GL","S-1-5-18","4/15/2024 12:09:05 PM",,,"Microsoft-Windows-TerminalServices-LocalSessionManager/Operational","System.UInt32[]","System.Diagnostics.Eventing.Reader.EventBookmark","Information","Info",,"System.Collections.ObjectModel.ReadOnlyCollection`1[System.String]","System.Collections.Generic.List`1[System.Diagnostics.Eventing.Reader.EventProperty]"
"Session 1 has been disconnected by session 1","39","0",,"4","0","0","1152921504606846976","244","Microsoft-Windows-TerminalServices-LocalSessionManager","5d896912-022d-40aa-a3a8-4fa5515c76d7","Microsoft-Windows-TerminalServices-LocalSessionManager/Operational","1368","5840","DESKTOP-3HO80GL","S-1-5-18","4/15/2024 12:09:05 PM",,,"Microsoft-Windows-TerminalServices-LocalSessionManager/Operational","System.UInt32[]","System.Diagnostics.Eventing.Reader.EventBookmark","Information","Info",,"System.Collections.ObjectModel.ReadOnlyCollection`1[System.String]","System.Collections.Generic.List`1[System.Diagnostics.Eventing.Reader.EventProperty]"
"Remote Desktop Services: Session logoff succeeded:

User: DESKTOP-3HO80GL\user
Session ID: 1","23","0",,"4","0","0","1152921504606846976","243","Microsoft-Windows-TerminalServices-LocalSessionManager","5d896912-022d-40aa-a3a8-4fa5515c76d7","Microsoft-Windows-TerminalServices-LocalSessionManager/Operational","1368","652","DESKTOP-3HO80GL","S-1-5-18","4/15/2024 12:09:05 PM","61a55000-55e5-1017-0000-000000000000",,"Microsoft-Windows-TerminalServices-LocalSessionManager/Operational","System.UInt32[]","System.Diagnostics.Eventing.Reader.EventBookmark","Information","Info",,"System.Collections.ObjectModel.ReadOnlyCollection`1[System.String]","System.Collections.Generic.List`1[System.Diagnostics.Eventing.Reader.EventProperty]"
"Remote Desktop Services: Shell start notification received:

User: DESKTOP-3HO80GL\user
Session ID: 1
Source Network Address: LOCAL","22","0",,"4","0","0","1152921504606846976","242","Microsoft-Windows-TerminalServices-LocalSessionManager","5d896912-022d-40aa-a3a8-4fa5515c76d7","Microsoft-Windows-TerminalServices-LocalSessionManager/Operational","1368","6704","DESKTOP-3HO80GL","S-1-5-18","4/15/2024 10:24:57 AM","61a55000-55e5-1017-0000-000000000000",,"Microsoft-Windows-TerminalServices-LocalSessionManager/Operational","System.UInt32[]","System.Diagnostics.Eventing.Reader.EventBookmark","Information","Info",,"System.Collections.ObjectModel.ReadOnlyCollection`1[System.String]","System.Collections.Generic.List`1[System.Diagnostics.Eventing.Reader.EventProperty]"
"Remote Desktop Services: Session logon succeeded:

User: DESKTOP-3HO80GL\user
Session ID: 1
Source Network Address: LOCAL","21","0",,"4","0","0","1152921504606846976","241","Microsoft-Windows-TerminalServices-LocalSessionManager","5d896912-022d-40aa-a3a8-4fa5515c76d7","Microsoft-Windows-TerminalServices-LocalSessionManager/Operational","1368","5084","DESKTOP-3HO80GL","S-1-5-18","4/15/2024 10:24:57 AM","61a55000-55e5-1017-0000-000000000000",,"Microsoft-Windows-TerminalServices-LocalSessionManager/Operational","System.UInt32[]","System.Diagnostics.Eventing.Reader.EventBookmark","Information","Info",,"System.Collections.ObjectModel.ReadOnlyCollection`1[System.String]","System.Collections.Generic.List`1[System.Diagnostics.Eventing.Reader.EventProperty]"
"End session arbitration:

User: DESKTOP-3HO80GL\user
Session ID: 1","42","0",,"4","0","0","1152921504606846976","240","Microsoft-Windows-TerminalServices-LocalSessionManager","5d896912-022d-40aa-a3a8-4fa5515c76d7","Microsoft-Windows-TerminalServices-LocalSessionManager/Operational","1368","5084","DESKTOP-3HO80GL","S-1-5-18","4/15/2024 10:24:57 AM","61a55000-55e5-1017-0000-000000000000",,"Microsoft-Windows-TerminalServices-LocalSessionManager/Operational","System.UInt32[]","System.Diagnostics.Eventing.Reader.EventBookmark","Information","Info",,"System.Collections.ObjectModel.ReadOnlyCollection`1[System.String]","System.Collections.Generic.List`1[System.Diagnostics.Eventing.Reader.EventProperty]"
"Begin session arbitration:

User: DESKTOP-3HO80GL\user
Session ID: 1","41","0",,"4","0","0","1152921504606846976","239","Microsoft-Windows-TerminalServices-LocalSessionManager","5d896912-022d-40aa-a3a8-4fa5515c76d7","Microsoft-Windows-TerminalServices-LocalSessionManager/Operational","1368","5084","DESKTOP-3HO80GL","S-1-5-18","4/15/2024 10:24:57 AM","61a55000-55e5-1017-0000-000000000000",,"Microsoft-Windows-TerminalServices-LocalSessionManager/Operational","System.UInt32[]","System.Diagnostics.Eventing.Reader.EventBookmark","Information","Info",,"System.Collections.ObjectModel.ReadOnlyCollection`1[System.String]","System.Collections.Generic.List`1[System.Diagnostics.Eventing.Reader.EventProperty]"
"Plugin RDSAppXPlugin has been successfully initialized","32","0",,"4","0","0","1152921504606846976","238","Microsoft-Windows-TerminalServices-LocalSessionManager","5d896912-022d-40aa-a3a8-4fa5515c76d7","Microsoft-Windows-TerminalServices-LocalSessionManager/Operational","1368","1388","DESKTOP-3HO80GL","S-1-5-18","4/15/2024 10:23:54 AM",,,"Microsoft-Windows-TerminalServices-LocalSessionManager/Operational","System.UInt32[]","System.Diagnostics.Eventing.Reader.EventBookmark","Information","Info",,"System.Collections.ObjectModel.ReadOnlyCollection`1[System.String]","System.Collections.Generic.List`1[System.Diagnostics.Eventing.Reader.EventProperty]"
"Local multi-user session manager received system shutdown message","54","0",,"4","0","0","1152921504606846976","237","Microsoft-Windows-TerminalServices-LocalSessionManager","5d896912-022d-40aa-a3a8-4fa5515c76d7","Microsoft-Windows-TerminalServices-LocalSessionManager/Operational","1380","1424","DESKTOP-3HO80GL","S-1-5-18","4/15/2024 10:23:30 AM",,,"Microsoft-Windows-TerminalServices-LocalSessionManager/Operational","System.UInt32[]","System.Diagnostics.Eventing.Reader.EventBookmark","Information","Info",,"System.Collections.ObjectModel.ReadOnlyCollection`1[System.String]","System.Collections.Generic.List`1[System.Diagnostics.Eventing.Reader.EventProperty]"
"Plugin RDSAppXPlugin has been successfully initialized","32","0",,"4","0","0","1152921504606846976","236","Microsoft-Windows-TerminalServices-LocalSessionManager","5d896912-022d-40aa-a3a8-4fa5515c76d7","Microsoft-Windows-TerminalServices-LocalSessionManager/Operational","1380","1404","DESKTOP-3HO80GL","S-1-5-18","4/15/2024 10:22:39 AM",,,"Microsoft-Windows-TerminalServices-LocalSessionManager/Operational","System.UInt32[]","System.Diagnostics.Eventing.Reader.EventBookmark","Information","Info",,"System.Collections.ObjectModel.ReadOnlyCollection`1[System.String]","System.Collections.Generic.List`1[System.Diagnostics.Eventing.Reader.EventProperty]"
"Local multi-user session manager received system shutdown message","54","0",,"4","0","0","1152921504606846976","235","Microsoft-Windows-TerminalServices-LocalSessionManager","5d896912-022d-40aa-a3a8-4fa5515c76d7","Microsoft-Windows-TerminalServices-LocalSessionManager/Operational","1232","1260","DESKTOP-3HO80GL","S-1-5-18","4/15/2024 10:22:21 AM",,,"Microsoft-Windows-TerminalServices-LocalSessionManager/Operational","System.UInt32[]","System.Diagnostics.Eventing.Reader.EventBookmark","Information","Info",,"System.Collections.ObjectModel.ReadOnlyCollection`1[System.String]","System.Collections.Generic.List`1[System.Diagnostics.Eventing.Reader.EventProperty]"
"Plugin RDSAppXPlugin has been successfully initialized","32","0",,"4","0","0","1152921504606846976","234","Microsoft-Windows-TerminalServices-LocalSessionManager","5d896912-022d-40aa-a3a8-4fa5515c76d7","Microsoft-Windows-TerminalServices-LocalSessionManager/Operational","1232","1248","DESKTOP-3HO80GL","S-1-5-18","4/15/2024 10:21:29 AM",,,"Microsoft-Windows-TerminalServices-LocalSessionManager/Operational","System.UInt32[]","System.Diagnostics.Eventing.Reader.EventBookmark","Information","Info",,"System.Collections.ObjectModel.ReadOnlyCollection`1[System.String]","System.Collections.Generic.List`1[System.Diagnostics.Eventing.Reader.EventProperty]"
"Remote Desktop Services: Shell start notification received:

User: DESKTOP-3HO80GL\user
Session ID: 1
Source Network Address: LOCAL","22","0",,"4","0","0","1152921504606846976","233","Microsoft-Windows-TerminalServices-LocalSessionManager","5d896912-022d-40aa-a3a8-4fa5515c76d7","Microsoft-Windows-TerminalServices-LocalSessionManager/Operational","1212","6728","DESKTOP-3HO80GL","S-1-5-18","4/14/2024 9:06:35 PM","61a55000-55e5-1017-0000-000000000000",,"Microsoft-Windows-TerminalServices-LocalSessionManager/Operational","System.UInt32[]","System.Diagnostics.Eventing.Reader.EventBookmark","Information","Info",,"System.Collections.ObjectModel.ReadOnlyCollection`1[System.String]","System.Collections.Generic.List`1[System.Diagnostics.Eventing.Reader.EventProperty]"
"Remote Desktop Services: Session logon succeeded:

User: DESKTOP-3HO80GL\user
Session ID: 1
Source Network Address: LOCAL","21","0",,"4","0","0","1152921504606846976","232","Microsoft-Windows-TerminalServices-LocalSessionManager","5d896912-022d-40aa-a3a8-4fa5515c76d7","Microsoft-Windows-TerminalServices-LocalSessionManager/Operational","1212","1496","DESKTOP-3HO80GL","S-1-5-18","4/14/2024 9:06:35 PM","61a55000-55e5-1017-0000-000000000000",,"Microsoft-Windows-TerminalServices-LocalSessionManager/Operational","System.UInt32[]","System.Diagnostics.Eventing.Reader.EventBookmark","Information","Info",,"System.Collections.ObjectModel.ReadOnlyCollection`1[System.String]","System.Collections.Generic.List`1[System.Diagnostics.Eventing.Reader.EventProperty]"
"End session arbitration:

User: DESKTOP-3HO80GL\user
Session ID: 1","42","0",,"4","0","0","1152921504606846976","231","Microsoft-Windows-TerminalServices-LocalSessionManager","5d896912-022d-40aa-a3a8-4fa5515c76d7","Microsoft-Windows-TerminalServices-LocalSessionManager/Operational","1212","1496","DESKTOP-3HO80GL","S-1-5-18","4/14/2024 9:06:35 PM","61a55000-55e5-1017-0000-000000000000",,"Microsoft-Windows-TerminalServices-LocalSessionManager/Operational","System.UInt32[]","System.Diagnostics.Eventing.Reader.EventBookmark","Information","Info",,"System.Collections.ObjectModel.ReadOnlyCollection`1[System.String]","System.Collections.Generic.List`1[System.Diagnostics.Eventing.Reader.EventProperty]"
"Begin session arbitration:

User: DESKTOP-3HO80GL\user
Session ID: 1","41","0",,"4","0","0","1152921504606846976","230","Microsoft-Windows-TerminalServices-LocalSessionManager","5d896912-022d-40aa-a3a8-4fa5515c76d7","Microsoft-Windows-TerminalServices-LocalSessionManager/Operational","1212","1496","DESKTOP-3HO80GL","S-1-5-18","4/14/2024 9:06:35 PM","61a55000-55e5-1017-0000-000000000000",,"Microsoft-Windows-TerminalServices-LocalSessionManager/Operational","System.UInt32[]","System.Diagnostics.Eventing.Reader.EventBookmark","Information","Info",,"System.Collections.ObjectModel.ReadOnlyCollection`1[System.String]","System.Collections.Generic.List`1[System.Diagnostics.Eventing.Reader.EventProperty]"
"Plugin RDSAppXPlugin has been successfully initialized","32","0",,"4","0","0","1152921504606846976","229","Microsoft-Windows-TerminalServices-LocalSessionManager","5d896912-022d-40aa-a3a8-4fa5515c76d7","Microsoft-Windows-TerminalServices-LocalSessionManager/Operational","1212","1228","DESKTOP-3HO80GL","S-1-5-18","4/14/2024 9:06:27 PM",,,"Microsoft-Windows-TerminalServices-LocalSessionManager/Operational","System.UInt32[]","System.Diagnostics.Eventing.Reader.EventBookmark","Information","Info",,"System.Collections.ObjectModel.ReadOnlyCollection`1[System.String]","System.Collections.Generic.List`1[System.Diagnostics.Eventing.Reader.EventProperty]"
"Remote Desktop Services: Shell start notification received:

User: DESKTOP-3HO80GL\user
Session ID: 1
Source Network Address: LOCAL","22","0",,"4","0","0","1152921504606846976","228","Microsoft-Windows-TerminalServices-LocalSessionManager","5d896912-022d-40aa-a3a8-4fa5515c76d7","Microsoft-Windows-TerminalServices-LocalSessionManager/Operational","1344","1376","DESKTOP-3HO80GL","S-1-5-18","4/14/2024 8:45:50 PM","61a55000-55e5-1017-0000-000000000000",,"Microsoft-Windows-TerminalServices-LocalSessionManager/Operational","System.UInt32[]","System.Diagnostics.Eventing.Reader.EventBookmark","Information","Info",,"System.Collections.ObjectModel.ReadOnlyCollection`1[System.String]","System.Collections.Generic.List`1[System.Diagnostics.Eventing.Reader.EventProperty]"
"Remote Desktop Services: Session logon succeeded:

User: DESKTOP-3HO80GL\user
Session ID: 1
Source Network Address: LOCAL","21","0",,"4","0","0","1152921504606846976","227","Microsoft-Windows-TerminalServices-LocalSessionManager","5d896912-022d-40aa-a3a8-4fa5515c76d7","Microsoft-Windows-TerminalServices-LocalSessionManager/Operational","1344","1380","DESKTOP-3HO80GL","S-1-5-18","4/14/2024 8:45:50 PM","61a55000-55e5-1017-0000-000000000000",,"Microsoft-Windows-TerminalServices-LocalSessionManager/Operational","System.UInt32[]","System.Diagnostics.Eventing.Reader.EventBookmark","Information","Info",,"System.Collections.ObjectModel.ReadOnlyCollection`1[System.String]","System.Collections.Generic.List`1[System.Diagnostics.Eventing.Reader.EventProperty]"
"End session arbitration:

User: DESKTOP-3HO80GL\user
Session ID: 1","42","0",,"4","0","0","1152921504606846976","226","Microsoft-Windows-TerminalServices-LocalSessionManager","5d896912-022d-40aa-a3a8-4fa5515c76d7","Microsoft-Windows-TerminalServices-LocalSessionManager/Operational","1344","1380","DESKTOP-3HO80GL","S-1-5-18","4/14/2024 8:45:49 PM","61a55000-55e5-1017-0000-000000000000",,"Microsoft-Windows-TerminalServices-LocalSessionManager/Operational","System.UInt32[]","System.Diagnostics.Eventing.Reader.EventBookmark","Information","Info",,"System.Collections.ObjectModel.ReadOnlyCollection`1[System.String]","System.Collections.Generic.List`1[System.Diagnostics.Eventing.Reader.EventProperty]"
"Begin session arbitration:

User: DESKTOP-3HO80GL\user
Session ID: 1","41","0",,"4","0","0","1152921504606846976","225","Microsoft-Windows-TerminalServices-LocalSessionManager","5d896912-022d-40aa-a3a8-4fa5515c76d7","Microsoft-Windows-TerminalServices-LocalSessionManager/Operational","1344","1380","DESKTOP-3HO80GL","S-1-5-18","4/14/2024 8:45:49 PM","61a55000-55e5-1017-0000-000000000000",,"Microsoft-Windows-TerminalServices-LocalSessionManager/Operational","System.UInt32[]","System.Diagnostics.Eventing.Reader.EventBookmark","Information","Info",,"System.Collections.ObjectModel.ReadOnlyCollection`1[System.String]","System.Collections.Generic.List`1[System.Diagnostics.Eventing.Reader.EventProperty]"
"Plugin RDSAppXPlugin has been successfully initialized","32","0",,"4","0","0","1152921504606846976","224","Microsoft-Windows-TerminalServices-LocalSessionManager","5d896912-022d-40aa-a3a8-4fa5515c76d7","Microsoft-Windows-TerminalServices-LocalSessionManager/Operational","1344","1360","DESKTOP-3HO80GL","S-1-5-18","4/14/2024 8:45:43 PM",,,"Microsoft-Windows-TerminalServices-LocalSessionManager/Operational","System.UInt32[]","System.Diagnostics.Eventing.Reader.EventBookmark","Information","Info",,"System.Collections.ObjectModel.ReadOnlyCollection`1[System.String]","System.Collections.Generic.List`1[System.Diagnostics.Eventing.Reader.EventProperty]"
"An error occurred when transitioning from DesktopLocked in response to EvDesktopLocked. (ErrorCode 0x8007139F)","36","0",,"2","0","0","1152921504606846976","223","Microsoft-Windows-TerminalServices-LocalSessionManager","5d896912-022d-40aa-a3a8-4fa5515c76d7","Microsoft-Windows-TerminalServices-LocalSessionManager/Operational","1064","12904","DESKTOP-3HO80GL","S-1-5-18","4/5/2024 12:59:53 PM","61a55000-55e5-1017-0000-000000000000",,"Microsoft-Windows-TerminalServices-LocalSessionManager/Operational","System.UInt32[]","System.Diagnostics.Eventing.Reader.EventBookmark","Error","Info",,"System.Collections.ObjectModel.ReadOnlyCollection`1[System.String]","System.Collections.Generic.List`1[System.Diagnostics.Eventing.Reader.EventProperty]"
"Remote Desktop Services: Shell start notification received:

User: DESKTOP-3HO80GL\user
Session ID: 16
Source Network Address: LOCAL","22","0",,"4","0","0","1152921504606846976","222","Microsoft-Windows-TerminalServices-LocalSessionManager","5d896912-022d-40aa-a3a8-4fa5515c76d7","Microsoft-Windows-TerminalServices-LocalSessionManager/Operational","1064","1704","DESKTOP-3HO80GL","S-1-5-18","4/5/2024 12:59:53 PM","61a55000-55e5-1017-0000-000000000000",,"Microsoft-Windows-TerminalServices-LocalSessionManager/Operational","System.UInt32[]","System.Diagnostics.Eventing.Reader.EventBookmark","Information","Info",,"System.Collections.ObjectModel.ReadOnlyCollection`1[System.String]","System.Collections.Generic.List`1[System.Diagnostics.Eventing.Reader.EventProperty]"
"Remote Desktop Services: Session logon succeeded:

User: DESKTOP-3HO80GL\user
Session ID: 16
Source Network Address: LOCAL","21","0",,"4","0","0","1152921504606846976","221","Microsoft-Windows-TerminalServices-LocalSessionManager","5d896912-022d-40aa-a3a8-4fa5515c76d7","Microsoft-Windows-TerminalServices-LocalSessionManager/Operational","1064","12904","DESKTOP-3HO80GL","S-1-5-18","4/5/2024 12:59:53 PM","61a55000-55e5-1017-0000-000000000000",,"Microsoft-Windows-TerminalServices-LocalSessionManager/Operational","System.UInt32[]","System.Diagnostics.Eventing.Reader.EventBookmark","Information","Info",,"System.Collections.ObjectModel.ReadOnlyCollection`1[System.String]","System.Collections.Generic.List`1[System.Diagnostics.Eventing.Reader.EventProperty]"
"End session arbitration:

User: DESKTOP-3HO80GL\user
Session ID: 16","42","0",,"4","0","0","1152921504606846976","220","Microsoft-Windows-TerminalServices-LocalSessionManager","5d896912-022d-40aa-a3a8-4fa5515c76d7","Microsoft-Windows-TerminalServices-LocalSessionManager/Operational","1064","12904","DESKTOP-3HO80GL","S-1-5-18","4/5/2024 12:59:53 PM","61a55000-55e5-1017-0000-000000000000",,"Microsoft-Windows-TerminalServices-LocalSessionManager/Operational","System.UInt32[]","System.Diagnostics.Eventing.Reader.EventBookmark","Information","Info",,"System.Collections.ObjectModel.ReadOnlyCollection`1[System.String]","System.Collections.Generic.List`1[System.Diagnostics.Eventing.Reader.EventProperty]"
"Begin session arbitration:

User: DESKTOP-3HO80GL\user
Session ID: 16","41","0",,"4","0","0","1152921504606846976","219","Microsoft-Windows-TerminalServices-LocalSessionManager","5d896912-022d-40aa-a3a8-4fa5515c76d7","Microsoft-Windows-TerminalServices-LocalSessionManager/Operational","1064","12904","DESKTOP-3HO80GL","S-1-5-18","4/5/2024 12:59:53 PM","61a55000-55e5-1017-0000-000000000000",,"Microsoft-Windows-TerminalServices-LocalSessionManager/Operational","System.UInt32[]","System.Diagnostics.Eventing.Reader.EventBookmark","Information","Info",,"System.Collections.ObjectModel.ReadOnlyCollection`1[System.String]","System.Collections.Generic.List`1[System.Diagnostics.Eventing.Reader.EventProperty]"
"Remote Desktop Services: Session has been disconnected:

User: DESKTOP-3HO80GL\user
Session ID: 15
Source Network Address: LOCAL","24","0",,"4","0","0","1152921504606846976","218","Microsoft-Windows-TerminalServices-LocalSessionManager","5d896912-022d-40aa-a3a8-4fa5515c76d7","Microsoft-Windows-TerminalServices-LocalSessionManager/Operational","1064","12904","DESKTOP-3HO80GL","S-1-5-18","4/5/2024 12:58:31 PM",,,"Microsoft-Windows-TerminalServices-LocalSessionManager/Operational","System.UInt32[]","System.Diagnostics.Eventing.Reader.EventBookmark","Information","Info",,"System.Collections.ObjectModel.ReadOnlyCollection`1[System.String]","System.Collections.Generic.List`1[System.Diagnostics.Eventing.Reader.EventProperty]"
"Session 16 has been disconnected, reason code 11","40","0",,"4","0","0","1152921504606846976","217","Microsoft-Windows-TerminalServices-LocalSessionManager","5d896912-022d-40aa-a3a8-4fa5515c76d7","Microsoft-Windows-TerminalServices-LocalSessionManager/Operational","1064","15492","DESKTOP-3HO80GL","S-1-5-18","4/5/2024 12:58:31 PM",,,"Microsoft-Windows-TerminalServices-LocalSessionManager/Operational","System.UInt32[]","System.Diagnostics.Eventing.Reader.EventBookmark","Information","Info",,"System.Collections.ObjectModel.ReadOnlyCollection`1[System.String]","System.Collections.Generic.List`1[System.Diagnostics.Eventing.Reader.EventProperty]"
"Session 15 has been disconnected, reason code 11","40","0",,"4","0","0","1152921504606846976","216","Microsoft-Windows-TerminalServices-LocalSessionManager","5d896912-022d-40aa-a3a8-4fa5515c76d7","Microsoft-Windows-TerminalServices-LocalSessionManager/Operational","1064","12904","DESKTOP-3HO80GL","S-1-5-18","4/5/2024 12:58:30 PM",,,"Microsoft-Windows-TerminalServices-LocalSessionManager/Operational","System.UInt32[]","System.Diagnostics.Eventing.Reader.EventBookmark","Information","Info",,"System.Collections.ObjectModel.ReadOnlyCollection`1[System.String]","System.Collections.Generic.List`1[System.Diagnostics.Eventing.Reader.EventProperty]"
"Session 15 has been disconnected by session 15","39","0",,"4","0","0","1152921504606846976","215","Microsoft-Windows-TerminalServices-LocalSessionManager","5d896912-022d-40aa-a3a8-4fa5515c76d7","Microsoft-Windows-TerminalServices-LocalSessionManager/Operational","1064","12904","DESKTOP-3HO80GL","S-1-5-18","4/5/2024 12:58:30 PM",,,"Microsoft-Windows-TerminalServices-LocalSessionManager/Operational","System.UInt32[]","System.Diagnostics.Eventing.Reader.EventBookmark","Information","Info",,"System.Collections.ObjectModel.ReadOnlyCollection`1[System.String]","System.Collections.Generic.List`1[System.Diagnostics.Eventing.Reader.EventProperty]"
"Remote Desktop Services: Session logoff succeeded:

User: DESKTOP-3HO80GL\user
Session ID: 15","23","0",,"4","0","0","1152921504606846976","214","Microsoft-Windows-TerminalServices-LocalSessionManager","5d896912-022d-40aa-a3a8-4fa5515c76d7","Microsoft-Windows-TerminalServices-LocalSessionManager/Operational","1064","13208","DESKTOP-3HO80GL","S-1-5-18","4/5/2024 12:58:30 PM","61a55000-55e5-1017-0000-000000000000",,"Microsoft-Windows-TerminalServices-LocalSessionManager/Operational","System.UInt32[]","System.Diagnostics.Eventing.Reader.EventBookmark","Information","Info",,"System.Collections.ObjectModel.ReadOnlyCollection`1[System.String]","System.Collections.Generic.List`1[System.Diagnostics.Eventing.Reader.EventProperty]"
"An error occurred when transitioning from DesktopLocked in response to EvDesktopLocked. (ErrorCode 0x8007139F)","36","0",,"2","0","0","1152921504606846976","213","Microsoft-Windows-TerminalServices-LocalSessionManager","5d896912-022d-40aa-a3a8-4fa5515c76d7","Microsoft-Windows-TerminalServices-LocalSessionManager/Operational","1064","12456","DESKTOP-3HO80GL","S-1-5-18","4/5/2024 11:59:16 AM","61a55000-55e5-1017-0000-000000000000",,"Microsoft-Windows-TerminalServices-LocalSessionManager/Operational","System.UInt32[]","System.Diagnostics.Eventing.Reader.EventBookmark","Error","Info",,"System.Collections.ObjectModel.ReadOnlyCollection`1[System.String]","System.Collections.Generic.List`1[System.Diagnostics.Eventing.Reader.EventProperty]"
"Remote Desktop Services: Shell start notification received:

User: DESKTOP-3HO80GL\user
Session ID: 15
Source Network Address: LOCAL","22","0",,"4","0","0","1152921504606846976","212","Microsoft-Windows-TerminalServices-LocalSessionManager","5d896912-022d-40aa-a3a8-4fa5515c76d7","Microsoft-Windows-TerminalServices-LocalSessionManager/Operational","1064","12456","DESKTOP-3HO80GL","S-1-5-18","4/5/2024 11:59:16 AM","61a55000-55e5-1017-0000-000000000000",,"Microsoft-Windows-TerminalServices-LocalSessionManager/Operational","System.UInt32[]","System.Diagnostics.Eventing.Reader.EventBookmark","Information","Info",,"System.Collections.ObjectModel.ReadOnlyCollection`1[System.String]","System.Collections.Generic.List`1[System.Diagnostics.Eventing.Reader.EventProperty]"
"Remote Desktop Services: Session logon succeeded:

User: DESKTOP-3HO80GL\user
Session ID: 15
Source Network Address: LOCAL","21","0",,"4","0","0","1152921504606846976","211","Microsoft-Windows-TerminalServices-LocalSessionManager","5d896912-022d-40aa-a3a8-4fa5515c76d7","Microsoft-Windows-TerminalServices-LocalSessionManager/Operational","1064","11080","DESKTOP-3HO80GL","S-1-5-18","4/5/2024 11:59:16 AM","61a55000-55e5-1017-0000-000000000000",,"Microsoft-Windows-TerminalServices-LocalSessionManager/Operational","System.UInt32[]","System.Diagnostics.Eventing.Reader.EventBookmark","Information","Info",,"System.Collections.ObjectModel.ReadOnlyCollection`1[System.String]","System.Collections.Generic.List`1[System.Diagnostics.Eventing.Reader.EventProperty]"
"End session arbitration:

User: DESKTOP-3HO80GL\user
Session ID: 15","42","0",,"4","0","0","1152921504606846976","210","Microsoft-Windows-TerminalServices-LocalSessionManager","5d896912-022d-40aa-a3a8-4fa5515c76d7","Microsoft-Windows-TerminalServices-LocalSessionManager/Operational","1064","11080","DESKTOP-3HO80GL","S-1-5-18","4/5/2024 11:59:16 AM","61a55000-55e5-1017-0000-000000000000",,"Microsoft-Windows-TerminalServices-LocalSessionManager/Operational","System.UInt32[]","System.Diagnostics.Eventing.Reader.EventBookmark","Information","Info",,"System.Collections.ObjectModel.ReadOnlyCollection`1[System.String]","System.Collections.Generic.List`1[System.Diagnostics.Eventing.Reader.EventProperty]"
"Begin session arbitration:

User: DESKTOP-3HO80GL\user
Session ID: 15","41","0",,"4","0","0","1152921504606846976","209","Microsoft-Windows-TerminalServices-LocalSessionManager","5d896912-022d-40aa-a3a8-4fa5515c76d7","Microsoft-Windows-TerminalServices-LocalSessionManager/Operational","1064","11080","DESKTOP-3HO80GL","S-1-5-18","4/5/2024 11:59:16 AM","61a55000-55e5-1017-0000-000000000000",,"Microsoft-Windows-TerminalServices-LocalSessionManager/Operational","System.UInt32[]","System.Diagnostics.Eventing.Reader.EventBookmark","Information","Info",,"System.Collections.ObjectModel.ReadOnlyCollection`1[System.String]","System.Collections.Generic.List`1[System.Diagnostics.Eventing.Reader.EventProperty]"
"Remote Desktop Services: Session has been disconnected:

User: DESKTOP-3HO80GL\user
Session ID: 14
Source Network Address: LOCAL","24","0",,"4","0","0","1152921504606846976","208","Microsoft-Windows-TerminalServices-LocalSessionManager","5d896912-022d-40aa-a3a8-4fa5515c76d7","Microsoft-Windows-TerminalServices-LocalSessionManager/Operational","1064","8832","DESKTOP-3HO80GL","S-1-5-18","4/5/2024 1:44:39 AM",,,"Microsoft-Windows-TerminalServices-LocalSessionManager/Operational","System.UInt32[]","System.Diagnostics.Eventing.Reader.EventBookmark","Information","Info",,"System.Collections.ObjectModel.ReadOnlyCollection`1[System.String]","System.Collections.Generic.List`1[System.Diagnostics.Eventing.Reader.EventProperty]"
"Session 15 has been disconnected, reason code 11","40","0",,"4","0","0","1152921504606846976","207","Microsoft-Windows-TerminalServices-LocalSessionManager","5d896912-022d-40aa-a3a8-4fa5515c76d7","Microsoft-Windows-TerminalServices-LocalSessionManager/Operational","1064","12456","DESKTOP-3HO80GL","S-1-5-18","4/5/2024 1:44:39 AM",,,"Microsoft-Windows-TerminalServices-LocalSessionManager/Operational","System.UInt32[]","System.Diagnostics.Eventing.Reader.EventBookmark","Information","Info",,"System.Collections.ObjectModel.ReadOnlyCollection`1[System.String]","System.Collections.Generic.List`1[System.Diagnostics.Eventing.Reader.EventProperty]"
"Session 14 has been disconnected, reason code 11","40","0",,"4","0","0","1152921504606846976","206","Microsoft-Windows-TerminalServices-LocalSessionManager","5d896912-022d-40aa-a3a8-4fa5515c76d7","Microsoft-Windows-TerminalServices-LocalSessionManager/Operational","1064","8832","DESKTOP-3HO80GL","S-1-5-18","4/5/2024 1:44:39 AM",,,"Microsoft-Windows-TerminalServices-LocalSessionManager/Operational","System.UInt32[]","System.Diagnostics.Eventing.Reader.EventBookmark","Information","Info",,"System.Collections.ObjectModel.ReadOnlyCollection`1[System.String]","System.Collections.Generic.List`1[System.Diagnostics.Eventing.Reader.EventProperty]"
"Session 14 has been disconnected by session 14","39","0",,"4","0","0","1152921504606846976","205","Microsoft-Windows-TerminalServices-LocalSessionManager","5d896912-022d-40aa-a3a8-4fa5515c76d7","Microsoft-Windows-TerminalServices-LocalSessionManager/Operational","1064","8832","DESKTOP-3HO80GL","S-1-5-18","4/5/2024 1:44:39 AM",,,"Microsoft-Windows-TerminalServices-LocalSessionManager/Operational","System.UInt32[]","System.Diagnostics.Eventing.Reader.EventBookmark","Information","Info",,"System.Collections.ObjectModel.ReadOnlyCollection`1[System.String]","System.Collections.Generic.List`1[System.Diagnostics.Eventing.Reader.EventProperty]"
"Remote Desktop Services: Session logoff succeeded:

User: DESKTOP-3HO80GL\user
Session ID: 14","23","0",,"4","0","0","1152921504606846976","204","Microsoft-Windows-TerminalServices-LocalSessionManager","5d896912-022d-40aa-a3a8-4fa5515c76d7","Microsoft-Windows-TerminalServices-LocalSessionManager/Operational","1064","12456","DESKTOP-3HO80GL","S-1-5-18","4/5/2024 1:44:39 AM","61a55000-55e5-1017-0000-000000000000",,"Microsoft-Windows-TerminalServices-LocalSessionManager/Operational","System.UInt32[]","System.Diagnostics.Eventing.Reader.EventBookmark","Information","Info",,"System.Collections.ObjectModel.ReadOnlyCollection`1[System.String]","System.Collections.Generic.List`1[System.Diagnostics.Eventing.Reader.EventProperty]"
"An error occurred when transitioning from DesktopLocked in response to EvDesktopLocked. (ErrorCode 0x8007139F)","36","0",,"2","0","0","1152921504606846976","203","Microsoft-Windows-TerminalServices-LocalSessionManager","5d896912-022d-40aa-a3a8-4fa5515c76d7","Microsoft-Windows-TerminalServices-LocalSessionManager/Operational","1064","9112","DESKTOP-3HO80GL","S-1-5-18","4/4/2024 2:56:33 PM","61a55000-55e5-1017-0000-000000000000",,"Microsoft-Windows-TerminalServices-LocalSessionManager/Operational","System.UInt32[]","System.Diagnostics.Eventing.Reader.EventBookmark","Error","Info",,"System.Collections.ObjectModel.ReadOnlyCollection`1[System.String]","System.Collections.Generic.List`1[System.Diagnostics.Eventing.Reader.EventProperty]"
"Remote Desktop Services: Shell start notification received:

User: DESKTOP-3HO80GL\user
Session ID: 14
Source Network Address: LOCAL","22","0",,"4","0","0","1152921504606846976","202","Microsoft-Windows-TerminalServices-LocalSessionManager","5d896912-022d-40aa-a3a8-4fa5515c76d7","Microsoft-Windows-TerminalServices-LocalSessionManager/Operational","1064","14500","DESKTOP-3HO80GL","S-1-5-18","4/4/2024 2:56:33 PM","61a55000-55e5-1017-0000-000000000000",,"Microsoft-Windows-TerminalServices-LocalSessionManager/Operational","System.UInt32[]","System.Diagnostics.Eventing.Reader.EventBookmark","Information","Info",,"System.Collections.ObjectModel.ReadOnlyCollection`1[System.String]","System.Collections.Generic.List`1[System.Diagnostics.Eventing.Reader.EventProperty]"
"Remote Desktop Services: Session logon succeeded:

User: DESKTOP-3HO80GL\user
Session ID: 14
Source Network Address: LOCAL","21","0",,"4","0","0","1152921504606846976","201","Microsoft-Windows-TerminalServices-LocalSessionManager","5d896912-022d-40aa-a3a8-4fa5515c76d7","Microsoft-Windows-TerminalServices-LocalSessionManager/Operational","1064","14428","DESKTOP-3HO80GL","S-1-5-18","4/4/2024 2:56:33 PM","61a55000-55e5-1017-0000-000000000000",,"Microsoft-Windows-TerminalServices-LocalSessionManager/Operational","System.UInt32[]","System.Diagnostics.Eventing.Reader.EventBookmark","Information","Info",,"System.Collections.ObjectModel.ReadOnlyCollection`1[System.String]","System.Collections.Generic.List`1[System.Diagnostics.Eventing.Reader.EventProperty]"
"End session arbitration:

User: DESKTOP-3HO80GL\user
Session ID: 14","42","0",,"4","0","0","1152921504606846976","200","Microsoft-Windows-TerminalServices-LocalSessionManager","5d896912-022d-40aa-a3a8-4fa5515c76d7","Microsoft-Windows-TerminalServices-LocalSessionManager/Operational","1064","14428","DESKTOP-3HO80GL","S-1-5-18","4/4/2024 2:56:33 PM","61a55000-55e5-1017-0000-000000000000",,"Microsoft-Windows-TerminalServices-LocalSessionManager/Operational","System.UInt32[]","System.Diagnostics.Eventing.Reader.EventBookmark","Information","Info",,"System.Collections.ObjectModel.ReadOnlyCollection`1[System.String]","System.Collections.Generic.List`1[System.Diagnostics.Eventing.Reader.EventProperty]"
"Begin session arbitration:

User: DESKTOP-3HO80GL\user
Session ID: 14","41","0",,"4","0","0","1152921504606846976","199","Microsoft-Windows-TerminalServices-LocalSessionManager","5d896912-022d-40aa-a3a8-4fa5515c76d7","Microsoft-Windows-TerminalServices-LocalSessionManager/Operational","1064","14428","DESKTOP-3HO80GL","S-1-5-18","4/4/2024 2:56:33 PM","61a55000-55e5-1017-0000-000000000000",,"Microsoft-Windows-TerminalServices-LocalSessionManager/Operational","System.UInt32[]","System.Diagnostics.Eventing.Reader.EventBookmark","Information","Info",,"System.Collections.ObjectModel.ReadOnlyCollection`1[System.String]","System.Collections.Generic.List`1[System.Diagnostics.Eventing.Reader.EventProperty]"
"Remote Desktop Services: Session has been disconnected:

User: DESKTOP-3HO80GL\user
Session ID: 13
Source Network Address: LOCAL","24","0",,"4","0","0","1152921504606846976","198","Microsoft-Windows-TerminalServices-LocalSessionManager","5d896912-022d-40aa-a3a8-4fa5515c76d7","Microsoft-Windows-TerminalServices-LocalSessionManager/Operational","1064","14428","DESKTOP-3HO80GL","S-1-5-18","4/4/2024 12:23:34 PM",,,"Microsoft-Windows-TerminalServices-LocalSessionManager/Operational","System.UInt32[]","System.Diagnostics.Eventing.Reader.EventBookmark","Information","Info",,"System.Collections.ObjectModel.ReadOnlyCollection`1[System.String]","System.Collections.Generic.List`1[System.Diagnostics.Eventing.Reader.EventProperty]"
"Session 14 has been disconnected, reason code 11","40","0",,"4","0","0","1152921504606846976","197","Microsoft-Windows-TerminalServices-LocalSessionManager","5d896912-022d-40aa-a3a8-4fa5515c76d7","Microsoft-Windows-TerminalServices-LocalSessionManager/Operational","1064","9112","DESKTOP-3HO80GL","S-1-5-18","4/4/2024 12:23:34 PM",,,"Microsoft-Windows-TerminalServices-LocalSessionManager/Operational","System.UInt32[]","System.Diagnostics.Eventing.Reader.EventBookmark","Information","Info",,"System.Collections.ObjectModel.ReadOnlyCollection`1[System.String]","System.Collections.Generic.List`1[System.Diagnostics.Eventing.Reader.EventProperty]"
"Session 13 has been disconnected, reason code 11","40","0",,"4","0","0","1152921504606846976","196","Microsoft-Windows-TerminalServices-LocalSessionManager","5d896912-022d-40aa-a3a8-4fa5515c76d7","Microsoft-Windows-TerminalServices-LocalSessionManager/Operational","1064","14428","DESKTOP-3HO80GL","S-1-5-18","4/4/2024 12:23:33 PM",,,"Microsoft-Windows-TerminalServices-LocalSessionManager/Operational","System.UInt32[]","System.Diagnostics.Eventing.Reader.EventBookmark","Information","Info",,"System.Collections.ObjectModel.ReadOnlyCollection`1[System.String]","System.Collections.Generic.List`1[System.Diagnostics.Eventing.Reader.EventProperty]"
"Session 13 has been disconnected by session 13","39","0",,"4","0","0","1152921504606846976","195","Microsoft-Windows-TerminalServices-LocalSessionManager","5d896912-022d-40aa-a3a8-4fa5515c76d7","Microsoft-Windows-TerminalServices-LocalSessionManager/Operational","1064","14428","DESKTOP-3HO80GL","S-1-5-18","4/4/2024 12:23:33 PM",,,"Microsoft-Windows-TerminalServices-LocalSessionManager/Operational","System.UInt32[]","System.Diagnostics.Eventing.Reader.EventBookmark","Information","Info",,"System.Collections.ObjectModel.ReadOnlyCollection`1[System.String]","System.Collections.Generic.List`1[System.Diagnostics.Eventing.Reader.EventProperty]"
"Remote Desktop Services: Session logoff succeeded:

User: DESKTOP-3HO80GL\user
Session ID: 13","23","0",,"4","0","0","1152921504606846976","194","Microsoft-Windows-TerminalServices-LocalSessionManager","5d896912-022d-40aa-a3a8-4fa5515c76d7","Microsoft-Windows-TerminalServices-LocalSessionManager/Operational","1064","14500","DESKTOP-3HO80GL","S-1-5-18","4/4/2024 12:23:33 PM","61a55000-55e5-1017-0000-000000000000",,"Microsoft-Windows-TerminalServices-LocalSessionManager/Operational","System.UInt32[]","System.Diagnostics.Eventing.Reader.EventBookmark","Information","Info",,"System.Collections.ObjectModel.ReadOnlyCollection`1[System.String]","System.Collections.Generic.List`1[System.Diagnostics.Eventing.Reader.EventProperty]"
"An error occurred when transitioning from DesktopLocked in response to EvDesktopLocked. (ErrorCode 0x8007139F)","36","0",,"2","0","0","1152921504606846976","193","Microsoft-Windows-TerminalServices-LocalSessionManager","5d896912-022d-40aa-a3a8-4fa5515c76d7","Microsoft-Windows-TerminalServices-LocalSessionManager/Operational","1064","1180","DESKTOP-3HO80GL","S-1-5-18","4/4/2024 12:03:24 PM","61a55000-55e5-1017-0000-000000000000",,"Microsoft-Windows-TerminalServices-LocalSessionManager/Operational","System.UInt32[]","System.Diagnostics.Eventing.Reader.EventBookmark","Error","Info",,"System.Collections.ObjectModel.ReadOnlyCollection`1[System.String]","System.Collections.Generic.List`1[System.Diagnostics.Eventing.Reader.EventProperty]"
"Remote Desktop Services: Shell start notification received:

User: DESKTOP-3HO80GL\user
Session ID: 13
Source Network Address: LOCAL","22","0",,"4","0","0","1152921504606846976","192","Microsoft-Windows-TerminalServices-LocalSessionManager","5d896912-022d-40aa-a3a8-4fa5515c76d7","Microsoft-Windows-TerminalServices-LocalSessionManager/Operational","1064","4820","DESKTOP-3HO80GL","S-1-5-18","4/4/2024 12:03:24 PM","61a55000-55e5-1017-0000-000000000000",,"Microsoft-Windows-TerminalServices-LocalSessionManager/Operational","System.UInt32[]","System.Diagnostics.Eventing.Reader.EventBookmark","Information","Info",,"System.Collections.ObjectModel.ReadOnlyCollection`1[System.String]","System.Collections.Generic.List`1[System.Diagnostics.Eventing.Reader.EventProperty]"
"Remote Desktop Services: Session logon succeeded:

User: DESKTOP-3HO80GL\user
Session ID: 13
Source Network Address: LOCAL","21","0",,"4","0","0","1152921504606846976","191","Microsoft-Windows-TerminalServices-LocalSessionManager","5d896912-022d-40aa-a3a8-4fa5515c76d7","Microsoft-Windows-TerminalServices-LocalSessionManager/Operational","1064","1180","DESKTOP-3HO80GL","S-1-5-18","4/4/2024 12:03:24 PM","61a55000-55e5-1017-0000-000000000000",,"Microsoft-Windows-TerminalServices-LocalSessionManager/Operational","System.UInt32[]","System.Diagnostics.Eventing.Reader.EventBookmark","Information","Info",,"System.Collections.ObjectModel.ReadOnlyCollection`1[System.String]","System.Collections.Generic.List`1[System.Diagnostics.Eventing.Reader.EventProperty]"
"End session arbitration:

User: DESKTOP-3HO80GL\user
Session ID: 13","42","0",,"4","0","0","1152921504606846976","190","Microsoft-Windows-TerminalServices-LocalSessionManager","5d896912-022d-40aa-a3a8-4fa5515c76d7","Microsoft-Windows-TerminalServices-LocalSessionManager/Operational","1064","1180","DESKTOP-3HO80GL","S-1-5-18","4/4/2024 12:03:24 PM","61a55000-55e5-1017-0000-000000000000",,"Microsoft-Windows-TerminalServices-LocalSessionManager/Operational","System.UInt32[]","System.Diagnostics.Eventing.Reader.EventBookmark","Information","Info",,"System.Collections.ObjectModel.ReadOnlyCollection`1[System.String]","System.Collections.Generic.List`1[System.Diagnostics.Eventing.Reader.EventProperty]"
"Begin session arbitration:

User: DESKTOP-3HO80GL\user
Session ID: 13","41","0",,"4","0","0","1152921504606846976","189","Microsoft-Windows-TerminalServices-LocalSessionManager","5d896912-022d-40aa-a3a8-4fa5515c76d7","Microsoft-Windows-TerminalServices-LocalSessionManager/Operational","1064","1180","DESKTOP-3HO80GL","S-1-5-18","4/4/2024 12:03:24 PM","61a55000-55e5-1017-0000-000000000000",,"Microsoft-Windows-TerminalServices-LocalSessionManager/Operational","System.UInt32[]","System.Diagnostics.Eventing.Reader.EventBookmark","Information","Info",,"System.Collections.ObjectModel.ReadOnlyCollection`1[System.String]","System.Collections.Generic.List`1[System.Diagnostics.Eventing.Reader.EventProperty]"
"Remote Desktop Services: Session has been disconnected:

User: DESKTOP-3HO80GL\user
Session ID: 12
Source Network Address: LOCAL","24","0",,"4","0","0","1152921504606846976","188","Microsoft-Windows-TerminalServices-LocalSessionManager","5d896912-022d-40aa-a3a8-4fa5515c76d7","Microsoft-Windows-TerminalServices-LocalSessionManager/Operational","1064","11800","DESKTOP-3HO80GL","S-1-5-18","4/4/2024 11:51:33 AM",,,"Microsoft-Windows-TerminalServices-LocalSessionManager/Operational","System.UInt32[]","System.Diagnostics.Eventing.Reader.EventBookmark","Information","Info",,"System.Collections.ObjectModel.ReadOnlyCollection`1[System.String]","System.Collections.Generic.List`1[System.Diagnostics.Eventing.Reader.EventProperty]"
"Session 13 has been disconnected, reason code 11","40","0",,"4","0","0","1152921504606846976","187","Microsoft-Windows-TerminalServices-LocalSessionManager","5d896912-022d-40aa-a3a8-4fa5515c76d7","Microsoft-Windows-TerminalServices-LocalSessionManager/Operational","1064","8220","DESKTOP-3HO80GL","S-1-5-18","4/4/2024 11:51:33 AM",,,"Microsoft-Windows-TerminalServices-LocalSessionManager/Operational","System.UInt32[]","System.Diagnostics.Eventing.Reader.EventBookmark","Information","Info",,"System.Collections.ObjectModel.ReadOnlyCollection`1[System.String]","System.Collections.Generic.List`1[System.Diagnostics.Eventing.Reader.EventProperty]"
"Session 12 has been disconnected, reason code 11","40","0",,"4","0","0","1152921504606846976","186","Microsoft-Windows-TerminalServices-LocalSessionManager","5d896912-022d-40aa-a3a8-4fa5515c76d7","Microsoft-Windows-TerminalServices-LocalSessionManager/Operational","1064","11800","DESKTOP-3HO80GL","S-1-5-18","4/4/2024 11:51:32 AM",,,"Microsoft-Windows-TerminalServices-LocalSessionManager/Operational","System.UInt32[]","System.Diagnostics.Eventing.Reader.EventBookmark","Information","Info",,"System.Collections.ObjectModel.ReadOnlyCollection`1[System.String]","System.Collections.Generic.List`1[System.Diagnostics.Eventing.Reader.EventProperty]"
"Session 12 has been disconnected by session 12","39","0",,"4","0","0","1152921504606846976","185","Microsoft-Windows-TerminalServices-LocalSessionManager","5d896912-022d-40aa-a3a8-4fa5515c76d7","Microsoft-Windows-TerminalServices-LocalSessionManager/Operational","1064","11800","DESKTOP-3HO80GL","S-1-5-18","4/4/2024 11:51:32 AM",,,"Microsoft-Windows-TerminalServices-LocalSessionManager/Operational","System.UInt32[]","System.Diagnostics.Eventing.Reader.EventBookmark","Information","Info",,"System.Collections.ObjectModel.ReadOnlyCollection`1[System.String]","System.Collections.Generic.List`1[System.Diagnostics.Eventing.Reader.EventProperty]"
"Remote Desktop Services: Session logoff succeeded:

User: DESKTOP-3HO80GL\user
Session ID: 12","23","0",,"4","0","0","1152921504606846976","184","Microsoft-Windows-TerminalServices-LocalSessionManager","5d896912-022d-40aa-a3a8-4fa5515c76d7","Microsoft-Windows-TerminalServices-LocalSessionManager/Operational","1064","1180","DESKTOP-3HO80GL","S-1-5-18","4/4/2024 11:51:32 AM","61a55000-55e5-1017-0000-000000000000",,"Microsoft-Windows-TerminalServices-LocalSessionManager/Operational","System.UInt32[]","System.Diagnostics.Eventing.Reader.EventBookmark","Information","Info",,"System.Collections.ObjectModel.ReadOnlyCollection`1[System.String]","System.Collections.Generic.List`1[System.Diagnostics.Eventing.Reader.EventProperty]"
"An error occurred when transitioning from DesktopLocked in response to EvDesktopLocked. (ErrorCode 0x8007139F)","36","0",,"2","0","0","1152921504606846976","183","Microsoft-Windows-TerminalServices-LocalSessionManager","5d896912-022d-40aa-a3a8-4fa5515c76d7","Microsoft-Windows-TerminalServices-LocalSessionManager/Operational","1064","16608","DESKTOP-3HO80GL","S-1-5-18","4/4/2024 10:10:50 AM","61a55000-55e5-1017-0000-000000000000",,"Microsoft-Windows-TerminalServices-LocalSessionManager/Operational","System.UInt32[]","System.Diagnostics.Eventing.Reader.EventBookmark","Error","Info",,"System.Collections.ObjectModel.ReadOnlyCollection`1[System.String]","System.Collections.Generic.List`1[System.Diagnostics.Eventing.Reader.EventProperty]"
"Remote Desktop Services: Shell start notification received:

User: DESKTOP-3HO80GL\user
Session ID: 12
Source Network Address: LOCAL","22","0",,"4","0","0","1152921504606846976","182","Microsoft-Windows-TerminalServices-LocalSessionManager","5d896912-022d-40aa-a3a8-4fa5515c76d7","Microsoft-Windows-TerminalServices-LocalSessionManager/Operational","1064","16608","DESKTOP-3HO80GL","S-1-5-18","4/4/2024 10:10:50 AM","61a55000-55e5-1017-0000-000000000000",,"Microsoft-Windows-TerminalServices-LocalSessionManager/Operational","System.UInt32[]","System.Diagnostics.Eventing.Reader.EventBookmark","Information","Info",,"System.Collections.ObjectModel.ReadOnlyCollection`1[System.String]","System.Collections.Generic.List`1[System.Diagnostics.Eventing.Reader.EventProperty]"
"Remote Desktop Services: Session logon succeeded:

User: DESKTOP-3HO80GL\user
Session ID: 12
Source Network Address: LOCAL","21","0",,"4","0","0","1152921504606846976","181","Microsoft-Windows-TerminalServices-LocalSessionManager","5d896912-022d-40aa-a3a8-4fa5515c76d7","Microsoft-Windows-TerminalServices-LocalSessionManager/Operational","1064","16608","DESKTOP-3HO80GL","S-1-5-18","4/4/2024 10:10:50 AM","61a55000-55e5-1017-0000-000000000000",,"Microsoft-Windows-TerminalServices-LocalSessionManager/Operational","System.UInt32[]","System.Diagnostics.Eventing.Reader.EventBookmark","Information","Info",,"System.Collections.ObjectModel.ReadOnlyCollection`1[System.String]","System.Collections.Generic.List`1[System.Diagnostics.Eventing.Reader.EventProperty]"
"End session arbitration:

User: DESKTOP-3HO80GL\user
Session ID: 12","42","0",,"4","0","0","1152921504606846976","180","Microsoft-Windows-TerminalServices-LocalSessionManager","5d896912-022d-40aa-a3a8-4fa5515c76d7","Microsoft-Windows-TerminalServices-LocalSessionManager/Operational","1064","16608","DESKTOP-3HO80GL","S-1-5-18","4/4/2024 10:10:50 AM","61a55000-55e5-1017-0000-000000000000",,"Microsoft-Windows-TerminalServices-LocalSessionManager/Operational","System.UInt32[]","System.Diagnostics.Eventing.Reader.EventBookmark","Information","Info",,"System.Collections.ObjectModel.ReadOnlyCollection`1[System.String]","System.Collections.Generic.List`1[System.Diagnostics.Eventing.Reader.EventProperty]"
"Begin session arbitration:

User: DESKTOP-3HO80GL\user
Session ID: 12","41","0",,"4","0","0","1152921504606846976","179","Microsoft-Windows-TerminalServices-LocalSessionManager","5d896912-022d-40aa-a3a8-4fa5515c76d7","Microsoft-Windows-TerminalServices-LocalSessionManager/Operational","1064","16608","DESKTOP-3HO80GL","S-1-5-18","4/4/2024 10:10:50 AM","61a55000-55e5-1017-0000-000000000000",,"Microsoft-Windows-TerminalServices-LocalSessionManager/Operational","System.UInt32[]","System.Diagnostics.Eventing.Reader.EventBookmark","Information","Info",,"System.Collections.ObjectModel.ReadOnlyCollection`1[System.String]","System.Collections.Generic.List`1[System.Diagnostics.Eventing.Reader.EventProperty]"
"Remote Desktop Services: Session has been disconnected:

