"The client cannot connect to the destination specified in the request. Verify that the service on the destination is running and is accepting requests. Consult the logs and documentation for the WS-Management service running on the destination, most commonly IIS or WinRM. If the destination is the WinRM service, run the following command on the destination to analyze and configure the WinRM service: ""winrm quickconfig"".","161","0",,"2","7","0","4611686018427387914","1011","Microsoft-Windows-WinRM","a7975c8f-ac13-49f1-87da-5a984a4ab417","Microsoft-Windows-WinRM/Operational","7944","16936","DESKTOP-3HO80GL","S-1-5-18","6/29/2024 4:30:28 PM","f33bece7-c644-0002-c7a2-70f344c6da01",,"Microsoft-Windows-WinRM/Operational","System.UInt32[]","System.Diagnostics.Eventing.Reader.EventBookmark","Error","Info","User authentication","System.Collections.ObjectModel.ReadOnlyCollection`1[System.String]","System.Collections.Generic.List`1[System.Diagnostics.Eventing.Reader.EventProperty]"
"Activity Transfer","254","0",,"4","0","0","4611686018427387942","1010","Microsoft-Windows-WinRM","a7975c8f-ac13-49f1-87da-5a984a4ab417","Microsoft-Windows-WinRM/Operational","7944","16936","DESKTOP-3HO80GL","S-1-5-18","6/29/2024 4:30:28 PM","f33bece7-c644-0002-c7a2-70f344c6da01","f33bece7-c644-0006-849d-64f344c6da01","Microsoft-Windows-WinRM/Operational","System.UInt32[]","System.Diagnostics.Eventing.Reader.EventBookmark","Information","Info",,"System.Collections.ObjectModel.ReadOnlyCollection`1[System.String]","System.Collections.Generic.List`1[System.Diagnostics.Eventing.Reader.EventProperty]"
"WSMan operation Enumeration started with resourceUri http://schemas.microsoft.com/wbem/wsman/1/config/listener","145","0",,"4","5","1","4611686018427387906","1009","Microsoft-Windows-WinRM","a7975c8f-ac13-49f1-87da-5a984a4ab417","Microsoft-Windows-WinRM/Operational","7944","10648","DESKTOP-3HO80GL","S-1-5-18","6/29/2024 4:30:24 PM","f33bece7-c644-0006-849d-64f344c6da01",,"Microsoft-Windows-WinRM/Operational","System.UInt32[]","System.Diagnostics.Eventing.Reader.EventBookmark","Information","Start","WSMan API call","System.Collections.ObjectModel.ReadOnlyCollection`1[System.String]","System.Collections.Generic.List`1[System.Diagnostics.Eventing.Reader.EventProperty]"
"WSMan operation Enumeration failed, error code 2150858770","142","0",,"2","10","2","4611686018427387906","1008","Microsoft-Windows-WinRM","a7975c8f-ac13-49f1-87da-5a984a4ab417","Microsoft-Windows-WinRM/Operational","14228","2668","DESKTOP-3HO80GL","S-1-5-18","6/29/2024 4:26:12 PM","f33bece7-c644-0004-9823-6bf344c6da01",,"Microsoft-Windows-WinRM/Operational","System.UInt32[]","System.Diagnostics.Eventing.Reader.EventBookmark","Error","Stop","Response handling","System.Collections.ObjectModel.ReadOnlyCollection`1[System.String]","System.Collections.Generic.List`1[System.Diagnostics.Eventing.Reader.EventProperty]"
"The client cannot connect to the destination specified in the request. Verify that the service on the destination is running and is accepting requests. Consult the logs and documentation for the WS-Management service running on the destination, most commonly IIS or WinRM. If the destination is the WinRM service, run the following command on the destination to analyze and configure the WinRM service: ""winrm quickconfig"".","161","0",,"2","7","0","4611686018427387914","1007","Microsoft-Windows-WinRM","a7975c8f-ac13-49f1-87da-5a984a4ab417","Microsoft-Windows-WinRM/Operational","14228","2668","DESKTOP-3HO80GL","S-1-5-18","6/29/2024 4:26:12 PM","f33bece7-c644-0001-2e11-63f344c6da01",,"Microsoft-Windows-WinRM/Operational","System.UInt32[]","System.Diagnostics.Eventing.Reader.EventBookmark","Error","Info","User authentication","System.Collections.ObjectModel.ReadOnlyCollection`1[System.String]","System.Collections.Generic.List`1[System.Diagnostics.Eventing.Reader.EventProperty]"
"Activity Transfer","254","0",,"4","0","0","4611686018427387942","1006","Microsoft-Windows-WinRM","a7975c8f-ac13-49f1-87da-5a984a4ab417","Microsoft-Windows-WinRM/Operational","14228","2668","DESKTOP-3HO80GL","S-1-5-18","6/29/2024 4:26:12 PM","f33bece7-c644-0001-2e11-63f344c6da01","f33bece7-c644-0004-9823-6bf344c6da01","Microsoft-Windows-WinRM/Operational","System.UInt32[]","System.Diagnostics.Eventing.Reader.EventBookmark","Information","Info",,"System.Collections.ObjectModel.ReadOnlyCollection`1[System.String]","System.Collections.Generic.List`1[System.Diagnostics.Eventing.Reader.EventProperty]"
"WSMan operation Enumeration started with resourceUri http://schemas.microsoft.com/wbem/wsman/1/config/listener","145","0",,"4","5","1","4611686018427387906","1005","Microsoft-Windows-WinRM","a7975c8f-ac13-49f1-87da-5a984a4ab417","Microsoft-Windows-WinRM/Operational","14228","10052","DESKTOP-3HO80GL","S-1-5-18","6/29/2024 4:26:08 PM","f33bece7-c644-0004-9823-6bf344c6da01",,"Microsoft-Windows-WinRM/Operational","System.UInt32[]","System.Diagnostics.Eventing.Reader.EventBookmark","Information","Start","WSMan API call","System.Collections.ObjectModel.ReadOnlyCollection`1[System.String]","System.Collections.Generic.List`1[System.Diagnostics.Eventing.Reader.EventProperty]"
"WSMan operation Enumeration failed, error code 2150858770","142","0",,"2","10","2","4611686018427387906","1004","Microsoft-Windows-WinRM","a7975c8f-ac13-49f1-87da-5a984a4ab417","Microsoft-Windows-WinRM/Operational","13012","6584","DESKTOP-3HO80GL","S-1-5-18","6/28/2024 6:47:14 PM","f33bece7-c644-0003-6859-62f344c6da01",,"Microsoft-Windows-WinRM/Operational","System.UInt32[]","System.Diagnostics.Eventing.Reader.EventBookmark","Error","Stop","Response handling","System.Collections.ObjectModel.ReadOnlyCollection`1[System.String]","System.Collections.Generic.List`1[System.Diagnostics.Eventing.Reader.EventProperty]"
"The client cannot connect to the destination specified in the request. Verify that the service on the destination is running and is accepting requests. Consult the logs and documentation for the WS-Management service running on the destination, most commonly IIS or WinRM. If the destination is the WinRM service, run the following command on the destination to analyze and configure the WinRM service: ""winrm quickconfig"".","161","0",,"2","7","0","4611686018427387914","1003","Microsoft-Windows-WinRM","a7975c8f-ac13-49f1-87da-5a984a4ab417","Microsoft-Windows-WinRM/Operational","13012","6584","DESKTOP-3HO80GL","S-1-5-18","6/28/2024 6:47:14 PM","f33bece7-c644-0007-1b16-59f344c6da01",,"Microsoft-Windows-WinRM/Operational","System.UInt32[]","System.Diagnostics.Eventing.Reader.EventBookmark","Error","Info","User authentication","System.Collections.ObjectModel.ReadOnlyCollection`1[System.String]","System.Collections.Generic.List`1[System.Diagnostics.Eventing.Reader.EventProperty]"
"Activity Transfer","254","0",,"4","0","0","4611686018427387942","1002","Microsoft-Windows-WinRM","a7975c8f-ac13-49f1-87da-5a984a4ab417","Microsoft-Windows-WinRM/Operational","13012","6584","DESKTOP-3HO80GL","S-1-5-18","6/28/2024 6:47:14 PM","f33bece7-c644-0007-1b16-59f344c6da01","f33bece7-c644-0003-6859-62f344c6da01","Microsoft-Windows-WinRM/Operational","System.UInt32[]","System.Diagnostics.Eventing.Reader.EventBookmark","Information","Info",,"System.Collections.ObjectModel.ReadOnlyCollection`1[System.String]","System.Collections.Generic.List`1[System.Diagnostics.Eventing.Reader.EventProperty]"
"WSMan operation Enumeration started with resourceUri http://schemas.microsoft.com/wbem/wsman/1/config/listener","145","0",,"4","5","1","4611686018427387906","1001","Microsoft-Windows-WinRM","a7975c8f-ac13-49f1-87da-5a984a4ab417","Microsoft-Windows-WinRM/Operational","13012","1404","DESKTOP-3HO80GL","S-1-5-18","6/28/2024 6:47:10 PM","f33bece7-c644-0003-6859-62f344c6da01",,"Microsoft-Windows-WinRM/Operational","System.UInt32[]","System.Diagnostics.Eventing.Reader.EventBookmark","Information","Start","WSMan API call","System.Collections.ObjectModel.ReadOnlyCollection`1[System.String]","System.Collections.Generic.List`1[System.Diagnostics.Eventing.Reader.EventProperty]"
"WSMan operation Enumeration failed, error code 2150858770","142","0",,"2","10","2","4611686018427387906","1000","Microsoft-Windows-WinRM","a7975c8f-ac13-49f1-87da-5a984a4ab417","Microsoft-Windows-WinRM/Operational","15904","5584","DESKTOP-3HO80GL","S-1-5-18","6/28/2024 6:02:51 PM","f33bece7-c644-0002-f133-68f344c6da01",,"Microsoft-Windows-WinRM/Operational","System.UInt32[]","System.Diagnostics.Eventing.Reader.EventBookmark","Error","Stop","Response handling","System.Collections.ObjectModel.ReadOnlyCollection`1[System.String]","System.Collections.Generic.List`1[System.Diagnostics.Eventing.Reader.EventProperty]"
"The client cannot connect to the destination specified in the request. Verify that the service on the destination is running and is accepting requests. Consult the logs and documentation for the WS-Management service running on the destination, most commonly IIS or WinRM. If the destination is the WinRM service, run the following command on the destination to analyze and configure the WinRM service: ""winrm quickconfig"".","161","0",,"2","7","0","4611686018427387914","999","Microsoft-Windows-WinRM","a7975c8f-ac13-49f1-87da-5a984a4ab417","Microsoft-Windows-WinRM/Operational","15904","6856","DESKTOP-3HO80GL","S-1-5-18","6/28/2024 6:02:51 PM","f33bece7-c644-0000-d8ae-65f344c6da01",,"Microsoft-Windows-WinRM/Operational","System.UInt32[]","System.Diagnostics.Eventing.Reader.EventBookmark","Error","Info","User authentication","System.Collections.ObjectModel.ReadOnlyCollection`1[System.String]","System.Collections.Generic.List`1[System.Diagnostics.Eventing.Reader.EventProperty]"
"Activity Transfer","254","0",,"4","0","0","4611686018427387942","998","Microsoft-Windows-WinRM","a7975c8f-ac13-49f1-87da-5a984a4ab417","Microsoft-Windows-WinRM/Operational","15904","6856","DESKTOP-3HO80GL","S-1-5-18","6/28/2024 6:02:51 PM","f33bece7-c644-0000-d8ae-65f344c6da01","f33bece7-c644-0002-f133-68f344c6da01","Microsoft-Windows-WinRM/Operational","System.UInt32[]","System.Diagnostics.Eventing.Reader.EventBookmark","Information","Info",,"System.Collections.ObjectModel.ReadOnlyCollection`1[System.String]","System.Collections.Generic.List`1[System.Diagnostics.Eventing.Reader.EventProperty]"
"WSMan operation Enumeration started with resourceUri http://schemas.microsoft.com/wbem/wsman/1/config/listener","145","0",,"4","5","1","4611686018427387906","997","Microsoft-Windows-WinRM","a7975c8f-ac13-49f1-87da-5a984a4ab417","Microsoft-Windows-WinRM/Operational","15904","2276","DESKTOP-3HO80GL","S-1-5-18","6/28/2024 6:02:47 PM","f33bece7-c644-0002-f133-68f344c6da01",,"Microsoft-Windows-WinRM/Operational","System.UInt32[]","System.Diagnostics.Eventing.Reader.EventBookmark","Information","Start","WSMan API call","System.Collections.ObjectModel.ReadOnlyCollection`1[System.String]","System.Collections.Generic.List`1[System.Diagnostics.Eventing.Reader.EventProperty]"
"WSMan operation Enumeration failed, error code 2150858770","142","0",,"2","10","2","4611686018427387906","996","Microsoft-Windows-WinRM","a7975c8f-ac13-49f1-87da-5a984a4ab417","Microsoft-Windows-WinRM/Operational","8940","6076","DESKTOP-3HO80GL","S-1-5-18","6/28/2024 12:06:45 AM","f33bece7-c644-0003-5d98-5df344c6da01",,"Microsoft-Windows-WinRM/Operational","System.UInt32[]","System.Diagnostics.Eventing.Reader.EventBookmark","Error","Stop","Response handling","System.Collections.ObjectModel.ReadOnlyCollection`1[System.String]","System.Collections.Generic.List`1[System.Diagnostics.Eventing.Reader.EventProperty]"
"The client cannot connect to the destination specified in the request. Verify that the service on the destination is running and is accepting requests. Consult the logs and documentation for the WS-Management service running on the destination, most commonly IIS or WinRM. If the destination is the WinRM service, run the following command on the destination to analyze and configure the WinRM service: ""winrm quickconfig"".","161","0",,"2","7","0","4611686018427387914","995","Microsoft-Windows-WinRM","a7975c8f-ac13-49f1-87da-5a984a4ab417","Microsoft-Windows-WinRM/Operational","8940","2760","DESKTOP-3HO80GL","S-1-5-18","6/28/2024 12:06:45 AM","f33bece7-c644-0001-c713-54f344c6da01",,"Microsoft-Windows-WinRM/Operational","System.UInt32[]","System.Diagnostics.Eventing.Reader.EventBookmark","Error","Info","User authentication","System.Collections.ObjectModel.ReadOnlyCollection`1[System.String]","System.Collections.Generic.List`1[System.Diagnostics.Eventing.Reader.EventProperty]"
"Activity Transfer","254","0",,"4","0","0","4611686018427387942","994","Microsoft-Windows-WinRM","a7975c8f-ac13-49f1-87da-5a984a4ab417","Microsoft-Windows-WinRM/Operational","8940","2760","DESKTOP-3HO80GL","S-1-5-18","6/28/2024 12:06:45 AM","f33bece7-c644-0001-c713-54f344c6da01","f33bece7-c644-0003-5d98-5df344c6da01","Microsoft-Windows-WinRM/Operational","System.UInt32[]","System.Diagnostics.Eventing.Reader.EventBookmark","Information","Info",,"System.Collections.ObjectModel.ReadOnlyCollection`1[System.String]","System.Collections.Generic.List`1[System.Diagnostics.Eventing.Reader.EventProperty]"
"WSMan operation Enumeration started with resourceUri http://schemas.microsoft.com/wbem/wsman/1/config/listener","145","0",,"4","5","1","4611686018427387906","993","Microsoft-Windows-WinRM","a7975c8f-ac13-49f1-87da-5a984a4ab417","Microsoft-Windows-WinRM/Operational","8940","4404","DESKTOP-3HO80GL","S-1-5-18","6/28/2024 12:06:41 AM","f33bece7-c644-0003-5d98-5df344c6da01",,"Microsoft-Windows-WinRM/Operational","System.UInt32[]","System.Diagnostics.Eventing.Reader.EventBookmark","Information","Start","WSMan API call","System.Collections.ObjectModel.ReadOnlyCollection`1[System.String]","System.Collections.Generic.List`1[System.Diagnostics.Eventing.Reader.EventProperty]"
"WSMan operation Enumeration failed, error code 2150858770","142","0",,"2","10","2","4611686018427387906","992","Microsoft-Windows-WinRM","a7975c8f-ac13-49f1-87da-5a984a4ab417","Microsoft-Windows-WinRM/Operational","15972","7028","DESKTOP-3HO80GL","S-1-5-18","6/27/2024 11:50:04 PM","f33bece7-c644-0003-5f6f-5df344c6da01",,"Microsoft-Windows-WinRM/Operational","System.UInt32[]","System.Diagnostics.Eventing.Reader.EventBookmark","Error","Stop","Response handling","System.Collections.ObjectModel.ReadOnlyCollection`1[System.String]","System.Collections.Generic.List`1[System.Diagnostics.Eventing.Reader.EventProperty]"
"The client cannot connect to the destination specified in the request. Verify that the service on the destination is running and is accepting requests. Consult the logs and documentation for the WS-Management service running on the destination, most commonly IIS or WinRM. If the destination is the WinRM service, run the following command on the destination to analyze and configure the WinRM service: ""winrm quickconfig"".","161","0",,"2","7","0","4611686018427387914","991","Microsoft-Windows-WinRM","a7975c8f-ac13-49f1-87da-5a984a4ab417","Microsoft-Windows-WinRM/Operational","15972","16076","DESKTOP-3HO80GL","S-1-5-18","6/27/2024 11:50:04 PM","f33bece7-c644-0000-29f4-58f344c6da01",,"Microsoft-Windows-WinRM/Operational","System.UInt32[]","System.Diagnostics.Eventing.Reader.EventBookmark","Error","Info","User authentication","System.Collections.ObjectModel.ReadOnlyCollection`1[System.String]","System.Collections.Generic.List`1[System.Diagnostics.Eventing.Reader.EventProperty]"
"Activity Transfer","254","0",,"4","0","0","4611686018427387942","990","Microsoft-Windows-WinRM","a7975c8f-ac13-49f1-87da-5a984a4ab417","Microsoft-Windows-WinRM/Operational","15972","16076","DESKTOP-3HO80GL","S-1-5-18","6/27/2024 11:50:04 PM","f33bece7-c644-0000-29f4-58f344c6da01","f33bece7-c644-0003-5f6f-5df344c6da01","Microsoft-Windows-WinRM/Operational","System.UInt32[]","System.Diagnostics.Eventing.Reader.EventBookmark","Information","Info",,"System.Collections.ObjectModel.ReadOnlyCollection`1[System.String]","System.Collections.Generic.List`1[System.Diagnostics.Eventing.Reader.EventProperty]"
"WSMan operation Enumeration started with resourceUri http://schemas.microsoft.com/wbem/wsman/1/config/listener","145","0",,"4","5","1","4611686018427387906","989","Microsoft-Windows-WinRM","a7975c8f-ac13-49f1-87da-5a984a4ab417","Microsoft-Windows-WinRM/Operational","15972","11976","DESKTOP-3HO80GL","S-1-5-18","6/27/2024 11:50:00 PM","f33bece7-c644-0003-5f6f-5df344c6da01",,"Microsoft-Windows-WinRM/Operational","System.UInt32[]","System.Diagnostics.Eventing.Reader.EventBookmark","Information","Start","WSMan API call","System.Collections.ObjectModel.ReadOnlyCollection`1[System.String]","System.Collections.Generic.List`1[System.Diagnostics.Eventing.Reader.EventProperty]"
"WSMan operation Enumeration failed, error code 2150858770","142","0",,"2","10","2","4611686018427387906","988","Microsoft-Windows-WinRM","a7975c8f-ac13-49f1-87da-5a984a4ab417","Microsoft-Windows-WinRM/Operational","576","8588","DESKTOP-3HO80GL","S-1-5-18","6/27/2024 11:45:15 PM","f33bece7-c644-0000-b00f-58f344c6da01",,"Microsoft-Windows-WinRM/Operational","System.UInt32[]","System.Diagnostics.Eventing.Reader.EventBookmark","Error","Stop","Response handling","System.Collections.ObjectModel.ReadOnlyCollection`1[System.String]","System.Collections.Generic.List`1[System.Diagnostics.Eventing.Reader.EventProperty]"
"The client cannot connect to the destination specified in the request. Verify that the service on the destination is running and is accepting requests. Consult the logs and documentation for the WS-Management service running on the destination, most commonly IIS or WinRM. If the destination is the WinRM service, run the following command on the destination to analyze and configure the WinRM service: ""winrm quickconfig"".","161","0",,"2","7","0","4611686018427387914","987","Microsoft-Windows-WinRM","a7975c8f-ac13-49f1-87da-5a984a4ab417","Microsoft-Windows-WinRM/Operational","576","8588","DESKTOP-3HO80GL","S-1-5-18","6/27/2024 11:45:15 PM","f33bece7-c644-0000-be13-58f344c6da01",,"Microsoft-Windows-WinRM/Operational","System.UInt32[]","System.Diagnostics.Eventing.Reader.EventBookmark","Error","Info","User authentication","System.Collections.ObjectModel.ReadOnlyCollection`1[System.String]","System.Collections.Generic.List`1[System.Diagnostics.Eventing.Reader.EventProperty]"
"Activity Transfer","254","0",,"4","0","0","4611686018427387942","986","Microsoft-Windows-WinRM","a7975c8f-ac13-49f1-87da-5a984a4ab417","Microsoft-Windows-WinRM/Operational","576","8588","DESKTOP-3HO80GL","S-1-5-18","6/27/2024 11:45:15 PM","f33bece7-c644-0000-be13-58f344c6da01","f33bece7-c644-0000-b00f-58f344c6da01","Microsoft-Windows-WinRM/Operational","System.UInt32[]","System.Diagnostics.Eventing.Reader.EventBookmark","Information","Info",,"System.Collections.ObjectModel.ReadOnlyCollection`1[System.String]","System.Collections.Generic.List`1[System.Diagnostics.Eventing.Reader.EventProperty]"
"WSMan operation Enumeration started with resourceUri http://schemas.microsoft.com/wbem/wsman/1/config/listener","145","0",,"4","5","1","4611686018427387906","985","Microsoft-Windows-WinRM","a7975c8f-ac13-49f1-87da-5a984a4ab417","Microsoft-Windows-WinRM/Operational","576","8640","DESKTOP-3HO80GL","S-1-5-18","6/27/2024 11:45:10 PM","f33bece7-c644-0000-b00f-58f344c6da01",,"Microsoft-Windows-WinRM/Operational","System.UInt32[]","System.Diagnostics.Eventing.Reader.EventBookmark","Information","Start","WSMan API call","System.Collections.ObjectModel.ReadOnlyCollection`1[System.String]","System.Collections.Generic.List`1[System.Diagnostics.Eventing.Reader.EventProperty]"
"WSMan operation Enumeration failed, error code 2150858770","142","0",,"2","10","2","4611686018427387906","984","Microsoft-Windows-WinRM","a7975c8f-ac13-49f1-87da-5a984a4ab417","Microsoft-Windows-WinRM/Operational","10580","5844","DESKTOP-3HO80GL","S-1-5-18","6/27/2024 11:40:29 PM","f33bece7-c644-0003-d7da-5cf344c6da01",,"Microsoft-Windows-WinRM/Operational","System.UInt32[]","System.Diagnostics.Eventing.Reader.EventBookmark","Error","Stop","Response handling","System.Collections.ObjectModel.ReadOnlyCollection`1[System.String]","System.Collections.Generic.List`1[System.Diagnostics.Eventing.Reader.EventProperty]"
"The client cannot connect to the destination specified in the request. Verify that the service on the destination is running and is accepting requests. Consult the logs and documentation for the WS-Management service running on the destination, most commonly IIS or WinRM. If the destination is the WinRM service, run the following command on the destination to analyze and configure the WinRM service: ""winrm quickconfig"".","161","0",,"2","7","0","4611686018427387914","983","Microsoft-Windows-WinRM","a7975c8f-ac13-49f1-87da-5a984a4ab417","Microsoft-Windows-WinRM/Operational","10580","9288","DESKTOP-3HO80GL","S-1-5-18","6/27/2024 11:40:29 PM","f33bece7-c644-0000-fb2c-57f344c6da01",,"Microsoft-Windows-WinRM/Operational","System.UInt32[]","System.Diagnostics.Eventing.Reader.EventBookmark","Error","Info","User authentication","System.Collections.ObjectModel.ReadOnlyCollection`1[System.String]","System.Collections.Generic.List`1[System.Diagnostics.Eventing.Reader.EventProperty]"
"Activity Transfer","254","0",,"4","0","0","4611686018427387942","982","Microsoft-Windows-WinRM","a7975c8f-ac13-49f1-87da-5a984a4ab417","Microsoft-Windows-WinRM/Operational","10580","9288","DESKTOP-3HO80GL","S-1-5-18","6/27/2024 11:40:29 PM","f33bece7-c644-0000-fb2c-57f344c6da01","f33bece7-c644-0003-d7da-5cf344c6da01","Microsoft-Windows-WinRM/Operational","System.UInt32[]","System.Diagnostics.Eventing.Reader.EventBookmark","Information","Info",,"System.Collections.ObjectModel.ReadOnlyCollection`1[System.String]","System.Collections.Generic.List`1[System.Diagnostics.Eventing.Reader.EventProperty]"
"WSMan operation Enumeration started with resourceUri http://schemas.microsoft.com/wbem/wsman/1/config/listener","145","0",,"4","5","1","4611686018427387906","981","Microsoft-Windows-WinRM","a7975c8f-ac13-49f1-87da-5a984a4ab417","Microsoft-Windows-WinRM/Operational","10580","13440","DESKTOP-3HO80GL","S-1-5-18","6/27/2024 11:40:25 PM","f33bece7-c644-0003-d7da-5cf344c6da01",,"Microsoft-Windows-WinRM/Operational","System.UInt32[]","System.Diagnostics.Eventing.Reader.EventBookmark","Information","Start","WSMan API call","System.Collections.ObjectModel.ReadOnlyCollection`1[System.String]","System.Collections.Generic.List`1[System.Diagnostics.Eventing.Reader.EventProperty]"
"WSMan operation Enumeration failed, error code 2150858770","142","0",,"2","10","2","4611686018427387906","980","Microsoft-Windows-WinRM","a7975c8f-ac13-49f1-87da-5a984a4ab417","Microsoft-Windows-WinRM/Operational","9956","14484","DESKTOP-3HO80GL","S-1-5-18","6/26/2024 10:08:03 PM","f33bece7-c644-0006-6af2-53f344c6da01",,"Microsoft-Windows-WinRM/Operational","System.UInt32[]","System.Diagnostics.Eventing.Reader.EventBookmark","Error","Stop","Response handling","System.Collections.ObjectModel.ReadOnlyCollection`1[System.String]","System.Collections.Generic.List`1[System.Diagnostics.Eventing.Reader.EventProperty]"
"The client cannot connect to the destination specified in the request. Verify that the service on the destination is running and is accepting requests. Consult the logs and documentation for the WS-Management service running on the destination, most commonly IIS or WinRM. If the destination is the WinRM service, run the following command on the destination to analyze and configure the WinRM service: ""winrm quickconfig"".","161","0",,"2","7","0","4611686018427387914","979","Microsoft-Windows-WinRM","a7975c8f-ac13-49f1-87da-5a984a4ab417","Microsoft-Windows-WinRM/Operational","9956","16268","DESKTOP-3HO80GL","S-1-5-18","6/26/2024 10:08:03 PM","f33bece7-c644-0003-9a97-59f344c6da01",,"Microsoft-Windows-WinRM/Operational","System.UInt32[]","System.Diagnostics.Eventing.Reader.EventBookmark","Error","Info","User authentication","System.Collections.ObjectModel.ReadOnlyCollection`1[System.String]","System.Collections.Generic.List`1[System.Diagnostics.Eventing.Reader.EventProperty]"
"Activity Transfer","254","0",,"4","0","0","4611686018427387942","978","Microsoft-Windows-WinRM","a7975c8f-ac13-49f1-87da-5a984a4ab417","Microsoft-Windows-WinRM/Operational","9956","16268","DESKTOP-3HO80GL","S-1-5-18","6/26/2024 10:08:03 PM","f33bece7-c644-0003-9a97-59f344c6da01","f33bece7-c644-0006-6af2-53f344c6da01","Microsoft-Windows-WinRM/Operational","System.UInt32[]","System.Diagnostics.Eventing.Reader.EventBookmark","Information","Info",,"System.Collections.ObjectModel.ReadOnlyCollection`1[System.String]","System.Collections.Generic.List`1[System.Diagnostics.Eventing.Reader.EventProperty]"
"WSMan operation Enumeration started with resourceUri http://schemas.microsoft.com/wbem/wsman/1/config/listener","145","0",,"4","5","1","4611686018427387906","977","Microsoft-Windows-WinRM","a7975c8f-ac13-49f1-87da-5a984a4ab417","Microsoft-Windows-WinRM/Operational","9956","8364","DESKTOP-3HO80GL","S-1-5-18","6/26/2024 10:07:58 PM","f33bece7-c644-0006-6af2-53f344c6da01",,"Microsoft-Windows-WinRM/Operational","System.UInt32[]","System.Diagnostics.Eventing.Reader.EventBookmark","Information","Start","WSMan API call","System.Collections.ObjectModel.ReadOnlyCollection`1[System.String]","System.Collections.Generic.List`1[System.Diagnostics.Eventing.Reader.EventProperty]"
"WSMan operation Enumeration failed, error code 2150858770","142","0",,"2","10","2","4611686018427387906","976","Microsoft-Windows-WinRM","a7975c8f-ac13-49f1-87da-5a984a4ab417","Microsoft-Windows-WinRM/Operational","16172","12100","DESKTOP-3HO80GL","S-1-5-18","6/26/2024 6:51:43 PM","f33bece7-c644-0003-d6f0-4bf344c6da01",,"Microsoft-Windows-WinRM/Operational","System.UInt32[]","System.Diagnostics.Eventing.Reader.EventBookmark","Error","Stop","Response handling","System.Collections.ObjectModel.ReadOnlyCollection`1[System.String]","System.Collections.Generic.List`1[System.Diagnostics.Eventing.Reader.EventProperty]"
"The client cannot connect to the destination specified in the request. Verify that the service on the destination is running and is accepting requests. Consult the logs and documentation for the WS-Management service running on the destination, most commonly IIS or WinRM. If the destination is the WinRM service, run the following command on the destination to analyze and configure the WinRM service: ""winrm quickconfig"".","161","0",,"2","7","0","4611686018427387914","975","Microsoft-Windows-WinRM","a7975c8f-ac13-49f1-87da-5a984a4ab417","Microsoft-Windows-WinRM/Operational","16172","1320","DESKTOP-3HO80GL","S-1-5-18","6/26/2024 6:51:43 PM","f33bece7-c644-0002-96ef-52f344c6da01",,"Microsoft-Windows-WinRM/Operational","System.UInt32[]","System.Diagnostics.Eventing.Reader.EventBookmark","Error","Info","User authentication","System.Collections.ObjectModel.ReadOnlyCollection`1[System.String]","System.Collections.Generic.List`1[System.Diagnostics.Eventing.Reader.EventProperty]"
"Activity Transfer","254","0",,"4","0","0","4611686018427387942","974","Microsoft-Windows-WinRM","a7975c8f-ac13-49f1-87da-5a984a4ab417","Microsoft-Windows-WinRM/Operational","16172","1320","DESKTOP-3HO80GL","S-1-5-18","6/26/2024 6:51:43 PM","f33bece7-c644-0002-96ef-52f344c6da01","f33bece7-c644-0003-d6f0-4bf344c6da01","Microsoft-Windows-WinRM/Operational","System.UInt32[]","System.Diagnostics.Eventing.Reader.EventBookmark","Information","Info",,"System.Collections.ObjectModel.ReadOnlyCollection`1[System.String]","System.Collections.Generic.List`1[System.Diagnostics.Eventing.Reader.EventProperty]"
"WSMan operation Enumeration started with resourceUri http://schemas.microsoft.com/wbem/wsman/1/config/listener","145","0",,"4","5","1","4611686018427387906","973","Microsoft-Windows-WinRM","a7975c8f-ac13-49f1-87da-5a984a4ab417","Microsoft-Windows-WinRM/Operational","16172","15460","DESKTOP-3HO80GL","S-1-5-18","6/26/2024 6:51:39 PM","f33bece7-c644-0003-d6f0-4bf344c6da01",,"Microsoft-Windows-WinRM/Operational","System.UInt32[]","System.Diagnostics.Eventing.Reader.EventBookmark","Information","Start","WSMan API call","System.Collections.ObjectModel.ReadOnlyCollection`1[System.String]","System.Collections.Generic.List`1[System.Diagnostics.Eventing.Reader.EventProperty]"
"WSMan operation Enumeration failed, error code 2150858770","142","0",,"2","10","2","4611686018427387906","972","Microsoft-Windows-WinRM","a7975c8f-ac13-49f1-87da-5a984a4ab417","Microsoft-Windows-WinRM/Operational","15836","11568","DESKTOP-3HO80GL","S-1-5-18","6/26/2024 6:36:37 PM","f33bece7-c644-0003-258b-4af344c6da01",,"Microsoft-Windows-WinRM/Operational","System.UInt32[]","System.Diagnostics.Eventing.Reader.EventBookmark","Error","Stop","Response handling","System.Collections.ObjectModel.ReadOnlyCollection`1[System.String]","System.Collections.Generic.List`1[System.Diagnostics.Eventing.Reader.EventProperty]"
"The client cannot connect to the destination specified in the request. Verify that the service on the destination is running and is accepting requests. Consult the logs and documentation for the WS-Management service running on the destination, most commonly IIS or WinRM. If the destination is the WinRM service, run the following command on the destination to analyze and configure the WinRM service: ""winrm quickconfig"".","161","0",,"2","7","0","4611686018427387914","971","Microsoft-Windows-WinRM","a7975c8f-ac13-49f1-87da-5a984a4ab417","Microsoft-Windows-WinRM/Operational","15836","11568","DESKTOP-3HO80GL","S-1-5-18","6/26/2024 6:36:37 PM","f33bece7-c644-0002-a8fe-51f344c6da01",,"Microsoft-Windows-WinRM/Operational","System.UInt32[]","System.Diagnostics.Eventing.Reader.EventBookmark","Error","Info","User authentication","System.Collections.ObjectModel.ReadOnlyCollection`1[System.String]","System.Collections.Generic.List`1[System.Diagnostics.Eventing.Reader.EventProperty]"
"Activity Transfer","254","0",,"4","0","0","4611686018427387942","970","Microsoft-Windows-WinRM","a7975c8f-ac13-49f1-87da-5a984a4ab417","Microsoft-Windows-WinRM/Operational","15836","11568","DESKTOP-3HO80GL","S-1-5-18","6/26/2024 6:36:37 PM","f33bece7-c644-0002-a8fe-51f344c6da01","f33bece7-c644-0003-258b-4af344c6da01","Microsoft-Windows-WinRM/Operational","System.UInt32[]","System.Diagnostics.Eventing.Reader.EventBookmark","Information","Info",,"System.Collections.ObjectModel.ReadOnlyCollection`1[System.String]","System.Collections.Generic.List`1[System.Diagnostics.Eventing.Reader.EventProperty]"
"WSMan operation Enumeration started with resourceUri http://schemas.microsoft.com/wbem/wsman/1/config/listener","145","0",,"4","5","1","4611686018427387906","969","Microsoft-Windows-WinRM","a7975c8f-ac13-49f1-87da-5a984a4ab417","Microsoft-Windows-WinRM/Operational","15836","9400","DESKTOP-3HO80GL","S-1-5-18","6/26/2024 6:36:33 PM","f33bece7-c644-0003-258b-4af344c6da01",,"Microsoft-Windows-WinRM/Operational","System.UInt32[]","System.Diagnostics.Eventing.Reader.EventBookmark","Information","Start","WSMan API call","System.Collections.ObjectModel.ReadOnlyCollection`1[System.String]","System.Collections.Generic.List`1[System.Diagnostics.Eventing.Reader.EventProperty]"
"WSMan operation Enumeration failed, error code 2150858770","142","0",,"2","10","2","4611686018427387906","968","Microsoft-Windows-WinRM","a7975c8f-ac13-49f1-87da-5a984a4ab417","Microsoft-Windows-WinRM/Operational","9984","13624","DESKTOP-3HO80GL","S-1-5-18","6/26/2024 6:27:21 PM","f33bece7-c644-0005-86d8-44f344c6da01",,"Microsoft-Windows-WinRM/Operational","System.UInt32[]","System.Diagnostics.Eventing.Reader.EventBookmark","Error","Stop","Response handling","System.Collections.ObjectModel.ReadOnlyCollection`1[System.String]","System.Collections.Generic.List`1[System.Diagnostics.Eventing.Reader.EventProperty]"
"The client cannot connect to the destination specified in the request. Verify that the service on the destination is running and is accepting requests. Consult the logs and documentation for the WS-Management service running on the destination, most commonly IIS or WinRM. If the destination is the WinRM service, run the following command on the destination to analyze and configure the WinRM service: ""winrm quickconfig"".","161","0",,"2","7","0","4611686018427387914","967","Microsoft-Windows-WinRM","a7975c8f-ac13-49f1-87da-5a984a4ab417","Microsoft-Windows-WinRM/Operational","9984","13904","DESKTOP-3HO80GL","S-1-5-18","6/26/2024 6:27:21 PM","f33bece7-c644-0000-267f-4af344c6da01",,"Microsoft-Windows-WinRM/Operational","System.UInt32[]","System.Diagnostics.Eventing.Reader.EventBookmark","Error","Info","User authentication","System.Collections.ObjectModel.ReadOnlyCollection`1[System.String]","System.Collections.Generic.List`1[System.Diagnostics.Eventing.Reader.EventProperty]"
"Activity Transfer","254","0",,"4","0","0","4611686018427387942","966","Microsoft-Windows-WinRM","a7975c8f-ac13-49f1-87da-5a984a4ab417","Microsoft-Windows-WinRM/Operational","9984","13904","DESKTOP-3HO80GL","S-1-5-18","6/26/2024 6:27:21 PM","f33bece7-c644-0000-267f-4af344c6da01","f33bece7-c644-0005-86d8-44f344c6da01","Microsoft-Windows-WinRM/Operational","System.UInt32[]","System.Diagnostics.Eventing.Reader.EventBookmark","Information","Info",,"System.Collections.ObjectModel.ReadOnlyCollection`1[System.String]","System.Collections.Generic.List`1[System.Diagnostics.Eventing.Reader.EventProperty]"
"WSMan operation Enumeration started with resourceUri http://schemas.microsoft.com/wbem/wsman/1/config/listener","145","0",,"4","5","1","4611686018427387906","965","Microsoft-Windows-WinRM","a7975c8f-ac13-49f1-87da-5a984a4ab417","Microsoft-Windows-WinRM/Operational","9984","1840","DESKTOP-3HO80GL","S-1-5-18","6/26/2024 6:27:17 PM","f33bece7-c644-0005-86d8-44f344c6da01",,"Microsoft-Windows-WinRM/Operational","System.UInt32[]","System.Diagnostics.Eventing.Reader.EventBookmark","Information","Start","WSMan API call","System.Collections.ObjectModel.ReadOnlyCollection`1[System.String]","System.Collections.Generic.List`1[System.Diagnostics.Eventing.Reader.EventProperty]"
"WSMan operation Enumeration failed, error code 2150858770","142","0",,"2","10","2","4611686018427387906","964","Microsoft-Windows-WinRM","a7975c8f-ac13-49f1-87da-5a984a4ab417","Microsoft-Windows-WinRM/Operational","10576","9032","DESKTOP-3HO80GL","S-1-5-18","6/26/2024 5:44:23 PM","f33bece7-c644-0003-4915-46f344c6da01",,"Microsoft-Windows-WinRM/Operational","System.UInt32[]","System.Diagnostics.Eventing.Reader.EventBookmark","Error","Stop","Response handling","System.Collections.ObjectModel.ReadOnlyCollection`1[System.String]","System.Collections.Generic.List`1[System.Diagnostics.Eventing.Reader.EventProperty]"
"The client cannot connect to the destination specified in the request. Verify that the service on the destination is running and is accepting requests. Consult the logs and documentation for the WS-Management service running on the destination, most commonly IIS or WinRM. If the destination is the WinRM service, run the following command on the destination to analyze and configure the WinRM service: ""winrm quickconfig"".","161","0",,"2","7","0","4611686018427387914","963","Microsoft-Windows-WinRM","a7975c8f-ac13-49f1-87da-5a984a4ab417","Microsoft-Windows-WinRM/Operational","10576","13428","DESKTOP-3HO80GL","S-1-5-18","6/26/2024 5:44:23 PM","f33bece7-c644-0005-9b5c-43f344c6da01",,"Microsoft-Windows-WinRM/Operational","System.UInt32[]","System.Diagnostics.Eventing.Reader.EventBookmark","Error","Info","User authentication","System.Collections.ObjectModel.ReadOnlyCollection`1[System.String]","System.Collections.Generic.List`1[System.Diagnostics.Eventing.Reader.EventProperty]"
"Activity Transfer","254","0",,"4","0","0","4611686018427387942","962","Microsoft-Windows-WinRM","a7975c8f-ac13-49f1-87da-5a984a4ab417","Microsoft-Windows-WinRM/Operational","10576","13428","DESKTOP-3HO80GL","S-1-5-18","6/26/2024 5:44:23 PM","f33bece7-c644-0005-9b5c-43f344c6da01","f33bece7-c644-0003-4915-46f344c6da01","Microsoft-Windows-WinRM/Operational","System.UInt32[]","System.Diagnostics.Eventing.Reader.EventBookmark","Information","Info",,"System.Collections.ObjectModel.ReadOnlyCollection`1[System.String]","System.Collections.Generic.List`1[System.Diagnostics.Eventing.Reader.EventProperty]"
"WSMan operation Enumeration started with resourceUri http://schemas.microsoft.com/wbem/wsman/1/config/listener","145","0",,"4","5","1","4611686018427387906","961","Microsoft-Windows-WinRM","a7975c8f-ac13-49f1-87da-5a984a4ab417","Microsoft-Windows-WinRM/Operational","10576","12828","DESKTOP-3HO80GL","S-1-5-18","6/26/2024 5:44:19 PM","f33bece7-c644-0003-4915-46f344c6da01",,"Microsoft-Windows-WinRM/Operational","System.UInt32[]","System.Diagnostics.Eventing.Reader.EventBookmark","Information","Start","WSMan API call","System.Collections.ObjectModel.ReadOnlyCollection`1[System.String]","System.Collections.Generic.List`1[System.Diagnostics.Eventing.Reader.EventProperty]"
"WSMan operation Enumeration failed, error code 2150858770","142","0",,"2","10","2","4611686018427387906","960","Microsoft-Windows-WinRM","a7975c8f-ac13-49f1-87da-5a984a4ab417","Microsoft-Windows-WinRM/Operational","10196","10172","DESKTOP-3HO80GL","S-1-5-18","6/26/2024 5:36:33 PM","f33bece7-c644-0001-caf4-44f344c6da01",,"Microsoft-Windows-WinRM/Operational","System.UInt32[]","System.Diagnostics.Eventing.Reader.EventBookmark","Error","Stop","Response handling","System.Collections.ObjectModel.ReadOnlyCollection`1[System.String]","System.Collections.Generic.List`1[System.Diagnostics.Eventing.Reader.EventProperty]"
"The client cannot connect to the destination specified in the request. Verify that the service on the destination is running and is accepting requests. Consult the logs and documentation for the WS-Management service running on the destination, most commonly IIS or WinRM. If the destination is the WinRM service, run the following command on the destination to analyze and configure the WinRM service: ""winrm quickconfig"".","161","0",,"2","7","0","4611686018427387914","959","Microsoft-Windows-WinRM","a7975c8f-ac13-49f1-87da-5a984a4ab417","Microsoft-Windows-WinRM/Operational","10196","14552","DESKTOP-3HO80GL","S-1-5-18","6/26/2024 5:36:33 PM","f33bece7-c644-0007-0960-45f344c6da01",,"Microsoft-Windows-WinRM/Operational","System.UInt32[]","System.Diagnostics.Eventing.Reader.EventBookmark","Error","Info","User authentication","System.Collections.ObjectModel.ReadOnlyCollection`1[System.String]","System.Collections.Generic.List`1[System.Diagnostics.Eventing.Reader.EventProperty]"
"Activity Transfer","254","0",,"4","0","0","4611686018427387942","958","Microsoft-Windows-WinRM","a7975c8f-ac13-49f1-87da-5a984a4ab417","Microsoft-Windows-WinRM/Operational","10196","14552","DESKTOP-3HO80GL","S-1-5-18","6/26/2024 5:36:33 PM","f33bece7-c644-0007-0960-45f344c6da01","f33bece7-c644-0001-caf4-44f344c6da01","Microsoft-Windows-WinRM/Operational","System.UInt32[]","System.Diagnostics.Eventing.Reader.EventBookmark","Information","Info",,"System.Collections.ObjectModel.ReadOnlyCollection`1[System.String]","System.Collections.Generic.List`1[System.Diagnostics.Eventing.Reader.EventProperty]"
"WSMan operation Enumeration started with resourceUri http://schemas.microsoft.com/wbem/wsman/1/config/listener","145","0",,"4","5","1","4611686018427387906","957","Microsoft-Windows-WinRM","a7975c8f-ac13-49f1-87da-5a984a4ab417","Microsoft-Windows-WinRM/Operational","10196","15900","DESKTOP-3HO80GL","S-1-5-18","6/26/2024 5:36:28 PM","f33bece7-c644-0001-caf4-44f344c6da01",,"Microsoft-Windows-WinRM/Operational","System.UInt32[]","System.Diagnostics.Eventing.Reader.EventBookmark","Information","Start","WSMan API call","System.Collections.ObjectModel.ReadOnlyCollection`1[System.String]","System.Collections.Generic.List`1[System.Diagnostics.Eventing.Reader.EventProperty]"
"WSMan operation Enumeration failed, error code 2150858770","142","0",,"2","10","2","4611686018427387906","956","Microsoft-Windows-WinRM","a7975c8f-ac13-49f1-87da-5a984a4ab417","Microsoft-Windows-WinRM/Operational","9756","10484","DESKTOP-3HO80GL","S-1-5-18","6/25/2024 3:04:20 PM","f33bece7-c644-0003-e4c4-42f344c6da01",,"Microsoft-Windows-WinRM/Operational","System.UInt32[]","System.Diagnostics.Eventing.Reader.EventBookmark","Error","Stop","Response handling","System.Collections.ObjectModel.ReadOnlyCollection`1[System.String]","System.Collections.Generic.List`1[System.Diagnostics.Eventing.Reader.EventProperty]"
"The client cannot connect to the destination specified in the request. Verify that the service on the destination is running and is accepting requests. Consult the logs and documentation for the WS-Management service running on the destination, most commonly IIS or WinRM. If the destination is the WinRM service, run the following command on the destination to analyze and configure the WinRM service: ""winrm quickconfig"".","161","0",,"2","7","0","4611686018427387914","955","Microsoft-Windows-WinRM","a7975c8f-ac13-49f1-87da-5a984a4ab417","Microsoft-Windows-WinRM/Operational","9756","2340","DESKTOP-3HO80GL","S-1-5-18","6/25/2024 3:04:20 PM","f33bece7-c644-0001-4928-43f344c6da01",,"Microsoft-Windows-WinRM/Operational","System.UInt32[]","System.Diagnostics.Eventing.Reader.EventBookmark","Error","Info","User authentication","System.Collections.ObjectModel.ReadOnlyCollection`1[System.String]","System.Collections.Generic.List`1[System.Diagnostics.Eventing.Reader.EventProperty]"
"Activity Transfer","254","0",,"4","0","0","4611686018427387942","954","Microsoft-Windows-WinRM","a7975c8f-ac13-49f1-87da-5a984a4ab417","Microsoft-Windows-WinRM/Operational","9756","2340","DESKTOP-3HO80GL","S-1-5-18","6/25/2024 3:04:20 PM","f33bece7-c644-0001-4928-43f344c6da01","f33bece7-c644-0003-e4c4-42f344c6da01","Microsoft-Windows-WinRM/Operational","System.UInt32[]","System.Diagnostics.Eventing.Reader.EventBookmark","Information","Info",,"System.Collections.ObjectModel.ReadOnlyCollection`1[System.String]","System.Collections.Generic.List`1[System.Diagnostics.Eventing.Reader.EventProperty]"
"WSMan operation Enumeration started with resourceUri http://schemas.microsoft.com/wbem/wsman/1/config/listener","145","0",,"4","5","1","4611686018427387906","953","Microsoft-Windows-WinRM","a7975c8f-ac13-49f1-87da-5a984a4ab417","Microsoft-Windows-WinRM/Operational","9756","11592","DESKTOP-3HO80GL","S-1-5-18","6/25/2024 3:04:16 PM","f33bece7-c644-0003-e4c4-42f344c6da01",,"Microsoft-Windows-WinRM/Operational","System.UInt32[]","System.Diagnostics.Eventing.Reader.EventBookmark","Information","Start","WSMan API call","System.Collections.ObjectModel.ReadOnlyCollection`1[System.String]","System.Collections.Generic.List`1[System.Diagnostics.Eventing.Reader.EventProperty]"
"WSMan operation Enumeration failed, error code 2150858770","142","0",,"2","10","2","4611686018427387906","952","Microsoft-Windows-WinRM","a7975c8f-ac13-49f1-87da-5a984a4ab417","Microsoft-Windows-WinRM/Operational","13268","13300","DESKTOP-3HO80GL","S-1-5-18","6/24/2024 8:42:40 PM","f33bece7-c644-0003-486e-3ff344c6da01",,"Microsoft-Windows-WinRM/Operational","System.UInt32[]","System.Diagnostics.Eventing.Reader.EventBookmark","Error","Stop","Response handling","System.Collections.ObjectModel.ReadOnlyCollection`1[System.String]","System.Collections.Generic.List`1[System.Diagnostics.Eventing.Reader.EventProperty]"
"The client cannot connect to the destination specified in the request. Verify that the service on the destination is running and is accepting requests. Consult the logs and documentation for the WS-Management service running on the destination, most commonly IIS or WinRM. If the destination is the WinRM service, run the following command on the destination to analyze and configure the WinRM service: ""winrm quickconfig"".","161","0",,"2","7","0","4611686018427387914","951","Microsoft-Windows-WinRM","a7975c8f-ac13-49f1-87da-5a984a4ab417","Microsoft-Windows-WinRM/Operational","13268","13296","DESKTOP-3HO80GL","S-1-5-18","6/24/2024 8:42:40 PM","f33bece7-c644-0001-6a3f-40f344c6da01",,"Microsoft-Windows-WinRM/Operational","System.UInt32[]","System.Diagnostics.Eventing.Reader.EventBookmark","Error","Info","User authentication","System.Collections.ObjectModel.ReadOnlyCollection`1[System.String]","System.Collections.Generic.List`1[System.Diagnostics.Eventing.Reader.EventProperty]"
"Activity Transfer","254","0",,"4","0","0","4611686018427387942","950","Microsoft-Windows-WinRM","a7975c8f-ac13-49f1-87da-5a984a4ab417","Microsoft-Windows-WinRM/Operational","13268","13296","DESKTOP-3HO80GL","S-1-5-18","6/24/2024 8:42:40 PM","f33bece7-c644-0001-6a3f-40f344c6da01","f33bece7-c644-0003-486e-3ff344c6da01","Microsoft-Windows-WinRM/Operational","System.UInt32[]","System.Diagnostics.Eventing.Reader.EventBookmark","Information","Info",,"System.Collections.ObjectModel.ReadOnlyCollection`1[System.String]","System.Collections.Generic.List`1[System.Diagnostics.Eventing.Reader.EventProperty]"
"WSMan operation Enumeration started with resourceUri http://schemas.microsoft.com/wbem/wsman/1/config/listener","145","0",,"4","5","1","4611686018427387906","949","Microsoft-Windows-WinRM","a7975c8f-ac13-49f1-87da-5a984a4ab417","Microsoft-Windows-WinRM/Operational","13268","13288","DESKTOP-3HO80GL","S-1-5-18","6/24/2024 8:42:36 PM","f33bece7-c644-0003-486e-3ff344c6da01",,"Microsoft-Windows-WinRM/Operational","System.UInt32[]","System.Diagnostics.Eventing.Reader.EventBookmark","Information","Start","WSMan API call","System.Collections.ObjectModel.ReadOnlyCollection`1[System.String]","System.Collections.Generic.List`1[System.Diagnostics.Eventing.Reader.EventProperty]"
"WSMan operation Enumeration failed, error code 2150858770","142","0",,"2","10","2","4611686018427387906","948","Microsoft-Windows-WinRM","a7975c8f-ac13-49f1-87da-5a984a4ab417","Microsoft-Windows-WinRM/Operational","13676","8732","DESKTOP-3HO80GL","S-1-5-18","6/24/2024 4:39:44 PM","cfb467ff-c161-0005-545b-fdcf61c1da01",,"Microsoft-Windows-WinRM/Operational","System.UInt32[]","System.Diagnostics.Eventing.Reader.EventBookmark","Error","Stop","Response handling","System.Collections.ObjectModel.ReadOnlyCollection`1[System.String]","System.Collections.Generic.List`1[System.Diagnostics.Eventing.Reader.EventProperty]"
"The client cannot connect to the destination specified in the request. Verify that the service on the destination is running and is accepting requests. Consult the logs and documentation for the WS-Management service running on the destination, most commonly IIS or WinRM. If the destination is the WinRM service, run the following command on the destination to analyze and configure the WinRM service: ""winrm quickconfig"".","161","0",,"2","7","0","4611686018427387914","947","Microsoft-Windows-WinRM","a7975c8f-ac13-49f1-87da-5a984a4ab417","Microsoft-Windows-WinRM/Operational","13676","17184","DESKTOP-3HO80GL","S-1-5-18","6/24/2024 4:39:44 PM","cfb467ff-c161-0007-4074-fecf61c1da01",,"Microsoft-Windows-WinRM/Operational","System.UInt32[]","System.Diagnostics.Eventing.Reader.EventBookmark","Error","Info","User authentication","System.Collections.ObjectModel.ReadOnlyCollection`1[System.String]","System.Collections.Generic.List`1[System.Diagnostics.Eventing.Reader.EventProperty]"
"Activity Transfer","254","0",,"4","0","0","4611686018427387942","946","Microsoft-Windows-WinRM","a7975c8f-ac13-49f1-87da-5a984a4ab417","Microsoft-Windows-WinRM/Operational","13676","17184","DESKTOP-3HO80GL","S-1-5-18","6/24/2024 4:39:44 PM","cfb467ff-c161-0007-4074-fecf61c1da01","cfb467ff-c161-0005-545b-fdcf61c1da01","Microsoft-Windows-WinRM/Operational","System.UInt32[]","System.Diagnostics.Eventing.Reader.EventBookmark","Information","Info",,"System.Collections.ObjectModel.ReadOnlyCollection`1[System.String]","System.Collections.Generic.List`1[System.Diagnostics.Eventing.Reader.EventProperty]"
"WSMan operation Enumeration started with resourceUri http://schemas.microsoft.com/wbem/wsman/1/config/listener","145","0",,"4","5","1","4611686018427387906","945","Microsoft-Windows-WinRM","a7975c8f-ac13-49f1-87da-5a984a4ab417","Microsoft-Windows-WinRM/Operational","13676","16736","DESKTOP-3HO80GL","S-1-5-18","6/24/2024 4:39:40 PM","cfb467ff-c161-0005-545b-fdcf61c1da01",,"Microsoft-Windows-WinRM/Operational","System.UInt32[]","System.Diagnostics.Eventing.Reader.EventBookmark","Information","Start","WSMan API call","System.Collections.ObjectModel.ReadOnlyCollection`1[System.String]","System.Collections.Generic.List`1[System.Diagnostics.Eventing.Reader.EventProperty]"
"WSMan operation Enumeration failed, error code 2150858770","142","0",,"2","10","2","4611686018427387906","944","Microsoft-Windows-WinRM","a7975c8f-ac13-49f1-87da-5a984a4ab417","Microsoft-Windows-WinRM/Operational","15492","10748","DESKTOP-3HO80GL","S-1-5-18","6/24/2024 12:52:41 AM","cfb467ff-c161-0001-8d77-f7cf61c1da01",,"Microsoft-Windows-WinRM/Operational","System.UInt32[]","System.Diagnostics.Eventing.Reader.EventBookmark","Error","Stop","Response handling","System.Collections.ObjectModel.ReadOnlyCollection`1[System.String]","System.Collections.Generic.List`1[System.Diagnostics.Eventing.Reader.EventProperty]"
